<?xml version="1.0" encoding="UTF-8"?>
<coverage generated="1647945182306" clover="3.2.0">
  <project timestamp="1647945182306" name="All files">
    <metrics statements="346" coveredstatements="205" conditionals="56" coveredconditionals="24" methods="88" coveredmethods="54" elements="490" coveredelements="283" complexity="0" loc="346" ncloc="346" packages="30" files="52" classes="52"/>
    <package name="src">
      <metrics statements="12" coveredstatements="0" conditionals="10" coveredconditionals="0" methods="3" coveredmethods="0"/>
      <file name="App.tsx" path="/home/mdsame/Documents/zemoso-training/react/blinkist/MyApp/blinkist/src/App.tsx">
        <metrics statements="2" coveredstatements="0" conditionals="6" coveredconditionals="0" methods="1" coveredmethods="0"/>
        <line num="7" count="0" type="stmt"/>
        <line num="8" count="0" type="stmt"/>
      </file>
      <file name="index.tsx" path="/home/mdsame/Documents/zemoso-training/react/blinkist/MyApp/blinkist/src/index.tsx">
        <metrics statements="2" coveredstatements="0" conditionals="0" coveredconditionals="0" methods="0" coveredmethods="0"/>
        <line num="9" count="0" type="stmt"/>
        <line num="21" count="0" type="stmt"/>
      </file>
      <file name="reportWebVitals.ts" path="/home/mdsame/Documents/zemoso-training/react/blinkist/MyApp/blinkist/src/reportWebVitals.ts">
        <metrics statements="8" coveredstatements="0" conditionals="4" coveredconditionals="0" methods="2" coveredmethods="0"/>
        <line num="3" count="0" type="stmt"/>
        <line num="4" count="0" type="cond" truecount="0" falsecount="4"/>
        <line num="5" count="0" type="stmt"/>
        <line num="6" count="0" type="stmt"/>
        <line num="7" count="0" type="stmt"/>
        <line num="8" count="0" type="stmt"/>
        <line num="9" count="0" type="stmt"/>
        <line num="10" count="0" type="stmt"/>
      </file>
    </package>
    <package name="src.Pages.BookDetailPage">
      <metrics statements="2" coveredstatements="2" conditionals="0" coveredconditionals="0" methods="1" coveredmethods="1"/>
      <file name="BookDetailPage.tsx" path="/home/mdsame/Documents/zemoso-training/react/blinkist/MyApp/blinkist/src/Pages/BookDetailPage/BookDetailPage.tsx">
        <metrics statements="2" coveredstatements="2" conditionals="0" coveredconditionals="0" methods="1" coveredmethods="1"/>
        <line num="6" count="1" type="stmt"/>
        <line num="7" count="1" type="stmt"/>
      </file>
    </package>
    <package name="src.Pages.EntrepreneurPage">
      <metrics statements="2" coveredstatements="2" conditionals="0" coveredconditionals="0" methods="1" coveredmethods="1"/>
      <file name="EntrepreneurPage.tsx" path="/home/mdsame/Documents/zemoso-training/react/blinkist/MyApp/blinkist/src/Pages/EntrepreneurPage/EntrepreneurPage.tsx">
        <metrics statements="2" coveredstatements="2" conditionals="0" coveredconditionals="0" methods="1" coveredmethods="1"/>
        <line num="10" count="1" type="stmt"/>
        <line num="11" count="2" type="stmt"/>
      </file>
    </package>
    <package name="src.Pages.LandingPage">
      <metrics statements="2" coveredstatements="2" conditionals="0" coveredconditionals="0" methods="1" coveredmethods="1"/>
      <file name="LandingPage.tsx" path="/home/mdsame/Documents/zemoso-training/react/blinkist/MyApp/blinkist/src/Pages/LandingPage/LandingPage.tsx">
        <metrics statements="2" coveredstatements="2" conditionals="0" coveredconditionals="0" methods="1" coveredmethods="1"/>
        <line num="6" count="1" type="stmt"/>
        <line num="7" count="1" type="stmt"/>
      </file>
    </package>
    <package name="src.Pages.LibraryPage">
      <metrics statements="2" coveredstatements="2" conditionals="0" coveredconditionals="0" methods="1" coveredmethods="1"/>
      <file name="LibraryPage.tsx" path="/home/mdsame/Documents/zemoso-training/react/blinkist/MyApp/blinkist/src/Pages/LibraryPage/LibraryPage.tsx">
        <metrics statements="2" coveredstatements="2" conditionals="0" coveredconditionals="0" methods="1" coveredmethods="1"/>
        <line num="8" count="1" type="stmt"/>
        <line num="9" count="1" type="stmt"/>
      </file>
    </package>
    <package name="src.api">
      <metrics statements="0" coveredstatements="0" conditionals="0" coveredconditionals="0" methods="0" coveredmethods="0"/>
      <file name="library.tsx" path="/home/mdsame/Documents/zemoso-training/react/blinkist/MyApp/blinkist/src/api/library.tsx">
        <metrics statements="0" coveredstatements="0" conditionals="0" coveredconditionals="0" methods="0" coveredmethods="0"/>
      </file>
    </package>
    <package name="src.auth0">
      <metrics statements="7" coveredstatements="6" conditionals="0" coveredconditionals="0" methods="2" coveredmethods="1"/>
      <file name="auth0ProviderComponent.tsx" path="/home/mdsame/Documents/zemoso-training/react/blinkist/MyApp/blinkist/src/auth0/auth0ProviderComponent.tsx">
        <metrics statements="7" coveredstatements="6" conditionals="0" coveredconditionals="0" methods="2" coveredmethods="1"/>
        <line num="8" count="2" type="stmt"/>
        <line num="9" count="5" type="stmt"/>
        <line num="10" count="3" type="stmt"/>
        <line num="11" count="3" type="stmt"/>
        <line num="13" count="3" type="stmt"/>
        <line num="14" count="0" type="stmt"/>
        <line num="17" count="3" type="stmt"/>
      </file>
    </package>
    <package name="src.components.atoms.Icons">
      <metrics statements="8" coveredstatements="2" conditionals="2" coveredconditionals="2" methods="2" coveredmethods="1"/>
      <file name="IconButtonComponent.stories.tsx" path="/home/mdsame/Documents/zemoso-training/react/blinkist/MyApp/blinkist/src/components/atoms/Icons/IconButtonComponent.stories.tsx">
        <metrics statements="6" coveredstatements="0" conditionals="0" coveredconditionals="0" methods="1" coveredmethods="0"/>
        <line num="12" count="0" type="stmt"/>
        <line num="13" count="0" type="stmt"/>
        <line num="16" count="0" type="stmt"/>
        <line num="17" count="0" type="stmt"/>
        <line num="21" count="0" type="stmt"/>
        <line num="22" count="0" type="stmt"/>
      </file>
      <file name="IconButtonComponent.tsx" path="/home/mdsame/Documents/zemoso-training/react/blinkist/MyApp/blinkist/src/components/atoms/Icons/IconButtonComponent.tsx">
        <metrics statements="2" coveredstatements="2" conditionals="2" coveredconditionals="2" methods="1" coveredmethods="1"/>
        <line num="12" count="17" type="stmt"/>
        <line num="13" count="356" type="stmt"/>
      </file>
    </package>
    <package name="src.components.atoms.Logo">
      <metrics statements="4" coveredstatements="2" conditionals="0" coveredconditionals="0" methods="2" coveredmethods="1"/>
      <file name="Logo.stories.tsx" path="/home/mdsame/Documents/zemoso-training/react/blinkist/MyApp/blinkist/src/components/atoms/Logo/Logo.stories.tsx">
        <metrics statements="2" coveredstatements="0" conditionals="0" coveredconditionals="0" methods="1" coveredmethods="0"/>
        <line num="9" count="0" type="stmt"/>
        <line num="11" count="0" type="stmt"/>
      </file>
      <file name="Logo.tsx" path="/home/mdsame/Documents/zemoso-training/react/blinkist/MyApp/blinkist/src/components/atoms/Logo/Logo.tsx">
        <metrics statements="2" coveredstatements="2" conditionals="0" coveredconditionals="0" methods="1" coveredmethods="1"/>
        <line num="7" count="10" type="stmt"/>
        <line num="8" count="20" type="stmt"/>
      </file>
    </package>
    <package name="src.components.atoms.Typography">
      <metrics statements="12" coveredstatements="2" conditionals="0" coveredconditionals="0" methods="2" coveredmethods="1"/>
      <file name="Typography.stories.tsx" path="/home/mdsame/Documents/zemoso-training/react/blinkist/MyApp/blinkist/src/components/atoms/Typography/Typography.stories.tsx">
        <metrics statements="10" coveredstatements="0" conditionals="0" coveredconditionals="0" methods="1" coveredmethods="0"/>
        <line num="9" count="0" type="stmt"/>
        <line num="10" count="0" type="stmt"/>
        <line num="13" count="0" type="stmt"/>
        <line num="14" count="0" type="stmt"/>
        <line num="19" count="0" type="stmt"/>
        <line num="20" count="0" type="stmt"/>
        <line num="25" count="0" type="stmt"/>
        <line num="26" count="0" type="stmt"/>
        <line num="31" count="0" type="stmt"/>
        <line num="32" count="0" type="stmt"/>
      </file>
      <file name="Typography.tsx" path="/home/mdsame/Documents/zemoso-training/react/blinkist/MyApp/blinkist/src/components/atoms/Typography/Typography.tsx">
        <metrics statements="2" coveredstatements="2" conditionals="0" coveredconditionals="0" methods="1" coveredmethods="1"/>
        <line num="24" count="21" type="stmt"/>
        <line num="25" count="884" type="stmt"/>
      </file>
    </package>
    <package name="src.components.molecules.AddButton">
      <metrics statements="10" coveredstatements="3" conditionals="0" coveredconditionals="0" methods="2" coveredmethods="1"/>
      <file name="AddButton.stories.tsx" path="/home/mdsame/Documents/zemoso-training/react/blinkist/MyApp/blinkist/src/components/molecules/AddButton/AddButton.stories.tsx">
        <metrics statements="7" coveredstatements="0" conditionals="0" coveredconditionals="0" methods="1" coveredmethods="0"/>
        <line num="8" count="0" type="stmt"/>
        <line num="36" count="0" type="stmt"/>
        <line num="37" count="0" type="stmt"/>
        <line num="42" count="0" type="stmt"/>
        <line num="44" count="0" type="stmt"/>
        <line num="58" count="0" type="stmt"/>
        <line num="60" count="0" type="stmt"/>
      </file>
      <file name="AddButton.tsx" path="/home/mdsame/Documents/zemoso-training/react/blinkist/MyApp/blinkist/src/components/molecules/AddButton/AddButton.tsx">
        <metrics statements="3" coveredstatements="3" conditionals="0" coveredconditionals="0" methods="1" coveredmethods="1"/>
        <line num="13" count="13" type="stmt"/>
        <line num="25" count="13" type="stmt"/>
        <line num="26" count="161" type="stmt"/>
      </file>
    </package>
    <package name="src.components.molecules.Dropdown">
      <metrics statements="10" coveredstatements="4" conditionals="2" coveredconditionals="2" methods="2" coveredmethods="1"/>
      <file name="Dropdown.stories.tsx" path="/home/mdsame/Documents/zemoso-training/react/blinkist/MyApp/blinkist/src/components/molecules/Dropdown/Dropdown.stories.tsx">
        <metrics statements="6" coveredstatements="0" conditionals="0" coveredconditionals="0" methods="1" coveredmethods="0"/>
        <line num="10" count="0" type="stmt"/>
        <line num="11" count="0" type="stmt"/>
        <line num="14" count="0" type="stmt"/>
        <line num="15" count="0" type="stmt"/>
        <line num="19" count="0" type="stmt"/>
        <line num="20" count="0" type="stmt"/>
      </file>
      <file name="Dropdown.tsx" path="/home/mdsame/Documents/zemoso-training/react/blinkist/MyApp/blinkist/src/components/molecules/Dropdown/Dropdown.tsx">
        <metrics statements="4" coveredstatements="4" conditionals="2" coveredconditionals="2" methods="1" coveredmethods="1"/>
        <line num="16" count="9" type="stmt"/>
        <line num="34" count="9" type="stmt"/>
        <line num="35" count="2" type="stmt"/>
        <line num="36" count="2" type="stmt"/>
      </file>
    </package>
    <package name="src.components.molecules.IconWithTypography">
      <metrics statements="12" coveredstatements="4" conditionals="0" coveredconditionals="0" methods="2" coveredmethods="1"/>
      <file name="IconWithTypography.stories.tsx" path="/home/mdsame/Documents/zemoso-training/react/blinkist/MyApp/blinkist/src/components/molecules/IconWithTypography/IconWithTypography.stories.tsx">
        <metrics statements="8" coveredstatements="0" conditionals="0" coveredconditionals="0" methods="1" coveredmethods="0"/>
        <line num="12" count="0" type="stmt"/>
        <line num="13" count="0" type="stmt"/>
        <line num="16" count="0" type="stmt"/>
        <line num="17" count="0" type="stmt"/>
        <line num="23" count="0" type="stmt"/>
        <line num="24" count="0" type="stmt"/>
        <line num="30" count="0" type="stmt"/>
        <line num="31" count="0" type="stmt"/>
      </file>
      <file name="IconWithTypography.tsx" path="/home/mdsame/Documents/zemoso-training/react/blinkist/MyApp/blinkist/src/components/molecules/IconWithTypography/IconWithTypography.tsx">
        <metrics statements="4" coveredstatements="4" conditionals="0" coveredconditionals="0" methods="1" coveredmethods="1"/>
        <line num="27" count="15" type="stmt"/>
        <line num="37" count="15" type="stmt"/>
        <line num="38" count="351" type="stmt"/>
        <line num="39" count="346" type="stmt"/>
      </file>
    </package>
    <package name="src.components.molecules.SearchBar">
      <metrics statements="11" coveredstatements="9" conditionals="0" coveredconditionals="0" methods="3" coveredmethods="2"/>
      <file name="SearchBar.stories.tsx" path="/home/mdsame/Documents/zemoso-training/react/blinkist/MyApp/blinkist/src/components/molecules/SearchBar/SearchBar.stories.tsx">
        <metrics statements="2" coveredstatements="0" conditionals="0" coveredconditionals="0" methods="1" coveredmethods="0"/>
        <line num="9" count="0" type="stmt"/>
        <line num="11" count="0" type="stmt"/>
      </file>
      <file name="SearchBar.tsx" path="/home/mdsame/Documents/zemoso-training/react/blinkist/MyApp/blinkist/src/components/molecules/SearchBar/SearchBar.tsx">
        <metrics statements="9" coveredstatements="9" conditionals="0" coveredconditionals="0" methods="2" coveredmethods="2"/>
        <line num="6" count="3" type="stmt"/>
        <line num="17" count="3" type="stmt"/>
        <line num="25" count="3" type="stmt"/>
        <line num="30" count="3" type="stmt"/>
        <line num="31" count="4" type="stmt"/>
        <line num="32" count="4" type="stmt"/>
        <line num="33" count="4" type="stmt"/>
        <line num="34" count="4" type="stmt"/>
        <line num="46" count="1" type="stmt"/>
      </file>
    </package>
    <package name="src.components.organisms.Banner">
      <metrics statements="13" coveredstatements="8" conditionals="0" coveredconditionals="0" methods="3" coveredmethods="1"/>
      <file name="Banner.stories.tsx" path="/home/mdsame/Documents/zemoso-training/react/blinkist/MyApp/blinkist/src/components/organisms/Banner/Banner.stories.tsx">
        <metrics statements="5" coveredstatements="0" conditionals="0" coveredconditionals="0" methods="2" coveredmethods="0"/>
        <line num="5" count="0" type="stmt"/>
        <line num="24" count="0" type="stmt"/>
        <line num="27" count="0" type="stmt"/>
        <line num="29" count="0" type="stmt"/>
        <line num="30" count="0" type="stmt"/>
      </file>
      <file name="Banner.tsx" path="/home/mdsame/Documents/zemoso-training/react/blinkist/MyApp/blinkist/src/components/organisms/Banner/Banner.tsx">
        <metrics statements="8" coveredstatements="8" conditionals="0" coveredconditionals="0" methods="1" coveredmethods="1"/>
        <line num="11" count="3" type="stmt"/>
        <line num="34" count="3" type="stmt"/>
        <line num="43" count="3" type="stmt"/>
        <line num="52" count="3" type="stmt"/>
        <line num="57" count="3" type="stmt"/>
        <line num="62" count="3" type="stmt"/>
        <line num="64" count="3" type="stmt"/>
        <line num="65" count="3" type="stmt"/>
      </file>
    </package>
    <package name="src.components.organisms.BookTab">
      <metrics statements="14" coveredstatements="9" conditionals="0" coveredconditionals="0" methods="3" coveredmethods="2"/>
      <file name="BookTab.stories.tsx" path="/home/mdsame/Documents/zemoso-training/react/blinkist/MyApp/blinkist/src/components/organisms/BookTab/BookTab.stories.tsx">
        <metrics statements="5" coveredstatements="0" conditionals="0" coveredconditionals="0" methods="1" coveredmethods="0"/>
        <line num="5" count="0" type="stmt"/>
        <line num="56" count="0" type="stmt"/>
        <line num="57" count="0" type="stmt"/>
        <line num="62" count="0" type="stmt"/>
        <line num="63" count="0" type="stmt"/>
      </file>
      <file name="BookTab.tsx" path="/home/mdsame/Documents/zemoso-training/react/blinkist/MyApp/blinkist/src/components/organisms/BookTab/BookTab.tsx">
        <metrics statements="9" coveredstatements="9" conditionals="0" coveredconditionals="0" methods="2" coveredmethods="2"/>
        <line num="12" count="4" type="stmt"/>
        <line num="58" count="4" type="stmt"/>
        <line num="66" count="4" type="stmt"/>
        <line num="71" count="4" type="stmt"/>
        <line num="72" count="11" type="stmt"/>
        <line num="74" count="11" type="stmt"/>
        <line num="75" count="2" type="stmt"/>
        <line num="78" count="11" type="stmt"/>
        <line num="80" count="11" type="stmt"/>
      </file>
    </package>
    <package name="src.components.organisms.BookView">
      <metrics statements="30" coveredstatements="23" conditionals="2" coveredconditionals="2" methods="8" coveredmethods="7"/>
      <file name="BookView.stories.tsx" path="/home/mdsame/Documents/zemoso-training/react/blinkist/MyApp/blinkist/src/components/organisms/BookView/BookView.stories.tsx">
        <metrics statements="5" coveredstatements="0" conditionals="0" coveredconditionals="0" methods="1" coveredmethods="0"/>
        <line num="10" count="0" type="stmt"/>
        <line num="59" count="0" type="stmt"/>
        <line num="60" count="0" type="stmt"/>
        <line num="65" count="0" type="stmt"/>
        <line num="66" count="0" type="stmt"/>
      </file>
      <file name="BookView.tsx" path="/home/mdsame/Documents/zemoso-training/react/blinkist/MyApp/blinkist/src/components/organisms/BookView/BookView.tsx">
        <metrics statements="25" coveredstatements="23" conditionals="2" coveredconditionals="2" methods="7" coveredmethods="7"/>
        <line num="29" count="3" type="stmt"/>
        <line num="36" count="3" type="stmt"/>
        <line num="43" count="3" type="stmt"/>
        <line num="48" count="3" type="stmt"/>
        <line num="52" count="3" type="stmt"/>
        <line num="57" count="3" type="stmt"/>
        <line num="58" count="8" type="stmt"/>
        <line num="73" count="8" type="stmt"/>
        <line num="75" count="8" type="stmt"/>
        <line num="76" count="1" type="stmt"/>
        <line num="79" count="8" type="stmt"/>
        <line num="80" count="1" type="stmt"/>
        <line num="83" count="8" type="stmt"/>
        <line num="84" count="1" type="stmt"/>
        <line num="85" count="1" type="stmt"/>
        <line num="88" count="8" type="stmt"/>
        <line num="89" count="6" type="stmt"/>
        <line num="90" count="6" type="stmt"/>
        <line num="91" count="0" type="stmt"/>
        <line num="92" count="0" type="stmt"/>
        <line num="94" count="6" type="stmt"/>
        <line num="98" count="8" type="cond" truecount="2" falsecount="0"/>
        <line num="99" count="1" type="stmt"/>
        <line num="102" count="8" type="stmt"/>
        <line num="156" count="1" type="stmt"/>
      </file>
    </package>
    <package name="src.components.organisms.Card">
      <metrics statements="38" coveredstatements="17" conditionals="12" coveredconditionals="9" methods="9" coveredmethods="3"/>
      <file name="Card.stories.tsx" path="/home/mdsame/Documents/zemoso-training/react/blinkist/MyApp/blinkist/src/components/organisms/Card/Card.stories.tsx">
        <metrics statements="9" coveredstatements="0" conditionals="0" coveredconditionals="0" methods="1" coveredmethods="0"/>
        <line num="6" count="0" type="stmt"/>
        <line num="42" count="0" type="stmt"/>
        <line num="43" count="0" type="stmt"/>
        <line num="48" count="0" type="stmt"/>
        <line num="49" count="0" type="stmt"/>
        <line num="58" count="0" type="stmt"/>
        <line num="59" count="0" type="stmt"/>
        <line num="68" count="0" type="stmt"/>
        <line num="69" count="0" type="stmt"/>
      </file>
      <file name="Card.tsx" path="/home/mdsame/Documents/zemoso-training/react/blinkist/MyApp/blinkist/src/components/organisms/Card/Card.tsx">
        <metrics statements="29" coveredstatements="17" conditionals="12" coveredconditionals="9" methods="8" coveredmethods="3"/>
        <line num="30" count="7" type="stmt"/>
        <line num="61" count="7" type="stmt"/>
        <line num="162" count="7" type="stmt"/>
        <line num="163" count="129" type="stmt"/>
        <line num="165" count="125" type="stmt"/>
        <line num="180" count="125" type="stmt"/>
        <line num="181" count="0" type="cond" truecount="0" falsecount="2"/>
        <line num="182" count="0" type="stmt"/>
        <line num="184" count="0" type="stmt"/>
        <line num="186" count="0" type="stmt"/>
        <line num="189" count="125" type="stmt"/>
        <line num="190" count="95" type="stmt"/>
        <line num="191" count="95" type="stmt"/>
        <line num="192" count="0" type="stmt"/>
        <line num="193" count="0" type="stmt"/>
        <line num="195" count="95" type="stmt"/>
        <line num="198" count="125" type="stmt"/>
        <line num="199" count="0" type="stmt"/>
        <line num="202" count="125" type="stmt"/>
        <line num="203" count="0" type="stmt"/>
        <line num="209" count="125" type="cond" truecount="1" falsecount="1"/>
        <line num="210" count="0" type="stmt"/>
        <line num="214" count="0" type="stmt"/>
        <line num="219" count="125" type="stmt"/>
        <line num="222" count="125" type="stmt"/>
        <line num="225" count="125" type="stmt"/>
        <line num="227" count="125" type="stmt"/>
        <line num="264" count="0" type="stmt"/>
        <line num="274" count="0" type="stmt"/>
      </file>
    </package>
    <package name="src.components.organisms.DisplayCard">
      <metrics statements="26" coveredstatements="20" conditionals="8" coveredconditionals="5" methods="9" coveredmethods="8"/>
      <file name="DisplayCard.stories.tsx" path="/home/mdsame/Documents/zemoso-training/react/blinkist/MyApp/blinkist/src/components/organisms/DisplayCard/DisplayCard.stories.tsx">
        <metrics statements="5" coveredstatements="0" conditionals="0" coveredconditionals="0" methods="1" coveredmethods="0"/>
        <line num="7" count="0" type="stmt"/>
        <line num="29" count="0" type="stmt"/>
        <line num="30" count="0" type="stmt"/>
        <line num="37" count="0" type="stmt"/>
        <line num="38" count="0" type="stmt"/>
      </file>
      <file name="DisplayCard.tsx" path="/home/mdsame/Documents/zemoso-training/react/blinkist/MyApp/blinkist/src/components/organisms/DisplayCard/DisplayCard.tsx">
        <metrics statements="21" coveredstatements="20" conditionals="8" coveredconditionals="5" methods="8" coveredmethods="8"/>
        <line num="30" count="3" type="stmt"/>
        <line num="47" count="3" type="stmt"/>
        <line num="56" count="3" type="stmt"/>
        <line num="67" count="3" type="stmt"/>
        <line num="68" count="20" type="stmt"/>
        <line num="70" count="17" type="stmt"/>
        <line num="71" count="8" type="cond" truecount="2" falsecount="0"/>
        <line num="72" count="11" type="stmt"/>
        <line num="74" count="7" type="cond" truecount="2" falsecount="0"/>
        <line num="75" count="11" type="stmt"/>
        <line num="76" count="66" type="stmt"/>
        <line num="80" count="17" type="stmt"/>
        <line num="81" count="17" type="stmt"/>
        <line num="83" count="17" type="stmt"/>
        <line num="84" count="1" type="cond" truecount="1" falsecount="1"/>
        <line num="85" count="0" type="cond" truecount="0" falsecount="2"/>
        <line num="87" count="1" type="stmt"/>
        <line num="90" count="17" type="stmt"/>
        <line num="91" count="17" type="stmt"/>
        <line num="100" count="118" type="stmt"/>
        <line num="111" count="1" type="stmt"/>
      </file>
    </package>
    <package name="src.components.organisms.ExtendedNav">
      <metrics statements="18" coveredstatements="13" conditionals="2" coveredconditionals="0" methods="5" coveredmethods="3"/>
      <file name="ExtendedNav.stories.tsx" path="/home/mdsame/Documents/zemoso-training/react/blinkist/MyApp/blinkist/src/components/organisms/ExtendedNav/ExtendedNav.stories.tsx">
        <metrics statements="4" coveredstatements="0" conditionals="0" coveredconditionals="0" methods="1" coveredmethods="0"/>
        <line num="6" count="0" type="stmt"/>
        <line num="26" count="0" type="stmt"/>
        <line num="27" count="0" type="stmt"/>
        <line num="34" count="0" type="stmt"/>
      </file>
      <file name="ExtendedNav.tsx" path="/home/mdsame/Documents/zemoso-training/react/blinkist/MyApp/blinkist/src/components/organisms/ExtendedNav/ExtendedNav.tsx">
        <metrics statements="14" coveredstatements="13" conditionals="2" coveredconditionals="0" methods="4" coveredmethods="3"/>
        <line num="10" count="9" type="stmt"/>
        <line num="25" count="9" type="stmt"/>
        <line num="75" count="9" type="stmt"/>
        <line num="86" count="9" type="stmt"/>
        <line num="87" count="3" type="stmt"/>
        <line num="92" count="2" type="stmt"/>
        <line num="93" count="1" type="stmt"/>
        <line num="99" count="2" type="stmt"/>
        <line num="101" count="2" type="stmt"/>
        <line num="103" count="2" type="stmt"/>
        <line num="105" count="2" type="stmt"/>
        <line num="106" count="0" type="cond" truecount="0" falsecount="2"/>
        <line num="109" count="2" type="stmt"/>
        <line num="124" count="36" type="stmt"/>
      </file>
    </package>
    <package name="src.components.organisms.Footer">
      <metrics statements="18" coveredstatements="14" conditionals="0" coveredconditionals="0" methods="3" coveredmethods="2"/>
      <file name="Footer.stories.tsx" path="/home/mdsame/Documents/zemoso-training/react/blinkist/MyApp/blinkist/src/components/organisms/Footer/Footer.stories.tsx">
        <metrics statements="4" coveredstatements="0" conditionals="0" coveredconditionals="0" methods="1" coveredmethods="0"/>
        <line num="5" count="0" type="stmt"/>
        <line num="32" count="0" type="stmt"/>
        <line num="33" count="0" type="stmt"/>
        <line num="38" count="0" type="stmt"/>
      </file>
      <file name="Footer.tsx" path="/home/mdsame/Documents/zemoso-training/react/blinkist/MyApp/blinkist/src/components/organisms/Footer/Footer.tsx">
        <metrics statements="14" coveredstatements="14" conditionals="0" coveredconditionals="0" methods="2" coveredmethods="2"/>
        <line num="10" count="8" type="stmt"/>
        <line num="32" count="8" type="stmt"/>
        <line num="34" count="8" type="stmt"/>
        <line num="36" count="8" type="stmt"/>
        <line num="47" count="8" type="stmt"/>
        <line num="57" count="8" type="stmt"/>
        <line num="62" count="8" type="stmt"/>
        <line num="68" count="8" type="stmt"/>
        <line num="74" count="8" type="stmt"/>
        <line num="82" count="8" type="stmt"/>
        <line num="83" count="8" type="stmt"/>
        <line num="85" count="8" type="stmt"/>
        <line num="86" count="8" type="stmt"/>
        <line num="89" count="8" type="stmt"/>
      </file>
    </package>
    <package name="src.components.organisms.FooterNav">
      <metrics statements="14" coveredstatements="6" conditionals="0" coveredconditionals="0" methods="3" coveredmethods="2"/>
      <file name="FooterNav.stories.tsx" path="/home/mdsame/Documents/zemoso-training/react/blinkist/MyApp/blinkist/src/components/organisms/FooterNav/FooterNav.stories.tsx">
        <metrics statements="8" coveredstatements="0" conditionals="0" coveredconditionals="0" methods="1" coveredmethods="0"/>
        <line num="10" count="0" type="stmt"/>
        <line num="11" count="0" type="stmt"/>
        <line num="14" count="0" type="stmt"/>
        <line num="16" count="0" type="stmt"/>
        <line num="21" count="0" type="stmt"/>
        <line num="23" count="0" type="stmt"/>
        <line num="28" count="0" type="stmt"/>
        <line num="30" count="0" type="stmt"/>
      </file>
      <file name="FooterNav.tsx" path="/home/mdsame/Documents/zemoso-training/react/blinkist/MyApp/blinkist/src/components/organisms/FooterNav/FooterNav.tsx">
        <metrics statements="6" coveredstatements="6" conditionals="0" coveredconditionals="0" methods="2" coveredmethods="2"/>
        <line num="10" count="9" type="stmt"/>
        <line num="32" count="9" type="stmt"/>
        <line num="37" count="9" type="stmt"/>
        <line num="41" count="9" type="stmt"/>
        <line num="42" count="27" type="stmt"/>
        <line num="47" count="117" type="stmt"/>
      </file>
    </package>
    <package name="src.components.organisms.Header">
      <metrics statements="30" coveredstatements="13" conditionals="18" coveredconditionals="4" methods="8" coveredmethods="2"/>
      <file name="Header.stories.tsx" path="/home/mdsame/Documents/zemoso-training/react/blinkist/MyApp/blinkist/src/components/organisms/Header/Header.stories.tsx">
        <metrics statements="4" coveredstatements="0" conditionals="0" coveredconditionals="0" methods="1" coveredmethods="0"/>
        <line num="6" count="0" type="stmt"/>
        <line num="28" count="0" type="stmt"/>
        <line num="29" count="0" type="stmt"/>
        <line num="36" count="0" type="stmt"/>
      </file>
      <file name="Header.tsx" path="/home/mdsame/Documents/zemoso-training/react/blinkist/MyApp/blinkist/src/components/organisms/Header/Header.tsx">
        <metrics statements="26" coveredstatements="13" conditionals="18" coveredconditionals="4" methods="7" coveredmethods="2"/>
        <line num="21" count="8" type="stmt"/>
        <line num="38" count="9" type="stmt"/>
        <line num="84" count="8" type="stmt"/>
        <line num="85" count="11" type="stmt"/>
        <line num="86" count="11" type="stmt"/>
        <line num="87" count="11" type="stmt"/>
        <line num="90" count="11" type="stmt"/>
        <line num="94" count="11" type="stmt"/>
        <line num="96" count="11" type="stmt"/>
        <line num="98" count="11" type="stmt"/>
        <line num="99" count="0" type="cond" truecount="0" falsecount="2"/>
        <line num="101" count="0" type="cond" truecount="0" falsecount="2"/>
        <line num="102" count="0" type="stmt"/>
        <line num="104" count="0" type="stmt"/>
        <line num="108" count="11" type="stmt"/>
        <line num="109" count="0" type="cond" truecount="0" falsecount="2"/>
        <line num="111" count="0" type="cond" truecount="0" falsecount="2"/>
        <line num="112" count="0" type="stmt"/>
        <line num="114" count="0" type="stmt"/>
        <line num="118" count="11" type="stmt"/>
        <line num="119" count="11" type="stmt"/>
        <line num="140" count="0" type="cond" truecount="0" falsecount="2"/>
        <line num="157" count="0" type="stmt"/>
        <line num="158" count="0" type="stmt"/>
        <line num="184" count="0" type="stmt"/>
        <line num="185" count="0" type="stmt"/>
      </file>
    </package>
    <package name="src.components.organisms.Tab">
      <metrics statements="25" coveredstatements="17" conditionals="0" coveredconditionals="0" methods="9" coveredmethods="7"/>
      <file name="LabTabs.stories.tsx" path="/home/mdsame/Documents/zemoso-training/react/blinkist/MyApp/blinkist/src/components/organisms/Tab/LabTabs.stories.tsx">
        <metrics statements="5" coveredstatements="0" conditionals="0" coveredconditionals="0" methods="1" coveredmethods="0"/>
        <line num="5" count="0" type="stmt"/>
        <line num="39" count="0" type="stmt"/>
        <line num="40" count="0" type="stmt"/>
        <line num="45" count="0" type="stmt"/>
        <line num="46" count="0" type="stmt"/>
      </file>
      <file name="LabTabs.tsx" path="/home/mdsame/Documents/zemoso-training/react/blinkist/MyApp/blinkist/src/components/organisms/Tab/LabTabs.tsx">
        <metrics statements="20" coveredstatements="17" conditionals="0" coveredconditionals="0" methods="8" coveredmethods="7"/>
        <line num="14" count="3" type="stmt"/>
        <line num="35" count="3" type="stmt"/>
        <line num="43" count="3" type="stmt"/>
        <line num="53" count="3" type="stmt"/>
        <line num="54" count="4" type="stmt"/>
        <line num="55" count="4" type="stmt"/>
        <line num="72" count="4" type="stmt"/>
        <line num="73" count="3" type="stmt"/>
        <line num="74" count="3" type="stmt"/>
        <line num="75" count="0" type="stmt"/>
        <line num="76" count="0" type="stmt"/>
        <line num="78" count="3" type="stmt"/>
        <line num="81" count="4" type="stmt"/>
        <line num="82" count="1" type="stmt"/>
        <line num="85" count="4" type="stmt"/>
        <line num="87" count="4" type="stmt"/>
        <line num="122" count="4" type="stmt"/>
        <line num="124" count="4" type="stmt"/>
        <line num="142" count="4" type="stmt"/>
        <line num="144" count="0" type="stmt"/>
      </file>
    </package>
    <package name="src.components.templates.BookDetail">
      <metrics statements="3" coveredstatements="3" conditionals="0" coveredconditionals="0" methods="1" coveredmethods="1"/>
      <file name="BookDetail.tsx" path="/home/mdsame/Documents/zemoso-training/react/blinkist/MyApp/blinkist/src/components/templates/BookDetail/BookDetail.tsx">
        <metrics statements="3" coveredstatements="3" conditionals="0" coveredconditionals="0" methods="1" coveredmethods="1"/>
        <line num="9" count="2" type="stmt"/>
        <line num="58" count="2" type="stmt"/>
        <line num="59" count="2" type="stmt"/>
      </file>
    </package>
    <package name="src.components.templates.Entreprenuer">
      <metrics statements="9" coveredstatements="9" conditionals="0" coveredconditionals="0" methods="1" coveredmethods="1"/>
      <file name="Entreprenuer.tsx" path="/home/mdsame/Documents/zemoso-training/react/blinkist/MyApp/blinkist/src/components/templates/Entreprenuer/Entreprenuer.tsx">
        <metrics statements="9" coveredstatements="9" conditionals="0" coveredconditionals="0" methods="1" coveredmethods="1"/>
        <line num="14" count="2" type="stmt"/>
        <line num="31" count="2" type="stmt"/>
        <line num="38" count="2" type="stmt"/>
        <line num="45" count="2" type="stmt"/>
        <line num="52" count="2" type="stmt"/>
        <line num="59" count="2" type="stmt"/>
        <line num="63" count="2" type="stmt"/>
        <line num="64" count="4" type="stmt"/>
        <line num="65" count="2" type="stmt"/>
      </file>
    </package>
    <package name="src.components.templates.LandingTemplate">
      <metrics statements="4" coveredstatements="4" conditionals="0" coveredconditionals="0" methods="1" coveredmethods="1"/>
      <file name="LandingTemplate.tsx" path="/home/mdsame/Documents/zemoso-training/react/blinkist/MyApp/blinkist/src/components/templates/LandingTemplate/LandingTemplate.tsx">
        <metrics statements="4" coveredstatements="4" conditionals="0" coveredconditionals="0" methods="1" coveredmethods="1"/>
        <line num="9" count="1" type="stmt"/>
        <line num="16" count="1" type="stmt"/>
        <line num="17" count="1" type="stmt"/>
        <line num="18" count="1" type="stmt"/>
      </file>
    </package>
    <package name="src.components.templates.MyLibrary">
      <metrics statements="5" coveredstatements="5" conditionals="0" coveredconditionals="0" methods="1" coveredmethods="1"/>
      <file name="MyLibrary.tsx" path="/home/mdsame/Documents/zemoso-training/react/blinkist/MyApp/blinkist/src/components/templates/MyLibrary/MyLibrary.tsx">
        <metrics statements="5" coveredstatements="5" conditionals="0" coveredconditionals="0" methods="1" coveredmethods="1"/>
        <line num="13" count="2" type="stmt"/>
        <line num="30" count="2" type="stmt"/>
        <line num="41" count="2" type="stmt"/>
        <line num="42" count="2" type="stmt"/>
        <line num="43" count="2" type="stmt"/>
      </file>
    </package>
    <package name="src.components.theme">
      <metrics statements="1" coveredstatements="0" conditionals="0" coveredconditionals="0" methods="0" coveredmethods="0"/>
      <file name="theme.tsx" path="/home/mdsame/Documents/zemoso-training/react/blinkist/MyApp/blinkist/src/components/theme/theme.tsx">
        <metrics statements="1" coveredstatements="0" conditionals="0" coveredconditionals="0" methods="0" coveredmethods="0"/>
        <line num="3" count="0" type="stmt"/>
      </file>
    </package>
    <package name="src.data">
      <metrics statements="4" coveredstatements="4" conditionals="0" coveredconditionals="0" methods="0" coveredmethods="0"/>
      <file name="Constants.tsx" path="/home/mdsame/Documents/zemoso-training/react/blinkist/MyApp/blinkist/src/data/Constants.tsx">
        <metrics statements="1" coveredstatements="1" conditionals="0" coveredconditionals="0" methods="0" coveredmethods="0"/>
        <line num="1" count="12" type="stmt"/>
      </file>
      <file name="ExtendedNavData.tsx" path="/home/mdsame/Documents/zemoso-training/react/blinkist/MyApp/blinkist/src/data/ExtendedNavData.tsx">
        <metrics statements="1" coveredstatements="1" conditionals="0" coveredconditionals="0" methods="0" coveredmethods="0"/>
        <line num="20" count="9" type="stmt"/>
      </file>
      <file name="FooterNav.tsx" path="/home/mdsame/Documents/zemoso-training/react/blinkist/MyApp/blinkist/src/data/FooterNav.tsx">
        <metrics statements="1" coveredstatements="1" conditionals="0" coveredconditionals="0" methods="0" coveredmethods="0"/>
        <line num="1" count="9" type="stmt"/>
      </file>
      <file name="Library.tsx" path="/home/mdsame/Documents/zemoso-training/react/blinkist/MyApp/blinkist/src/data/Library.tsx">
        <metrics statements="1" coveredstatements="1" conditionals="0" coveredconditionals="0" methods="0" coveredmethods="0"/>
        <line num="13" count="3" type="stmt"/>
      </file>
    </package>
  </project>
</coverage>
