{"/home/mdsame/Documents/zemoso-training/react/blinkist/MyApp/blinkist/src/App.tsx": {"path":"/home/mdsame/Documents/zemoso-training/react/blinkist/MyApp/blinkist/src/App.tsx","statementMap":{"0":{"start":{"line":7,"column":12},"end":{"line":31,"column":1}},"1":{"start":{"line":8,"column":2},"end":{"line":30,"column":4}}},"fnMap":{"0":{"name":"(anonymous_0)","decl":{"start":{"line":7,"column":12},"end":{"line":7,"column":13}},"loc":{"start":{"line":7,"column":18},"end":{"line":31,"column":1}},"line":7}},"branchMap":{"0":{"loc":{"start":{"line":14,"column":10},"end":{"line":14,"column":75}},"type":"cond-expr","locations":[{"start":{"line":14,"column":42},"end":{"line":14,"column":57}},{"start":{"line":14,"column":60},"end":{"line":14,"column":75}}],"line":14},"1":{"loc":{"start":{"line":20,"column":10},"end":{"line":20,"column":80}},"type":"cond-expr","locations":[{"start":{"line":20,"column":42},"end":{"line":20,"column":62}},{"start":{"line":20,"column":65},"end":{"line":20,"column":80}}],"line":20},"2":{"loc":{"start":{"line":26,"column":10},"end":{"line":26,"column":78}},"type":"cond-expr","locations":[{"start":{"line":26,"column":42},"end":{"line":26,"column":60}},{"start":{"line":26,"column":63},"end":{"line":26,"column":78}}],"line":26}},"s":{"0":0,"1":0},"f":{"0":0},"b":{"0":[0,0],"1":[0,0],"2":[0,0]}}
,"/home/mdsame/Documents/zemoso-training/react/blinkist/MyApp/blinkist/src/index.tsx": {"path":"/home/mdsame/Documents/zemoso-training/react/blinkist/MyApp/blinkist/src/index.tsx","statementMap":{"0":{"start":{"line":9,"column":0},"end":{"line":16,"column":2}},"1":{"start":{"line":21,"column":0},"end":{"line":21,"column":18}}},"fnMap":{},"branchMap":{},"s":{"0":0,"1":0},"f":{},"b":{}}
,"/home/mdsame/Documents/zemoso-training/react/blinkist/MyApp/blinkist/src/reportWebVitals.ts": {"path":"/home/mdsame/Documents/zemoso-training/react/blinkist/MyApp/blinkist/src/reportWebVitals.ts","statementMap":{"0":{"start":{"line":3,"column":24},"end":{"line":13,"column":1}},"1":{"start":{"line":4,"column":2},"end":{"line":12,"column":3}},"2":{"start":{"line":5,"column":4},"end":{"line":11,"column":7}},"3":{"start":{"line":6,"column":6},"end":{"line":6,"column":26}},"4":{"start":{"line":7,"column":6},"end":{"line":7,"column":26}},"5":{"start":{"line":8,"column":6},"end":{"line":8,"column":26}},"6":{"start":{"line":9,"column":6},"end":{"line":9,"column":26}},"7":{"start":{"line":10,"column":6},"end":{"line":10,"column":27}}},"fnMap":{"0":{"name":"(anonymous_0)","decl":{"start":{"line":3,"column":24},"end":{"line":3,"column":25}},"loc":{"start":{"line":3,"column":57},"end":{"line":13,"column":1}},"line":3},"1":{"name":"(anonymous_1)","decl":{"start":{"line":5,"column":30},"end":{"line":5,"column":31}},"loc":{"start":{"line":5,"column":79},"end":{"line":11,"column":5}},"line":5}},"branchMap":{"0":{"loc":{"start":{"line":4,"column":2},"end":{"line":12,"column":3}},"type":"if","locations":[{"start":{"line":4,"column":2},"end":{"line":12,"column":3}},{"start":{},"end":{}}],"line":4},"1":{"loc":{"start":{"line":4,"column":6},"end":{"line":4,"column":52}},"type":"binary-expr","locations":[{"start":{"line":4,"column":6},"end":{"line":4,"column":17}},{"start":{"line":4,"column":21},"end":{"line":4,"column":52}}],"line":4}},"s":{"0":0,"1":0,"2":0,"3":0,"4":0,"5":0,"6":0,"7":0},"f":{"0":0,"1":0},"b":{"0":[0,0],"1":[0,0]}}
,"/home/mdsame/Documents/zemoso-training/react/blinkist/MyApp/blinkist/src/Pages/BookDetailPage/BookDetailPage.tsx": {"path":"/home/mdsame/Documents/zemoso-training/react/blinkist/MyApp/blinkist/src/Pages/BookDetailPage/BookDetailPage.tsx","statementMap":{"0":{"start":{"line":6,"column":23},"end":{"line":14,"column":1}},"1":{"start":{"line":7,"column":2},"end":{"line":13,"column":4}}},"fnMap":{"0":{"name":"(anonymous_0)","decl":{"start":{"line":6,"column":23},"end":{"line":6,"column":24}},"loc":{"start":{"line":6,"column":29},"end":{"line":14,"column":1}},"line":6}},"branchMap":{},"s":{"0":1,"1":1},"f":{"0":1},"b":{},"_coverageSchema":"1a1c01bbd47fc00a2c39e90264f33305004495a9","hash":"d7fb41d194477d344578a5214eac48be5fc92692"}
,"/home/mdsame/Documents/zemoso-training/react/blinkist/MyApp/blinkist/src/Pages/EntrepreneurPage/EntrepreneurPage.tsx": {"path":"/home/mdsame/Documents/zemoso-training/react/blinkist/MyApp/blinkist/src/Pages/EntrepreneurPage/EntrepreneurPage.tsx","statementMap":{"0":{"start":{"line":10,"column":25},"end":{"line":40,"column":1}},"1":{"start":{"line":11,"column":2},"end":{"line":39,"column":4}}},"fnMap":{"0":{"name":"(anonymous_0)","decl":{"start":{"line":10,"column":25},"end":{"line":10,"column":26}},"loc":{"start":{"line":10,"column":31},"end":{"line":40,"column":1}},"line":10}},"branchMap":{},"s":{"0":1,"1":2},"f":{"0":2},"b":{},"_coverageSchema":"1a1c01bbd47fc00a2c39e90264f33305004495a9","hash":"cc9f293caf28203e82cdba4494c90f74828c1e1d"}
,"/home/mdsame/Documents/zemoso-training/react/blinkist/MyApp/blinkist/src/Pages/LandingPage/LandingPage.tsx": {"path":"/home/mdsame/Documents/zemoso-training/react/blinkist/MyApp/blinkist/src/Pages/LandingPage/LandingPage.tsx","statementMap":{"0":{"start":{"line":6,"column":20},"end":{"line":14,"column":1}},"1":{"start":{"line":7,"column":2},"end":{"line":13,"column":4}}},"fnMap":{"0":{"name":"(anonymous_0)","decl":{"start":{"line":6,"column":20},"end":{"line":6,"column":21}},"loc":{"start":{"line":6,"column":26},"end":{"line":14,"column":1}},"line":6}},"branchMap":{},"s":{"0":1,"1":1},"f":{"0":1},"b":{},"_coverageSchema":"1a1c01bbd47fc00a2c39e90264f33305004495a9","hash":"5a5680a323d613c3a5ea00a48391842e88d58ce1"}
,"/home/mdsame/Documents/zemoso-training/react/blinkist/MyApp/blinkist/src/Pages/LibraryPage/LibraryPage.tsx": {"path":"/home/mdsame/Documents/zemoso-training/react/blinkist/MyApp/blinkist/src/Pages/LibraryPage/LibraryPage.tsx","statementMap":{"0":{"start":{"line":8,"column":20},"end":{"line":17,"column":1}},"1":{"start":{"line":9,"column":2},"end":{"line":16,"column":4}}},"fnMap":{"0":{"name":"(anonymous_0)","decl":{"start":{"line":8,"column":20},"end":{"line":8,"column":21}},"loc":{"start":{"line":8,"column":26},"end":{"line":17,"column":1}},"line":8}},"branchMap":{},"s":{"0":1,"1":1},"f":{"0":1},"b":{},"_coverageSchema":"1a1c01bbd47fc00a2c39e90264f33305004495a9","hash":"0b8763cde570e560e3d57928ac029f4b2e71a691"}
,"/home/mdsame/Documents/zemoso-training/react/blinkist/MyApp/blinkist/src/api/library.tsx": {"path":"/home/mdsame/Documents/zemoso-training/react/blinkist/MyApp/blinkist/src/api/library.tsx","statementMap":{},"fnMap":{},"branchMap":{},"s":{},"f":{},"b":{},"_coverageSchema":"1a1c01bbd47fc00a2c39e90264f33305004495a9","hash":"9c7c7387f62899cece060dabb550076ed7769b5e"}
,"/home/mdsame/Documents/zemoso-training/react/blinkist/MyApp/blinkist/src/auth0/auth0ProviderComponent.tsx": {"path":"/home/mdsame/Documents/zemoso-training/react/blinkist/MyApp/blinkist/src/auth0/auth0ProviderComponent.tsx","statementMap":{"0":{"start":{"line":8,"column":31},"end":{"line":27,"column":1}},"1":{"start":{"line":9,"column":19},"end":{"line":9,"column":32}},"2":{"start":{"line":10,"column":25},"end":{"line":10,"column":69}},"3":{"start":{"line":11,"column":27},"end":{"line":11,"column":74}},"4":{"start":{"line":13,"column":29},"end":{"line":15,"column":3}},"5":{"start":{"line":14,"column":4},"end":{"line":14,"column":25}},"6":{"start":{"line":17,"column":2},"end":{"line":26,"column":4}}},"fnMap":{"0":{"name":"(anonymous_0)","decl":{"start":{"line":8,"column":31},"end":{"line":8,"column":32}},"loc":{"start":{"line":8,"column":53},"end":{"line":27,"column":1}},"line":8},"1":{"name":"(anonymous_1)","decl":{"start":{"line":13,"column":29},"end":{"line":13,"column":30}},"loc":{"start":{"line":13,"column":35},"end":{"line":15,"column":3}},"line":13}},"branchMap":{},"s":{"0":2,"1":5,"2":3,"3":3,"4":3,"5":0,"6":3},"f":{"0":5,"1":0},"b":{},"_coverageSchema":"1a1c01bbd47fc00a2c39e90264f33305004495a9","hash":"6a3438efdb14a454fc2af27d21e3f65788faeb44"}
,"/home/mdsame/Documents/zemoso-training/react/blinkist/MyApp/blinkist/src/components/atoms/Icons/IconButtonComponent.stories.tsx": {"path":"/home/mdsame/Documents/zemoso-training/react/blinkist/MyApp/blinkist/src/components/atoms/Icons/IconButtonComponent.stories.tsx","statementMap":{"0":{"start":{"line":12,"column":52},"end":{"line":14,"column":1}},"1":{"start":{"line":13,"column":2},"end":{"line":13,"column":26}},"2":{"start":{"line":16,"column":31},"end":{"line":16,"column":48}},"3":{"start":{"line":17,"column":0},"end":{"line":19,"column":2}},"4":{"start":{"line":21,"column":33},"end":{"line":21,"column":50}},"5":{"start":{"line":22,"column":0},"end":{"line":24,"column":2}}},"fnMap":{"0":{"name":"(anonymous_0)","decl":{"start":{"line":12,"column":52},"end":{"line":12,"column":53}},"loc":{"start":{"line":13,"column":2},"end":{"line":13,"column":26}},"line":13}},"branchMap":{},"s":{"0":0,"1":0,"2":0,"3":0,"4":0,"5":0},"f":{"0":0},"b":{}}
,"/home/mdsame/Documents/zemoso-training/react/blinkist/MyApp/blinkist/src/components/atoms/Icons/IconButtonComponent.tsx": {"path":"/home/mdsame/Documents/zemoso-training/react/blinkist/MyApp/blinkist/src/components/atoms/Icons/IconButtonComponent.tsx","statementMap":{"0":{"start":{"line":12,"column":28},"end":{"line":24,"column":1}},"1":{"start":{"line":13,"column":2},"end":{"line":23,"column":4}}},"fnMap":{"0":{"name":"(anonymous_0)","decl":{"start":{"line":12,"column":28},"end":{"line":12,"column":29}},"loc":{"start":{"line":12,"column":51},"end":{"line":24,"column":1}},"line":12}},"branchMap":{"0":{"loc":{"start":{"line":17,"column":12},"end":{"line":17,"column":52}},"type":"cond-expr","locations":[{"start":{"line":17,"column":39},"end":{"line":17,"column":44}},{"start":{"line":17,"column":47},"end":{"line":17,"column":52}}],"line":17}},"s":{"0":17,"1":356},"f":{"0":356},"b":{"0":[1,350]},"_coverageSchema":"1a1c01bbd47fc00a2c39e90264f33305004495a9","hash":"da8a0d84e9f9483ef8b5b38d388da7386190fbf6"}
,"/home/mdsame/Documents/zemoso-training/react/blinkist/MyApp/blinkist/src/components/atoms/Logo/Logo.stories.tsx": {"path":"/home/mdsame/Documents/zemoso-training/react/blinkist/MyApp/blinkist/src/components/atoms/Logo/Logo.stories.tsx","statementMap":{"0":{"start":{"line":9,"column":46},"end":{"line":9,"column":72}},"1":{"start":{"line":9,"column":54},"end":{"line":9,"column":72}},"2":{"start":{"line":11,"column":28},"end":{"line":11,"column":45}}},"fnMap":{"0":{"name":"(anonymous_0)","decl":{"start":{"line":9,"column":46},"end":{"line":9,"column":47}},"loc":{"start":{"line":9,"column":54},"end":{"line":9,"column":72}},"line":9}},"branchMap":{},"s":{"0":0,"1":0,"2":0},"f":{"0":0},"b":{}}
,"/home/mdsame/Documents/zemoso-training/react/blinkist/MyApp/blinkist/src/components/atoms/Logo/Logo.tsx": {"path":"/home/mdsame/Documents/zemoso-training/react/blinkist/MyApp/blinkist/src/components/atoms/Logo/Logo.tsx","statementMap":{"0":{"start":{"line":7,"column":13},"end":{"line":9,"column":1}},"1":{"start":{"line":8,"column":2},"end":{"line":8,"column":76}}},"fnMap":{"0":{"name":"(anonymous_0)","decl":{"start":{"line":7,"column":13},"end":{"line":7,"column":14}},"loc":{"start":{"line":7,"column":36},"end":{"line":9,"column":1}},"line":7}},"branchMap":{},"s":{"0":10,"1":20},"f":{"0":20},"b":{},"_coverageSchema":"1a1c01bbd47fc00a2c39e90264f33305004495a9","hash":"4eaca797dcec5259b5418b2d97cb1afa8bd0377e"}
,"/home/mdsame/Documents/zemoso-training/react/blinkist/MyApp/blinkist/src/components/atoms/Typography/Typography.stories.tsx": {"path":"/home/mdsame/Documents/zemoso-training/react/blinkist/MyApp/blinkist/src/components/atoms/Typography/Typography.stories.tsx","statementMap":{"0":{"start":{"line":9,"column":52},"end":{"line":11,"column":1}},"1":{"start":{"line":10,"column":2},"end":{"line":10,"column":26}},"2":{"start":{"line":13,"column":23},"end":{"line":13,"column":40}},"3":{"start":{"line":14,"column":0},"end":{"line":17,"column":2}},"4":{"start":{"line":19,"column":25},"end":{"line":19,"column":42}},"5":{"start":{"line":20,"column":0},"end":{"line":23,"column":2}},"6":{"start":{"line":25,"column":25},"end":{"line":25,"column":42}},"7":{"start":{"line":26,"column":0},"end":{"line":29,"column":2}},"8":{"start":{"line":31,"column":23},"end":{"line":31,"column":40}},"9":{"start":{"line":32,"column":0},"end":{"line":35,"column":2}}},"fnMap":{"0":{"name":"(anonymous_0)","decl":{"start":{"line":9,"column":52},"end":{"line":9,"column":53}},"loc":{"start":{"line":10,"column":2},"end":{"line":10,"column":26}},"line":10}},"branchMap":{},"s":{"0":0,"1":0,"2":0,"3":0,"4":0,"5":0,"6":0,"7":0,"8":0,"9":0},"f":{"0":0},"b":{}}
,"/home/mdsame/Documents/zemoso-training/react/blinkist/MyApp/blinkist/src/components/atoms/Typography/Typography.tsx": {"path":"/home/mdsame/Documents/zemoso-training/react/blinkist/MyApp/blinkist/src/components/atoms/Typography/Typography.tsx","statementMap":{"0":{"start":{"line":24,"column":28},"end":{"line":36,"column":1}},"1":{"start":{"line":25,"column":2},"end":{"line":35,"column":4}}},"fnMap":{"0":{"name":"(anonymous_0)","decl":{"start":{"line":24,"column":28},"end":{"line":24,"column":29}},"loc":{"start":{"line":24,"column":57},"end":{"line":36,"column":1}},"line":24}},"branchMap":{},"s":{"0":21,"1":884},"f":{"0":884},"b":{},"_coverageSchema":"1a1c01bbd47fc00a2c39e90264f33305004495a9","hash":"3eeeef03109f0fa25307db3d28c959a0c4b60786"}
,"/home/mdsame/Documents/zemoso-training/react/blinkist/MyApp/blinkist/src/components/molecules/AddButton/AddButton.stories.tsx": {"path":"/home/mdsame/Documents/zemoso-training/react/blinkist/MyApp/blinkist/src/components/molecules/AddButton/AddButton.stories.tsx","statementMap":{"0":{"start":{"line":8,"column":14},"end":{"line":20,"column":2}},"1":{"start":{"line":36,"column":51},"end":{"line":40,"column":1}},"2":{"start":{"line":37,"column":2},"end":{"line":39,"column":18}},"3":{"start":{"line":42,"column":26},"end":{"line":42,"column":43}},"4":{"start":{"line":44,"column":0},"end":{"line":56,"column":2}},"5":{"start":{"line":58,"column":23},"end":{"line":58,"column":40}},"6":{"start":{"line":60,"column":0},"end":{"line":66,"column":2}}},"fnMap":{"0":{"name":"(anonymous_0)","decl":{"start":{"line":36,"column":51},"end":{"line":36,"column":52}},"loc":{"start":{"line":37,"column":2},"end":{"line":39,"column":18}},"line":37}},"branchMap":{},"s":{"0":0,"1":0,"2":0,"3":0,"4":0,"5":0,"6":0},"f":{"0":0},"b":{}}
,"/home/mdsame/Documents/zemoso-training/react/blinkist/MyApp/blinkist/src/components/molecules/AddButton/AddButton.tsx": {"path":"/home/mdsame/Documents/zemoso-training/react/blinkist/MyApp/blinkist/src/components/molecules/AddButton/AddButton.tsx","statementMap":{"0":{"start":{"line":13,"column":14},"end":{"line":23,"column":2}},"1":{"start":{"line":25,"column":18},"end":{"line":42,"column":1}},"2":{"start":{"line":26,"column":2},"end":{"line":41,"column":4}}},"fnMap":{"0":{"name":"(anonymous_0)","decl":{"start":{"line":25,"column":18},"end":{"line":25,"column":19}},"loc":{"start":{"line":25,"column":42},"end":{"line":42,"column":1}},"line":25}},"branchMap":{},"s":{"0":13,"1":13,"2":161},"f":{"0":161},"b":{},"_coverageSchema":"1a1c01bbd47fc00a2c39e90264f33305004495a9","hash":"66d1a58f0ccff71d7596a21f28a11642afc0edae"}
,"/home/mdsame/Documents/zemoso-training/react/blinkist/MyApp/blinkist/src/components/molecules/Dropdown/Dropdown.stories.tsx": {"path":"/home/mdsame/Documents/zemoso-training/react/blinkist/MyApp/blinkist/src/components/molecules/Dropdown/Dropdown.stories.tsx","statementMap":{"0":{"start":{"line":10,"column":50},"end":{"line":12,"column":1}},"1":{"start":{"line":11,"column":2},"end":{"line":11,"column":24}},"2":{"start":{"line":14,"column":31},"end":{"line":14,"column":48}},"3":{"start":{"line":15,"column":0},"end":{"line":17,"column":2}},"4":{"start":{"line":19,"column":31},"end":{"line":19,"column":48}},"5":{"start":{"line":20,"column":0},"end":{"line":22,"column":2}}},"fnMap":{"0":{"name":"(anonymous_0)","decl":{"start":{"line":10,"column":50},"end":{"line":10,"column":51}},"loc":{"start":{"line":11,"column":2},"end":{"line":11,"column":24}},"line":11}},"branchMap":{},"s":{"0":0,"1":0,"2":0,"3":0,"4":0,"5":0},"f":{"0":0},"b":{}}
,"/home/mdsame/Documents/zemoso-training/react/blinkist/MyApp/blinkist/src/components/molecules/Dropdown/Dropdown.tsx": {"path":"/home/mdsame/Documents/zemoso-training/react/blinkist/MyApp/blinkist/src/components/molecules/Dropdown/Dropdown.tsx","statementMap":{"0":{"start":{"line":16,"column":18},"end":{"line":32,"column":2}},"1":{"start":{"line":34,"column":17},"end":{"line":54,"column":1}},"2":{"start":{"line":35,"column":16},"end":{"line":35,"column":27}},"3":{"start":{"line":36,"column":2},"end":{"line":53,"column":4}}},"fnMap":{"0":{"name":"(anonymous_0)","decl":{"start":{"line":34,"column":17},"end":{"line":34,"column":18}},"loc":{"start":{"line":34,"column":44},"end":{"line":54,"column":1}},"line":34}},"branchMap":{"0":{"loc":{"start":{"line":39,"column":9},"end":{"line":47,"column":9}},"type":"cond-expr","locations":[{"start":{"line":40,"column":10},"end":{"line":42,"column":17}},{"start":{"line":44,"column":10},"end":{"line":46,"column":23}}],"line":39}},"s":{"0":9,"1":9,"2":2,"3":2},"f":{"0":2},"b":{"0":[1,1]},"_coverageSchema":"1a1c01bbd47fc00a2c39e90264f33305004495a9","hash":"391a49abb718f2ac1c312a29cfc5c5e066df9bf7"}
,"/home/mdsame/Documents/zemoso-training/react/blinkist/MyApp/blinkist/src/components/molecules/IconWithTypography/IconWithTypography.stories.tsx": {"path":"/home/mdsame/Documents/zemoso-training/react/blinkist/MyApp/blinkist/src/components/molecules/IconWithTypography/IconWithTypography.stories.tsx","statementMap":{"0":{"start":{"line":12,"column":60},"end":{"line":14,"column":1}},"1":{"start":{"line":13,"column":2},"end":{"line":13,"column":34}},"2":{"start":{"line":16,"column":24},"end":{"line":16,"column":41}},"3":{"start":{"line":17,"column":0},"end":{"line":21,"column":2}},"4":{"start":{"line":23,"column":24},"end":{"line":23,"column":41}},"5":{"start":{"line":24,"column":0},"end":{"line":28,"column":2}},"6":{"start":{"line":30,"column":32},"end":{"line":30,"column":49}},"7":{"start":{"line":31,"column":0},"end":{"line":35,"column":2}}},"fnMap":{"0":{"name":"(anonymous_0)","decl":{"start":{"line":12,"column":60},"end":{"line":12,"column":61}},"loc":{"start":{"line":13,"column":2},"end":{"line":13,"column":34}},"line":13}},"branchMap":{},"s":{"0":0,"1":0,"2":0,"3":0,"4":0,"5":0,"6":0,"7":0},"f":{"0":0},"b":{}}
,"/home/mdsame/Documents/zemoso-training/react/blinkist/MyApp/blinkist/src/components/molecules/IconWithTypography/IconWithTypography.tsx": {"path":"/home/mdsame/Documents/zemoso-training/react/blinkist/MyApp/blinkist/src/components/molecules/IconWithTypography/IconWithTypography.tsx","statementMap":{"0":{"start":{"line":27,"column":18},"end":{"line":35,"column":2}},"1":{"start":{"line":37,"column":27},"end":{"line":53,"column":1}},"2":{"start":{"line":38,"column":16},"end":{"line":38,"column":27}},"3":{"start":{"line":39,"column":2},"end":{"line":52,"column":4}}},"fnMap":{"0":{"name":"(anonymous_0)","decl":{"start":{"line":37,"column":27},"end":{"line":37,"column":28}},"loc":{"start":{"line":37,"column":63},"end":{"line":53,"column":1}},"line":37}},"branchMap":{},"s":{"0":15,"1":15,"2":351,"3":346},"f":{"0":351},"b":{},"_coverageSchema":"1a1c01bbd47fc00a2c39e90264f33305004495a9","hash":"57f69e6b3e48b8211553a166f1bb4af6bb6a95bf"}
,"/home/mdsame/Documents/zemoso-training/react/blinkist/MyApp/blinkist/src/components/molecules/SearchBar/SearchBar.stories.tsx": {"path":"/home/mdsame/Documents/zemoso-training/react/blinkist/MyApp/blinkist/src/components/molecules/SearchBar/SearchBar.stories.tsx","statementMap":{"0":{"start":{"line":9,"column":51},"end":{"line":9,"column":70}},"1":{"start":{"line":9,"column":57},"end":{"line":9,"column":70}},"2":{"start":{"line":11,"column":22},"end":{"line":11,"column":39}}},"fnMap":{"0":{"name":"(anonymous_0)","decl":{"start":{"line":9,"column":51},"end":{"line":9,"column":52}},"loc":{"start":{"line":9,"column":57},"end":{"line":9,"column":70}},"line":9}},"branchMap":{},"s":{"0":0,"1":0,"2":0},"f":{"0":0},"b":{}}
,"/home/mdsame/Documents/zemoso-training/react/blinkist/MyApp/blinkist/src/components/molecules/SearchBar/SearchBar.tsx": {"path":"/home/mdsame/Documents/zemoso-training/react/blinkist/MyApp/blinkist/src/components/molecules/SearchBar/SearchBar.tsx","statementMap":{"0":{"start":{"line":6,"column":18},"end":{"line":15,"column":2}},"1":{"start":{"line":17,"column":20},"end":{"line":23,"column":2}},"2":{"start":{"line":25,"column":20},"end":{"line":28,"column":2}},"3":{"start":{"line":30,"column":18},"end":{"line":53,"column":1}},"4":{"start":{"line":31,"column":30},"end":{"line":31,"column":42}},"5":{"start":{"line":32,"column":2},"end":{"line":32,"column":22}},"6":{"start":{"line":33,"column":16},"end":{"line":33,"column":27}},"7":{"start":{"line":34,"column":2},"end":{"line":52,"column":4}},"8":{"start":{"line":46,"column":29},"end":{"line":46,"column":54}}},"fnMap":{"0":{"name":"(anonymous_0)","decl":{"start":{"line":30,"column":18},"end":{"line":30,"column":19}},"loc":{"start":{"line":30,"column":24},"end":{"line":53,"column":1}},"line":30},"1":{"name":"(anonymous_1)","decl":{"start":{"line":46,"column":24},"end":{"line":46,"column":25}},"loc":{"start":{"line":46,"column":29},"end":{"line":46,"column":54}},"line":46}},"branchMap":{},"s":{"0":3,"1":3,"2":3,"3":3,"4":4,"5":4,"6":4,"7":4,"8":1},"f":{"0":4,"1":1},"b":{},"_coverageSchema":"1a1c01bbd47fc00a2c39e90264f33305004495a9","hash":"9b0ca61e43f1f7e965127cd7f82961539f36c408"}
,"/home/mdsame/Documents/zemoso-training/react/blinkist/MyApp/blinkist/src/components/organisms/Banner/Banner.stories.tsx": {"path":"/home/mdsame/Documents/zemoso-training/react/blinkist/MyApp/blinkist/src/components/organisms/Banner/Banner.stories.tsx","statementMap":{"0":{"start":{"line":5,"column":14},"end":{"line":19,"column":2}},"1":{"start":{"line":24,"column":24},"end":{"line":24,"column":78}},"2":{"start":{"line":27,"column":48},"end":{"line":27,"column":64}},"3":{"start":{"line":27,"column":54},"end":{"line":27,"column":64}},"4":{"start":{"line":29,"column":26},"end":{"line":29,"column":43}},"5":{"start":{"line":30,"column":0},"end":{"line":30,"column":21}}},"fnMap":{"0":{"name":"(anonymous_0)","decl":{"start":{"line":24,"column":15},"end":{"line":24,"column":16}},"loc":{"start":{"line":24,"column":24},"end":{"line":24,"column":78}},"line":24},"1":{"name":"(anonymous_1)","decl":{"start":{"line":27,"column":48},"end":{"line":27,"column":49}},"loc":{"start":{"line":27,"column":54},"end":{"line":27,"column":64}},"line":27}},"branchMap":{},"s":{"0":0,"1":0,"2":0,"3":0,"4":0,"5":0},"f":{"0":0,"1":0},"b":{}}
,"/home/mdsame/Documents/zemoso-training/react/blinkist/MyApp/blinkist/src/components/organisms/Banner/Banner.tsx": {"path":"/home/mdsame/Documents/zemoso-training/react/blinkist/MyApp/blinkist/src/components/organisms/Banner/Banner.tsx","statementMap":{"0":{"start":{"line":11,"column":14},"end":{"line":32,"column":2}},"1":{"start":{"line":34,"column":19},"end":{"line":41,"column":2}},"2":{"start":{"line":43,"column":23},"end":{"line":50,"column":2}},"3":{"start":{"line":52,"column":19},"end":{"line":55,"column":2}},"4":{"start":{"line":57,"column":21},"end":{"line":60,"column":2}},"5":{"start":{"line":62,"column":20},"end":{"line":62,"column":37}},"6":{"start":{"line":64,"column":15},"end":{"line":88,"column":1}},"7":{"start":{"line":65,"column":2},"end":{"line":87,"column":4}}},"fnMap":{"0":{"name":"(anonymous_0)","decl":{"start":{"line":64,"column":15},"end":{"line":64,"column":16}},"loc":{"start":{"line":64,"column":39},"end":{"line":88,"column":1}},"line":64}},"branchMap":{},"s":{"0":3,"1":3,"2":3,"3":3,"4":3,"5":3,"6":3,"7":3},"f":{"0":3},"b":{},"_coverageSchema":"1a1c01bbd47fc00a2c39e90264f33305004495a9","hash":"d535a585c978aa55e62b69855b89fada71d9f7ad"}
,"/home/mdsame/Documents/zemoso-training/react/blinkist/MyApp/blinkist/src/components/organisms/BookTab/BookTab.stories.tsx": {"path":"/home/mdsame/Documents/zemoso-training/react/blinkist/MyApp/blinkist/src/components/organisms/BookTab/BookTab.stories.tsx","statementMap":{"0":{"start":{"line":5,"column":14},"end":{"line":49,"column":2}},"1":{"start":{"line":56,"column":49},"end":{"line":60,"column":1}},"2":{"start":{"line":57,"column":2},"end":{"line":59,"column":18}},"3":{"start":{"line":62,"column":28},"end":{"line":62,"column":45}},"4":{"start":{"line":63,"column":0},"end":{"line":63,"column":23}}},"fnMap":{"0":{"name":"(anonymous_0)","decl":{"start":{"line":56,"column":49},"end":{"line":56,"column":50}},"loc":{"start":{"line":57,"column":2},"end":{"line":59,"column":18}},"line":57}},"branchMap":{},"s":{"0":0,"1":0,"2":0,"3":0,"4":0},"f":{"0":0},"b":{}}
,"/home/mdsame/Documents/zemoso-training/react/blinkist/MyApp/blinkist/src/components/organisms/BookTab/BookTab.tsx": {"path":"/home/mdsame/Documents/zemoso-training/react/blinkist/MyApp/blinkist/src/components/organisms/BookTab/BookTab.tsx","statementMap":{"0":{"start":{"line":12,"column":14},"end":{"line":56,"column":2}},"1":{"start":{"line":58,"column":18},"end":{"line":64,"column":2}},"2":{"start":{"line":66,"column":19},"end":{"line":69,"column":2}},"3":{"start":{"line":71,"column":16},"end":{"line":135,"column":1}},"4":{"start":{"line":72,"column":28},"end":{"line":72,"column":47}},"5":{"start":{"line":74,"column":23},"end":{"line":76,"column":3}},"6":{"start":{"line":75,"column":4},"end":{"line":75,"column":23}},"7":{"start":{"line":78,"column":16},"end":{"line":78,"column":27}},"8":{"start":{"line":80,"column":2},"end":{"line":134,"column":4}}},"fnMap":{"0":{"name":"(anonymous_0)","decl":{"start":{"line":71,"column":16},"end":{"line":71,"column":17}},"loc":{"start":{"line":71,"column":22},"end":{"line":135,"column":1}},"line":71},"1":{"name":"(anonymous_1)","decl":{"start":{"line":74,"column":23},"end":{"line":74,"column":24}},"loc":{"start":{"line":74,"column":74},"end":{"line":76,"column":3}},"line":74}},"branchMap":{},"s":{"0":4,"1":4,"2":4,"3":4,"4":11,"5":11,"6":2,"7":11,"8":11},"f":{"0":11,"1":2},"b":{},"_coverageSchema":"1a1c01bbd47fc00a2c39e90264f33305004495a9","hash":"0b0707ea99f77c004db667a70e40da8c80e5a68b"}
,"/home/mdsame/Documents/zemoso-training/react/blinkist/MyApp/blinkist/src/components/organisms/BookView/BookView.stories.tsx": {"path":"/home/mdsame/Documents/zemoso-training/react/blinkist/MyApp/blinkist/src/components/organisms/BookView/BookView.stories.tsx","statementMap":{"0":{"start":{"line":10,"column":14},"end":{"line":57,"column":2}},"1":{"start":{"line":59,"column":50},"end":{"line":63,"column":1}},"2":{"start":{"line":60,"column":2},"end":{"line":62,"column":18}},"3":{"start":{"line":65,"column":29},"end":{"line":65,"column":46}},"4":{"start":{"line":66,"column":0},"end":{"line":66,"column":24}}},"fnMap":{"0":{"name":"(anonymous_0)","decl":{"start":{"line":59,"column":50},"end":{"line":59,"column":51}},"loc":{"start":{"line":60,"column":2},"end":{"line":62,"column":18}},"line":60}},"branchMap":{},"s":{"0":0,"1":0,"2":0,"3":0,"4":0},"f":{"0":0},"b":{}}
,"/home/mdsame/Documents/zemoso-training/react/blinkist/MyApp/blinkist/src/components/organisms/BookView/BookView.tsx": {"path":"/home/mdsame/Documents/zemoso-training/react/blinkist/MyApp/blinkist/src/components/organisms/BookView/BookView.tsx","statementMap":{"0":{"start":{"line":29,"column":20},"end":{"line":34,"column":2}},"1":{"start":{"line":36,"column":19},"end":{"line":41,"column":2}},"2":{"start":{"line":43,"column":19},"end":{"line":46,"column":2}},"3":{"start":{"line":48,"column":18},"end":{"line":50,"column":2}},"4":{"start":{"line":52,"column":21},"end":{"line":55,"column":2}},"5":{"start":{"line":57,"column":17},"end":{"line":190,"column":1}},"6":{"start":{"line":58,"column":34},"end":{"line":71,"column":4}},"7":{"start":{"line":73,"column":40},"end":{"line":73,"column":55}},"8":{"start":{"line":75,"column":27},"end":{"line":77,"column":3}},"9":{"start":{"line":76,"column":4},"end":{"line":76,"column":25}},"10":{"start":{"line":79,"column":27},"end":{"line":81,"column":3}},"11":{"start":{"line":80,"column":4},"end":{"line":80,"column":26}},"12":{"start":{"line":83,"column":23},"end":{"line":86,"column":3}},"13":{"start":{"line":84,"column":4},"end":{"line":84,"column":37}},"14":{"start":{"line":85,"column":4},"end":{"line":85,"column":47}},"15":{"start":{"line":88,"column":2},"end":{"line":95,"column":17}},"16":{"start":{"line":89,"column":20},"end":{"line":93,"column":5}},"17":{"start":{"line":90,"column":23},"end":{"line":90,"column":49}},"18":{"start":{"line":91,"column":21},"end":{"line":91,"column":34}},"19":{"start":{"line":92,"column":6},"end":{"line":92,"column":29}},"20":{"start":{"line":94,"column":4},"end":{"line":94,"column":14}},"21":{"start":{"line":98,"column":2},"end":{"line":100,"column":3}},"22":{"start":{"line":99,"column":4},"end":{"line":99,"column":48}},"23":{"start":{"line":102,"column":2},"end":{"line":189,"column":4}},"24":{"start":{"line":156,"column":33},"end":{"line":156,"column":49}}},"fnMap":{"0":{"name":"(anonymous_0)","decl":{"start":{"line":57,"column":17},"end":{"line":57,"column":18}},"loc":{"start":{"line":57,"column":23},"end":{"line":190,"column":1}},"line":57},"1":{"name":"(anonymous_1)","decl":{"start":{"line":75,"column":27},"end":{"line":75,"column":28}},"loc":{"start":{"line":75,"column":33},"end":{"line":77,"column":3}},"line":75},"2":{"name":"(anonymous_2)","decl":{"start":{"line":79,"column":27},"end":{"line":79,"column":28}},"loc":{"start":{"line":79,"column":33},"end":{"line":81,"column":3}},"line":79},"3":{"name":"(anonymous_3)","decl":{"start":{"line":83,"column":23},"end":{"line":83,"column":24}},"loc":{"start":{"line":83,"column":46},"end":{"line":86,"column":3}},"line":83},"4":{"name":"(anonymous_4)","decl":{"start":{"line":88,"column":12},"end":{"line":88,"column":13}},"loc":{"start":{"line":88,"column":18},"end":{"line":95,"column":3}},"line":88},"5":{"name":"(anonymous_5)","decl":{"start":{"line":89,"column":20},"end":{"line":89,"column":21}},"loc":{"start":{"line":89,"column":32},"end":{"line":93,"column":5}},"line":89},"6":{"name":"(anonymous_6)","decl":{"start":{"line":156,"column":27},"end":{"line":156,"column":28}},"loc":{"start":{"line":156,"column":33},"end":{"line":156,"column":49}},"line":156}},"branchMap":{"0":{"loc":{"start":{"line":98,"column":2},"end":{"line":100,"column":3}},"type":"if","locations":[{"start":{"line":98,"column":2},"end":{"line":100,"column":3}},{"start":{},"end":{}}],"line":98}},"s":{"0":3,"1":3,"2":3,"3":3,"4":3,"5":3,"6":8,"7":8,"8":8,"9":1,"10":8,"11":1,"12":8,"13":1,"14":1,"15":8,"16":6,"17":6,"18":0,"19":0,"20":6,"21":8,"22":1,"23":8,"24":1},"f":{"0":8,"1":1,"2":1,"3":1,"4":6,"5":6,"6":1},"b":{"0":[1,7]},"_coverageSchema":"1a1c01bbd47fc00a2c39e90264f33305004495a9","hash":"e361737233d35a770e293d0be276382d3d561be5"}
,"/home/mdsame/Documents/zemoso-training/react/blinkist/MyApp/blinkist/src/components/organisms/Card/Card.stories.tsx": {"path":"/home/mdsame/Documents/zemoso-training/react/blinkist/MyApp/blinkist/src/components/organisms/Card/Card.stories.tsx","statementMap":{"0":{"start":{"line":6,"column":14},"end":{"line":35,"column":2}},"1":{"start":{"line":42,"column":46},"end":{"line":46,"column":1}},"2":{"start":{"line":43,"column":2},"end":{"line":45,"column":18}},"3":{"start":{"line":48,"column":25},"end":{"line":48,"column":42}},"4":{"start":{"line":49,"column":0},"end":{"line":56,"column":2}},"5":{"start":{"line":58,"column":28},"end":{"line":58,"column":45}},"6":{"start":{"line":59,"column":0},"end":{"line":66,"column":2}},"7":{"start":{"line":68,"column":32},"end":{"line":68,"column":49}},"8":{"start":{"line":69,"column":0},"end":{"line":77,"column":2}}},"fnMap":{"0":{"name":"(anonymous_0)","decl":{"start":{"line":42,"column":46},"end":{"line":42,"column":47}},"loc":{"start":{"line":43,"column":2},"end":{"line":45,"column":18}},"line":43}},"branchMap":{},"s":{"0":0,"1":0,"2":0,"3":0,"4":0,"5":0,"6":0,"7":0,"8":0},"f":{"0":0},"b":{}}
,"/home/mdsame/Documents/zemoso-training/react/blinkist/MyApp/blinkist/src/components/organisms/Card/Card.tsx": {"path":"/home/mdsame/Documents/zemoso-training/react/blinkist/MyApp/blinkist/src/components/organisms/Card/Card.tsx","statementMap":{"0":{"start":{"line":30,"column":14},"end":{"line":59,"column":2}},"1":{"start":{"line":61,"column":18},"end":{"line":160,"column":2}},"2":{"start":{"line":162,"column":13},"end":{"line":298,"column":1}},"3":{"start":{"line":163,"column":38},"end":{"line":163,"column":53}},"4":{"start":{"line":165,"column":34},"end":{"line":178,"column":4}},"5":{"start":{"line":180,"column":23},"end":{"line":187,"column":3}},"6":{"start":{"line":181,"column":4},"end":{"line":185,"column":5}},"7":{"start":{"line":182,"column":6},"end":{"line":182,"column":40}},"8":{"start":{"line":184,"column":6},"end":{"line":184,"column":39}},"9":{"start":{"line":186,"column":4},"end":{"line":186,"column":47}},"10":{"start":{"line":189,"column":2},"end":{"line":196,"column":20}},"11":{"start":{"line":190,"column":20},"end":{"line":194,"column":5}},"12":{"start":{"line":191,"column":23},"end":{"line":191,"column":55}},"13":{"start":{"line":192,"column":21},"end":{"line":192,"column":34}},"14":{"start":{"line":193,"column":6},"end":{"line":193,"column":26}},"15":{"start":{"line":195,"column":4},"end":{"line":195,"column":25}},"16":{"start":{"line":198,"column":27},"end":{"line":200,"column":3}},"17":{"start":{"line":199,"column":4},"end":{"line":199,"column":24}},"18":{"start":{"line":202,"column":27},"end":{"line":204,"column":3}},"19":{"start":{"line":203,"column":4},"end":{"line":203,"column":25}},"20":{"start":{"line":209,"column":2},"end":{"line":223,"column":3}},"21":{"start":{"line":210,"column":4},"end":{"line":213,"column":6}},"22":{"start":{"line":214,"column":4},"end":{"line":217,"column":6}},"23":{"start":{"line":219,"column":4},"end":{"line":221,"column":6}},"24":{"start":{"line":222,"column":4},"end":{"line":222,"column":19}},"25":{"start":{"line":225,"column":16},"end":{"line":225,"column":27}},"26":{"start":{"line":227,"column":2},"end":{"line":297,"column":4}},"27":{"start":{"line":264,"column":29},"end":{"line":264,"column":54}},"28":{"start":{"line":274,"column":29},"end":{"line":274,"column":54}}},"fnMap":{"0":{"name":"(anonymous_0)","decl":{"start":{"line":162,"column":13},"end":{"line":162,"column":14}},"loc":{"start":{"line":162,"column":35},"end":{"line":298,"column":1}},"line":162},"1":{"name":"(anonymous_1)","decl":{"start":{"line":180,"column":23},"end":{"line":180,"column":24}},"loc":{"start":{"line":180,"column":46},"end":{"line":187,"column":3}},"line":180},"2":{"name":"(anonymous_2)","decl":{"start":{"line":189,"column":12},"end":{"line":189,"column":13}},"loc":{"start":{"line":189,"column":18},"end":{"line":196,"column":3}},"line":189},"3":{"name":"(anonymous_3)","decl":{"start":{"line":190,"column":20},"end":{"line":190,"column":21}},"loc":{"start":{"line":190,"column":43},"end":{"line":194,"column":5}},"line":190},"4":{"name":"(anonymous_4)","decl":{"start":{"line":198,"column":27},"end":{"line":198,"column":28}},"loc":{"start":{"line":198,"column":33},"end":{"line":200,"column":3}},"line":198},"5":{"name":"(anonymous_5)","decl":{"start":{"line":202,"column":27},"end":{"line":202,"column":28}},"loc":{"start":{"line":202,"column":33},"end":{"line":204,"column":3}},"line":202},"6":{"name":"(anonymous_6)","decl":{"start":{"line":264,"column":23},"end":{"line":264,"column":24}},"loc":{"start":{"line":264,"column":29},"end":{"line":264,"column":54}},"line":264},"7":{"name":"(anonymous_7)","decl":{"start":{"line":274,"column":23},"end":{"line":274,"column":24}},"loc":{"start":{"line":274,"column":29},"end":{"line":274,"column":54}},"line":274}},"branchMap":{"0":{"loc":{"start":{"line":181,"column":4},"end":{"line":185,"column":5}},"type":"if","locations":[{"start":{"line":181,"column":4},"end":{"line":185,"column":5}},{"start":{"line":183,"column":11},"end":{"line":185,"column":5}}],"line":181},"1":{"loc":{"start":{"line":209,"column":2},"end":{"line":223,"column":3}},"type":"if","locations":[{"start":{"line":209,"column":2},"end":{"line":223,"column":3}},{"start":{"line":218,"column":9},"end":{"line":223,"column":3}}],"line":209},"2":{"loc":{"start":{"line":250,"column":15},"end":{"line":256,"column":15}},"type":"cond-expr","locations":[{"start":{"line":250,"column":35},"end":{"line":250,"column":39}},{"start":{"line":251,"column":16},"end":{"line":255,"column":18}}],"line":250},"3":{"loc":{"start":{"line":260,"column":11},"end":{"line":268,"column":18}},"type":"cond-expr","locations":[{"start":{"line":261,"column":12},"end":{"line":267,"column":25}},{"start":{"line":268,"column":14},"end":{"line":268,"column":18}}],"line":260},"4":{"loc":{"start":{"line":270,"column":11},"end":{"line":278,"column":18}},"type":"cond-expr","locations":[{"start":{"line":271,"column":12},"end":{"line":277,"column":25}},{"start":{"line":278,"column":14},"end":{"line":278,"column":18}}],"line":270},"5":{"loc":{"start":{"line":280,"column":11},"end":{"line":293,"column":18}},"type":"cond-expr","locations":[{"start":{"line":281,"column":12},"end":{"line":292,"column":24}},{"start":{"line":293,"column":14},"end":{"line":293,"column":18}}],"line":280}},"s":{"0":7,"1":7,"2":7,"3":129,"4":125,"5":125,"6":0,"7":0,"8":0,"9":0,"10":125,"11":95,"12":95,"13":0,"14":0,"15":95,"16":125,"17":0,"18":125,"19":0,"20":125,"21":0,"22":0,"23":125,"24":125,"25":125,"26":125,"27":0,"28":0},"f":{"0":129,"1":0,"2":95,"3":95,"4":0,"5":0,"6":0,"7":0},"b":{"0":[0,0],"1":[0,125],"2":[69,56],"3":[5,120],"4":[1,124],"5":[119,6]},"_coverageSchema":"1a1c01bbd47fc00a2c39e90264f33305004495a9","hash":"22ea9a99eb6f51c714758d78b07166c7fb91d078"}
,"/home/mdsame/Documents/zemoso-training/react/blinkist/MyApp/blinkist/src/components/organisms/DisplayCard/DisplayCard.stories.tsx": {"path":"/home/mdsame/Documents/zemoso-training/react/blinkist/MyApp/blinkist/src/components/organisms/DisplayCard/DisplayCard.stories.tsx","statementMap":{"0":{"start":{"line":7,"column":14},"end":{"line":22,"column":2}},"1":{"start":{"line":29,"column":53},"end":{"line":35,"column":1}},"2":{"start":{"line":30,"column":2},"end":{"line":34,"column":18}},"3":{"start":{"line":37,"column":32},"end":{"line":37,"column":49}},"4":{"start":{"line":38,"column":0},"end":{"line":41,"column":2}}},"fnMap":{"0":{"name":"(anonymous_0)","decl":{"start":{"line":29,"column":53},"end":{"line":29,"column":54}},"loc":{"start":{"line":30,"column":2},"end":{"line":34,"column":18}},"line":30}},"branchMap":{},"s":{"0":0,"1":0,"2":0,"3":0,"4":0},"f":{"0":0},"b":{}}
,"/home/mdsame/Documents/zemoso-training/react/blinkist/MyApp/blinkist/src/components/organisms/DisplayCard/DisplayCard.tsx": {"path":"/home/mdsame/Documents/zemoso-training/react/blinkist/MyApp/blinkist/src/components/organisms/DisplayCard/DisplayCard.tsx","statementMap":{"0":{"start":{"line":30,"column":14},"end":{"line":45,"column":2}},"1":{"start":{"line":47,"column":18},"end":{"line":54,"column":2}},"2":{"start":{"line":56,"column":19},"end":{"line":65,"column":2}},"3":{"start":{"line":67,"column":20},"end":{"line":120,"column":1}},"4":{"start":{"line":68,"column":34},"end":{"line":68,"column":54}},"5":{"start":{"line":70,"column":2},"end":{"line":78,"column":9}},"6":{"start":{"line":71,"column":4},"end":{"line":77,"column":5}},"7":{"start":{"line":72,"column":6},"end":{"line":72,"column":66}},"8":{"start":{"line":72,"column":42},"end":{"line":72,"column":63}},"9":{"start":{"line":74,"column":6},"end":{"line":76,"column":69}},"10":{"start":{"line":75,"column":46},"end":{"line":75,"column":67}},"11":{"start":{"line":76,"column":46},"end":{"line":76,"column":66}},"12":{"start":{"line":80,"column":19},"end":{"line":80,"column":32}},"13":{"start":{"line":81,"column":30},"end":{"line":81,"column":40}},"14":{"start":{"line":83,"column":26},"end":{"line":89,"column":3}},"15":{"start":{"line":84,"column":4},"end":{"line":88,"column":5}},"16":{"start":{"line":85,"column":6},"end":{"line":85,"column":65}},"17":{"start":{"line":87,"column":6},"end":{"line":87,"column":20}},"18":{"start":{"line":90,"column":16},"end":{"line":90,"column":27}},"19":{"start":{"line":91,"column":2},"end":{"line":119,"column":4}},"20":{"start":{"line":100,"column":14},"end":{"line":114,"column":16}},"21":{"start":{"line":111,"column":33},"end":{"line":111,"column":55}}},"fnMap":{"0":{"name":"(anonymous_0)","decl":{"start":{"line":67,"column":20},"end":{"line":67,"column":21}},"loc":{"start":{"line":67,"column":42},"end":{"line":120,"column":1}},"line":67},"1":{"name":"(anonymous_1)","decl":{"start":{"line":70,"column":12},"end":{"line":70,"column":13}},"loc":{"start":{"line":70,"column":18},"end":{"line":78,"column":3}},"line":70},"2":{"name":"(anonymous_2)","decl":{"start":{"line":72,"column":34},"end":{"line":72,"column":35}},"loc":{"start":{"line":72,"column":42},"end":{"line":72,"column":63}},"line":72},"3":{"name":"(anonymous_3)","decl":{"start":{"line":75,"column":38},"end":{"line":75,"column":39}},"loc":{"start":{"line":75,"column":46},"end":{"line":75,"column":67}},"line":75},"4":{"name":"(anonymous_4)","decl":{"start":{"line":76,"column":38},"end":{"line":76,"column":39}},"loc":{"start":{"line":76,"column":46},"end":{"line":76,"column":66}},"line":76},"5":{"name":"(anonymous_5)","decl":{"start":{"line":83,"column":26},"end":{"line":83,"column":27}},"loc":{"start":{"line":83,"column":45},"end":{"line":89,"column":3}},"line":83},"6":{"name":"(anonymous_6)","decl":{"start":{"line":99,"column":17},"end":{"line":99,"column":18}},"loc":{"start":{"line":99,"column":34},"end":{"line":115,"column":13}},"line":99},"7":{"name":"(anonymous_7)","decl":{"start":{"line":111,"column":27},"end":{"line":111,"column":28}},"loc":{"start":{"line":111,"column":33},"end":{"line":111,"column":55}},"line":111}},"branchMap":{"0":{"loc":{"start":{"line":71,"column":4},"end":{"line":77,"column":5}},"type":"if","locations":[{"start":{"line":71,"column":4},"end":{"line":77,"column":5}},{"start":{"line":73,"column":11},"end":{"line":77,"column":5}}],"line":71},"1":{"loc":{"start":{"line":74,"column":6},"end":{"line":76,"column":68}},"type":"cond-expr","locations":[{"start":{"line":75,"column":10},"end":{"line":75,"column":69}},{"start":{"line":76,"column":10},"end":{"line":76,"column":68}}],"line":74},"2":{"loc":{"start":{"line":84,"column":4},"end":{"line":88,"column":5}},"type":"if","locations":[{"start":{"line":84,"column":4},"end":{"line":88,"column":5}},{"start":{"line":86,"column":11},"end":{"line":88,"column":5}}],"line":84},"3":{"loc":{"start":{"line":85,"column":6},"end":{"line":85,"column":64}},"type":"cond-expr","locations":[{"start":{"line":85,"column":24},"end":{"line":85,"column":48}},{"start":{"line":85,"column":51},"end":{"line":85,"column":64}}],"line":85}},"s":{"0":3,"1":3,"2":3,"3":3,"4":20,"5":17,"6":8,"7":1,"8":11,"9":7,"10":11,"11":66,"12":17,"13":17,"14":17,"15":1,"16":0,"17":1,"18":17,"19":17,"20":118,"21":1},"f":{"0":20,"1":8,"2":11,"3":11,"4":66,"5":1,"6":118,"7":1},"b":{"0":[1,7],"1":[1,6],"2":[0,1],"3":[0,0]},"_coverageSchema":"1a1c01bbd47fc00a2c39e90264f33305004495a9","hash":"a68e9cb90026940f72b03623d432b46f9fa0a8b5"}
,"/home/mdsame/Documents/zemoso-training/react/blinkist/MyApp/blinkist/src/components/organisms/ExtendedNav/ExtendedNav.stories.tsx": {"path":"/home/mdsame/Documents/zemoso-training/react/blinkist/MyApp/blinkist/src/components/organisms/ExtendedNav/ExtendedNav.stories.tsx","statementMap":{"0":{"start":{"line":6,"column":14},"end":{"line":19,"column":2}},"1":{"start":{"line":26,"column":53},"end":{"line":32,"column":1}},"2":{"start":{"line":27,"column":2},"end":{"line":31,"column":18}},"3":{"start":{"line":34,"column":32},"end":{"line":34,"column":49}}},"fnMap":{"0":{"name":"(anonymous_0)","decl":{"start":{"line":26,"column":53},"end":{"line":26,"column":54}},"loc":{"start":{"line":27,"column":2},"end":{"line":31,"column":18}},"line":27}},"branchMap":{},"s":{"0":0,"1":0,"2":0,"3":0},"f":{"0":0},"b":{}}
,"/home/mdsame/Documents/zemoso-training/react/blinkist/MyApp/blinkist/src/components/organisms/ExtendedNav/ExtendedNav.tsx": {"path":"/home/mdsame/Documents/zemoso-training/react/blinkist/MyApp/blinkist/src/components/organisms/ExtendedNav/ExtendedNav.tsx","statementMap":{"0":{"start":{"line":10,"column":14},"end":{"line":23,"column":2}},"1":{"start":{"line":25,"column":18},"end":{"line":73,"column":2}},"2":{"start":{"line":75,"column":19},"end":{"line":84,"column":2}},"3":{"start":{"line":86,"column":20},"end":{"line":143,"column":1}},"4":{"start":{"line":87,"column":36},"end":{"line":90,"column":4}},"5":{"start":{"line":92,"column":2},"end":{"line":97,"column":9}},"6":{"start":{"line":93,"column":4},"end":{"line":96,"column":7}},"7":{"start":{"line":99,"column":16},"end":{"line":99,"column":27}},"8":{"start":{"line":101,"column":19},"end":{"line":101,"column":32}},"9":{"start":{"line":103,"column":30},"end":{"line":103,"column":40}},"10":{"start":{"line":105,"column":31},"end":{"line":107,"column":3}},"11":{"start":{"line":106,"column":4},"end":{"line":106,"column":64}},"12":{"start":{"line":109,"column":2},"end":{"line":142,"column":4}},"13":{"start":{"line":124,"column":16},"end":{"line":135,"column":18}}},"fnMap":{"0":{"name":"(anonymous_0)","decl":{"start":{"line":86,"column":20},"end":{"line":86,"column":21}},"loc":{"start":{"line":86,"column":26},"end":{"line":143,"column":1}},"line":86},"1":{"name":"(anonymous_1)","decl":{"start":{"line":92,"column":12},"end":{"line":92,"column":13}},"loc":{"start":{"line":92,"column":18},"end":{"line":97,"column":3}},"line":92},"2":{"name":"(anonymous_2)","decl":{"start":{"line":105,"column":31},"end":{"line":105,"column":32}},"loc":{"start":{"line":105,"column":37},"end":{"line":107,"column":3}},"line":105},"3":{"name":"(anonymous_3)","decl":{"start":{"line":123,"column":27},"end":{"line":123,"column":28}},"loc":{"start":{"line":123,"column":44},"end":{"line":136,"column":15}},"line":123}},"branchMap":{"0":{"loc":{"start":{"line":106,"column":4},"end":{"line":106,"column":63}},"type":"cond-expr","locations":[{"start":{"line":106,"column":22},"end":{"line":106,"column":47}},{"start":{"line":106,"column":50},"end":{"line":106,"column":63}}],"line":106}},"s":{"0":9,"1":9,"2":9,"3":9,"4":3,"5":2,"6":1,"7":2,"8":2,"9":2,"10":2,"11":0,"12":2,"13":36},"f":{"0":3,"1":1,"2":0,"3":36},"b":{"0":[0,0]},"_coverageSchema":"1a1c01bbd47fc00a2c39e90264f33305004495a9","hash":"128b18ec556fad7e749e0cd4c4ac71d8a98c7089"}
,"/home/mdsame/Documents/zemoso-training/react/blinkist/MyApp/blinkist/src/components/organisms/Footer/Footer.stories.tsx": {"path":"/home/mdsame/Documents/zemoso-training/react/blinkist/MyApp/blinkist/src/components/organisms/Footer/Footer.stories.tsx","statementMap":{"0":{"start":{"line":5,"column":14},"end":{"line":25,"column":2}},"1":{"start":{"line":32,"column":48},"end":{"line":36,"column":1}},"2":{"start":{"line":33,"column":2},"end":{"line":35,"column":18}},"3":{"start":{"line":38,"column":27},"end":{"line":38,"column":44}}},"fnMap":{"0":{"name":"(anonymous_0)","decl":{"start":{"line":32,"column":48},"end":{"line":32,"column":49}},"loc":{"start":{"line":33,"column":2},"end":{"line":35,"column":18}},"line":33}},"branchMap":{},"s":{"0":0,"1":0,"2":0,"3":0},"f":{"0":0},"b":{}}
,"/home/mdsame/Documents/zemoso-training/react/blinkist/MyApp/blinkist/src/components/organisms/Footer/Footer.tsx": {"path":"/home/mdsame/Documents/zemoso-training/react/blinkist/MyApp/blinkist/src/components/organisms/Footer/Footer.tsx","statementMap":{"0":{"start":{"line":10,"column":14},"end":{"line":30,"column":2}},"1":{"start":{"line":32,"column":14},"end":{"line":32,"column":39}},"2":{"start":{"line":34,"column":0},"end":{"line":34,"column":19}},"3":{"start":{"line":36,"column":21},"end":{"line":45,"column":2}},"4":{"start":{"line":47,"column":20},"end":{"line":55,"column":2}},"5":{"start":{"line":57,"column":18},"end":{"line":60,"column":2}},"6":{"start":{"line":62,"column":24},"end":{"line":66,"column":2}},"7":{"start":{"line":68,"column":19},"end":{"line":72,"column":2}},"8":{"start":{"line":74,"column":20},"end":{"line":80,"column":2}},"9":{"start":{"line":82,"column":15},"end":{"line":118,"column":1}},"10":{"start":{"line":83,"column":40},"end":{"line":83,"column":75}},"11":{"start":{"line":85,"column":2},"end":{"line":87,"column":20}},"12":{"start":{"line":86,"column":4},"end":{"line":86,"column":46}},"13":{"start":{"line":89,"column":2},"end":{"line":117,"column":4}}},"fnMap":{"0":{"name":"(anonymous_0)","decl":{"start":{"line":82,"column":15},"end":{"line":82,"column":16}},"loc":{"start":{"line":82,"column":21},"end":{"line":118,"column":1}},"line":82},"1":{"name":"(anonymous_1)","decl":{"start":{"line":85,"column":12},"end":{"line":85,"column":13}},"loc":{"start":{"line":85,"column":18},"end":{"line":87,"column":3}},"line":85}},"branchMap":{},"s":{"0":8,"1":8,"2":8,"3":8,"4":8,"5":8,"6":8,"7":8,"8":8,"9":8,"10":8,"11":8,"12":8,"13":8},"f":{"0":8,"1":8},"b":{},"_coverageSchema":"1a1c01bbd47fc00a2c39e90264f33305004495a9","hash":"b326a8c742df7ff73e878d0104f549ccc60ff79f"}
,"/home/mdsame/Documents/zemoso-training/react/blinkist/MyApp/blinkist/src/components/organisms/FooterNav/FooterNav.stories.tsx": {"path":"/home/mdsame/Documents/zemoso-training/react/blinkist/MyApp/blinkist/src/components/organisms/FooterNav/FooterNav.stories.tsx","statementMap":{"0":{"start":{"line":10,"column":51},"end":{"line":12,"column":1}},"1":{"start":{"line":11,"column":2},"end":{"line":11,"column":25}},"2":{"start":{"line":14,"column":24},"end":{"line":14,"column":41}},"3":{"start":{"line":16,"column":0},"end":{"line":19,"column":2}},"4":{"start":{"line":21,"column":25},"end":{"line":21,"column":42}},"5":{"start":{"line":23,"column":0},"end":{"line":26,"column":2}},"6":{"start":{"line":28,"column":24},"end":{"line":28,"column":41}},"7":{"start":{"line":30,"column":0},"end":{"line":33,"column":2}}},"fnMap":{"0":{"name":"(anonymous_0)","decl":{"start":{"line":10,"column":51},"end":{"line":10,"column":52}},"loc":{"start":{"line":11,"column":2},"end":{"line":11,"column":25}},"line":11}},"branchMap":{},"s":{"0":0,"1":0,"2":0,"3":0,"4":0,"5":0,"6":0,"7":0},"f":{"0":0},"b":{}}
,"/home/mdsame/Documents/zemoso-training/react/blinkist/MyApp/blinkist/src/components/organisms/FooterNav/FooterNav.tsx": {"path":"/home/mdsame/Documents/zemoso-training/react/blinkist/MyApp/blinkist/src/components/organisms/FooterNav/FooterNav.tsx","statementMap":{"0":{"start":{"line":10,"column":14},"end":{"line":30,"column":2}},"1":{"start":{"line":32,"column":22},"end":{"line":35,"column":2}},"2":{"start":{"line":37,"column":21},"end":{"line":39,"column":2}},"3":{"start":{"line":41,"column":18},"end":{"line":56,"column":1}},"4":{"start":{"line":42,"column":2},"end":{"line":55,"column":4}},"5":{"start":{"line":47,"column":10},"end":{"line":51,"column":12}}},"fnMap":{"0":{"name":"(anonymous_0)","decl":{"start":{"line":41,"column":18},"end":{"line":41,"column":19}},"loc":{"start":{"line":41,"column":45},"end":{"line":56,"column":1}},"line":41},"1":{"name":"(anonymous_1)","decl":{"start":{"line":46,"column":24},"end":{"line":46,"column":25}},"loc":{"start":{"line":46,"column":41},"end":{"line":52,"column":9}},"line":46}},"branchMap":{},"s":{"0":9,"1":9,"2":9,"3":9,"4":27,"5":117},"f":{"0":27,"1":117},"b":{},"_coverageSchema":"1a1c01bbd47fc00a2c39e90264f33305004495a9","hash":"d70178112e92f6d724b31f52527b00b2ca3f0439"}
,"/home/mdsame/Documents/zemoso-training/react/blinkist/MyApp/blinkist/src/components/organisms/Header/Header.stories.tsx": {"path":"/home/mdsame/Documents/zemoso-training/react/blinkist/MyApp/blinkist/src/components/organisms/Header/Header.stories.tsx","statementMap":{"0":{"start":{"line":6,"column":14},"end":{"line":21,"column":2}},"1":{"start":{"line":28,"column":48},"end":{"line":34,"column":1}},"2":{"start":{"line":29,"column":2},"end":{"line":33,"column":18}},"3":{"start":{"line":36,"column":27},"end":{"line":36,"column":44}}},"fnMap":{"0":{"name":"(anonymous_0)","decl":{"start":{"line":28,"column":48},"end":{"line":28,"column":49}},"loc":{"start":{"line":29,"column":2},"end":{"line":33,"column":18}},"line":29}},"branchMap":{},"s":{"0":0,"1":0,"2":0,"3":0},"f":{"0":0},"b":{}}
,"/home/mdsame/Documents/zemoso-training/react/blinkist/MyApp/blinkist/src/components/organisms/Header/Header.tsx": {"path":"/home/mdsame/Documents/zemoso-training/react/blinkist/MyApp/blinkist/src/components/organisms/Header/Header.tsx","statementMap":{"0":{"start":{"line":21,"column":14},"end":{"line":36,"column":2}},"1":{"start":{"line":38,"column":18},"end":{"line":82,"column":3}},"2":{"start":{"line":38,"column":36},"end":{"line":82,"column":1}},"3":{"start":{"line":84,"column":15},"end":{"line":196,"column":1}},"4":{"start":{"line":85,"column":40},"end":{"line":85,"column":55}},"5":{"start":{"line":86,"column":38},"end":{"line":86,"column":53}},"6":{"start":{"line":87,"column":50},"end":{"line":89,"column":4}},"7":{"start":{"line":90,"column":50},"end":{"line":92,"column":4}},"8":{"start":{"line":94,"column":19},"end":{"line":94,"column":32}},"9":{"start":{"line":96,"column":57},"end":{"line":96,"column":67}},"10":{"start":{"line":98,"column":30},"end":{"line":106,"column":3}},"11":{"start":{"line":99,"column":4},"end":{"line":99,"column":63}},"12":{"start":{"line":101,"column":4},"end":{"line":105,"column":5}},"13":{"start":{"line":102,"column":6},"end":{"line":102,"column":57}},"14":{"start":{"line":104,"column":6},"end":{"line":104,"column":59}},"15":{"start":{"line":108,"column":30},"end":{"line":116,"column":3}},"16":{"start":{"line":109,"column":4},"end":{"line":109,"column":60}},"17":{"start":{"line":111,"column":4},"end":{"line":115,"column":5}},"18":{"start":{"line":112,"column":6},"end":{"line":112,"column":57}},"19":{"start":{"line":114,"column":6},"end":{"line":114,"column":59}},"20":{"start":{"line":118,"column":16},"end":{"line":118,"column":27}},"21":{"start":{"line":119,"column":2},"end":{"line":195,"column":4}},"22":{"start":{"line":140,"column":20},"end":{"line":140,"column":74}},"23":{"start":{"line":157,"column":18},"end":{"line":157,"column":56}},"24":{"start":{"line":158,"column":18},"end":{"line":158,"column":38}},"25":{"start":{"line":184,"column":16},"end":{"line":184,"column":25}},"26":{"start":{"line":185,"column":16},"end":{"line":185,"column":49}}},"fnMap":{"0":{"name":"(anonymous_0)","decl":{"start":{"line":38,"column":29},"end":{"line":38,"column":30}},"loc":{"start":{"line":38,"column":36},"end":{"line":82,"column":1}},"line":38},"1":{"name":"(anonymous_1)","decl":{"start":{"line":84,"column":15},"end":{"line":84,"column":16}},"loc":{"start":{"line":84,"column":21},"end":{"line":196,"column":1}},"line":84},"2":{"name":"(anonymous_2)","decl":{"start":{"line":98,"column":30},"end":{"line":98,"column":31}},"loc":{"start":{"line":98,"column":36},"end":{"line":106,"column":3}},"line":98},"3":{"name":"(anonymous_3)","decl":{"start":{"line":108,"column":30},"end":{"line":108,"column":31}},"loc":{"start":{"line":108,"column":36},"end":{"line":116,"column":3}},"line":108},"4":{"name":"(anonymous_4)","decl":{"start":{"line":139,"column":27},"end":{"line":139,"column":28}},"loc":{"start":{"line":140,"column":20},"end":{"line":140,"column":74}},"line":140},"5":{"name":"(anonymous_5)","decl":{"start":{"line":156,"column":25},"end":{"line":156,"column":26}},"loc":{"start":{"line":156,"column":31},"end":{"line":159,"column":17}},"line":156},"6":{"name":"(anonymous_6)","decl":{"start":{"line":183,"column":23},"end":{"line":183,"column":24}},"loc":{"start":{"line":183,"column":29},"end":{"line":186,"column":15}},"line":183}},"branchMap":{"0":{"loc":{"start":{"line":99,"column":4},"end":{"line":99,"column":62}},"type":"cond-expr","locations":[{"start":{"line":99,"column":18},"end":{"line":99,"column":39}},{"start":{"line":99,"column":42},"end":{"line":99,"column":62}}],"line":99},"1":{"loc":{"start":{"line":101,"column":4},"end":{"line":105,"column":5}},"type":"if","locations":[{"start":{"line":101,"column":4},"end":{"line":105,"column":5}},{"start":{"line":103,"column":11},"end":{"line":105,"column":5}}],"line":101},"2":{"loc":{"start":{"line":109,"column":4},"end":{"line":109,"column":59}},"type":"cond-expr","locations":[{"start":{"line":109,"column":17},"end":{"line":109,"column":37}},{"start":{"line":109,"column":40},"end":{"line":109,"column":59}}],"line":109},"3":{"loc":{"start":{"line":111,"column":4},"end":{"line":115,"column":5}},"type":"if","locations":[{"start":{"line":111,"column":4},"end":{"line":115,"column":5}},{"start":{"line":113,"column":11},"end":{"line":115,"column":5}}],"line":111},"4":{"loc":{"start":{"line":125,"column":13},"end":{"line":169,"column":13}},"type":"cond-expr","locations":[{"start":{"line":126,"column":14},"end":{"line":152,"column":17}},{"start":{"line":154,"column":14},"end":{"line":168,"column":26}}],"line":125},"5":{"loc":{"start":{"line":140,"column":20},"end":{"line":140,"column":74}},"type":"cond-expr","locations":[{"start":{"line":140,"column":38},"end":{"line":140,"column":58}},{"start":{"line":140,"column":61},"end":{"line":140,"column":74}}],"line":140},"6":{"loc":{"start":{"line":172,"column":9},"end":{"line":172,"column":45}},"type":"cond-expr","locations":[{"start":{"line":172,"column":23},"end":{"line":172,"column":38}},{"start":{"line":172,"column":41},"end":{"line":172,"column":45}}],"line":172},"7":{"loc":{"start":{"line":173,"column":9},"end":{"line":192,"column":16}},"type":"cond-expr","locations":[{"start":{"line":174,"column":10},"end":{"line":191,"column":18}},{"start":{"line":192,"column":12},"end":{"line":192,"column":16}}],"line":173},"8":{"loc":{"start":{"line":173,"column":9},"end":{"line":173,"column":38}},"type":"binary-expr","locations":[{"start":{"line":173,"column":9},"end":{"line":173,"column":24}},{"start":{"line":173,"column":28},"end":{"line":173,"column":38}}],"line":173}},"s":{"0":8,"1":8,"2":9,"3":8,"4":11,"5":11,"6":11,"7":11,"8":11,"9":11,"10":11,"11":0,"12":0,"13":0,"14":0,"15":11,"16":0,"17":0,"18":0,"19":0,"20":11,"21":11,"22":0,"23":0,"24":0,"25":0,"26":0},"f":{"0":9,"1":11,"2":0,"3":0,"4":0,"5":0,"6":0},"b":{"0":[0,0],"1":[0,0],"2":[0,0],"3":[0,0],"4":[0,11],"5":[0,0],"6":[0,11],"7":[0,11],"8":[11,0]},"_coverageSchema":"1a1c01bbd47fc00a2c39e90264f33305004495a9","hash":"a025d5006def3187b34bce68de9d227dc3854b64"}
,"/home/mdsame/Documents/zemoso-training/react/blinkist/MyApp/blinkist/src/components/organisms/Tab/LabTabs.stories.tsx": {"path":"/home/mdsame/Documents/zemoso-training/react/blinkist/MyApp/blinkist/src/components/organisms/Tab/LabTabs.stories.tsx","statementMap":{"0":{"start":{"line":5,"column":14},"end":{"line":32,"column":2}},"1":{"start":{"line":39,"column":45},"end":{"line":43,"column":1}},"2":{"start":{"line":40,"column":2},"end":{"line":42,"column":18}},"3":{"start":{"line":45,"column":28},"end":{"line":45,"column":45}},"4":{"start":{"line":46,"column":0},"end":{"line":46,"column":23}}},"fnMap":{"0":{"name":"(anonymous_0)","decl":{"start":{"line":39,"column":45},"end":{"line":39,"column":46}},"loc":{"start":{"line":40,"column":2},"end":{"line":42,"column":18}},"line":40}},"branchMap":{},"s":{"0":0,"1":0,"2":0,"3":0,"4":0},"f":{"0":0},"b":{}}
,"/home/mdsame/Documents/zemoso-training/react/blinkist/MyApp/blinkist/src/components/organisms/Tab/LabTabs.tsx": {"path":"/home/mdsame/Documents/zemoso-training/react/blinkist/MyApp/blinkist/src/components/organisms/Tab/LabTabs.tsx","statementMap":{"0":{"start":{"line":14,"column":17},"end":{"line":33,"column":2}},"1":{"start":{"line":35,"column":18},"end":{"line":41,"column":2}},"2":{"start":{"line":43,"column":19},"end":{"line":51,"column":2}},"3":{"start":{"line":53,"column":16},"end":{"line":164,"column":1}},"4":{"start":{"line":54,"column":28},"end":{"line":54,"column":49}},"5":{"start":{"line":55,"column":38},"end":{"line":70,"column":4}},"6":{"start":{"line":72,"column":2},"end":{"line":79,"column":19}},"7":{"start":{"line":73,"column":20},"end":{"line":77,"column":5}},"8":{"start":{"line":74,"column":23},"end":{"line":74,"column":49}},"9":{"start":{"line":75,"column":21},"end":{"line":75,"column":34}},"10":{"start":{"line":76,"column":6},"end":{"line":76,"column":28}},"11":{"start":{"line":78,"column":4},"end":{"line":78,"column":14}},"12":{"start":{"line":81,"column":23},"end":{"line":83,"column":3}},"13":{"start":{"line":82,"column":4},"end":{"line":82,"column":23}},"14":{"start":{"line":85,"column":16},"end":{"line":85,"column":27}},"15":{"start":{"line":87,"column":2},"end":{"line":163,"column":4}},"16":{"start":{"line":122,"column":34},"end":{"line":122,"column":56}},"17":{"start":{"line":124,"column":20},"end":{"line":135,"column":22}},"18":{"start":{"line":142,"column":34},"end":{"line":142,"column":55}},"19":{"start":{"line":144,"column":20},"end":{"line":155,"column":22}}},"fnMap":{"0":{"name":"(anonymous_0)","decl":{"start":{"line":53,"column":16},"end":{"line":53,"column":17}},"loc":{"start":{"line":53,"column":22},"end":{"line":164,"column":1}},"line":53},"1":{"name":"(anonymous_1)","decl":{"start":{"line":72,"column":12},"end":{"line":72,"column":13}},"loc":{"start":{"line":72,"column":18},"end":{"line":79,"column":3}},"line":72},"2":{"name":"(anonymous_2)","decl":{"start":{"line":73,"column":20},"end":{"line":73,"column":21}},"loc":{"start":{"line":73,"column":32},"end":{"line":77,"column":5}},"line":73},"3":{"name":"(anonymous_3)","decl":{"start":{"line":81,"column":23},"end":{"line":81,"column":24}},"loc":{"start":{"line":81,"column":74},"end":{"line":83,"column":3}},"line":81},"4":{"name":"(anonymous_4)","decl":{"start":{"line":122,"column":26},"end":{"line":122,"column":27}},"loc":{"start":{"line":122,"column":34},"end":{"line":122,"column":56}},"line":122},"5":{"name":"(anonymous_5)","decl":{"start":{"line":123,"column":23},"end":{"line":123,"column":24}},"loc":{"start":{"line":123,"column":40},"end":{"line":136,"column":19}},"line":123},"6":{"name":"(anonymous_6)","decl":{"start":{"line":142,"column":26},"end":{"line":142,"column":27}},"loc":{"start":{"line":142,"column":34},"end":{"line":142,"column":55}},"line":142},"7":{"name":"(anonymous_7)","decl":{"start":{"line":143,"column":23},"end":{"line":143,"column":24}},"loc":{"start":{"line":143,"column":40},"end":{"line":156,"column":19}},"line":143}},"branchMap":{},"s":{"0":3,"1":3,"2":3,"3":3,"4":4,"5":4,"6":4,"7":3,"8":3,"9":0,"10":0,"11":3,"12":4,"13":1,"14":4,"15":4,"16":4,"17":4,"18":4,"19":0},"f":{"0":4,"1":3,"2":3,"3":1,"4":4,"5":4,"6":4,"7":0},"b":{},"_coverageSchema":"1a1c01bbd47fc00a2c39e90264f33305004495a9","hash":"56fcc2a3ada3e152b726c6b36ed8b69ce949c698"}
,"/home/mdsame/Documents/zemoso-training/react/blinkist/MyApp/blinkist/src/components/templates/BookDetail/BookDetail.tsx": {"path":"/home/mdsame/Documents/zemoso-training/react/blinkist/MyApp/blinkist/src/components/templates/BookDetail/BookDetail.tsx","statementMap":{"0":{"start":{"line":9,"column":14},"end":{"line":56,"column":2}},"1":{"start":{"line":58,"column":19},"end":{"line":68,"column":1}},"2":{"start":{"line":59,"column":2},"end":{"line":67,"column":4}}},"fnMap":{"0":{"name":"(anonymous_0)","decl":{"start":{"line":58,"column":19},"end":{"line":58,"column":20}},"loc":{"start":{"line":58,"column":45},"end":{"line":68,"column":1}},"line":58}},"branchMap":{},"s":{"0":2,"1":2,"2":2},"f":{"0":2},"b":{},"_coverageSchema":"1a1c01bbd47fc00a2c39e90264f33305004495a9","hash":"6537ae3cc11ade7c4af6a0e47adf2e44d1cd5fcd"}
,"/home/mdsame/Documents/zemoso-training/react/blinkist/MyApp/blinkist/src/components/templates/Entreprenuer/Entreprenuer.tsx": {"path":"/home/mdsame/Documents/zemoso-training/react/blinkist/MyApp/blinkist/src/components/templates/Entreprenuer/Entreprenuer.tsx","statementMap":{"0":{"start":{"line":14,"column":14},"end":{"line":29,"column":2}},"1":{"start":{"line":31,"column":18},"end":{"line":36,"column":2}},"2":{"start":{"line":38,"column":21},"end":{"line":43,"column":2}},"3":{"start":{"line":45,"column":22},"end":{"line":50,"column":2}},"4":{"start":{"line":52,"column":21},"end":{"line":57,"column":2}},"5":{"start":{"line":59,"column":21},"end":{"line":61,"column":2}},"6":{"start":{"line":63,"column":21},"end":{"line":78,"column":1}},"7":{"start":{"line":64,"column":16},"end":{"line":64,"column":27}},"8":{"start":{"line":65,"column":2},"end":{"line":77,"column":4}}},"fnMap":{"0":{"name":"(anonymous_0)","decl":{"start":{"line":63,"column":21},"end":{"line":63,"column":22}},"loc":{"start":{"line":63,"column":51},"end":{"line":78,"column":1}},"line":63}},"branchMap":{},"s":{"0":2,"1":2,"2":2,"3":2,"4":2,"5":2,"6":2,"7":4,"8":2},"f":{"0":4},"b":{},"_coverageSchema":"1a1c01bbd47fc00a2c39e90264f33305004495a9","hash":"03fa74ac70019acc31159966dfc074625fcade75"}
,"/home/mdsame/Documents/zemoso-training/react/blinkist/MyApp/blinkist/src/components/templates/LandingTemplate/LandingTemplate.tsx": {"path":"/home/mdsame/Documents/zemoso-training/react/blinkist/MyApp/blinkist/src/components/templates/LandingTemplate/LandingTemplate.tsx","statementMap":{"0":{"start":{"line":9,"column":18},"end":{"line":14,"column":2}},"1":{"start":{"line":16,"column":24},"end":{"line":27,"column":1}},"2":{"start":{"line":17,"column":16},"end":{"line":17,"column":27}},"3":{"start":{"line":18,"column":2},"end":{"line":26,"column":4}}},"fnMap":{"0":{"name":"(anonymous_0)","decl":{"start":{"line":16,"column":24},"end":{"line":16,"column":25}},"loc":{"start":{"line":16,"column":57},"end":{"line":27,"column":1}},"line":16}},"branchMap":{},"s":{"0":1,"1":1,"2":1,"3":1},"f":{"0":1},"b":{},"_coverageSchema":"1a1c01bbd47fc00a2c39e90264f33305004495a9","hash":"f5af1e83b7153ccac7321635b8916e2ee29dfba8"}
,"/home/mdsame/Documents/zemoso-training/react/blinkist/MyApp/blinkist/src/components/templates/MyLibrary/MyLibrary.tsx": {"path":"/home/mdsame/Documents/zemoso-training/react/blinkist/MyApp/blinkist/src/components/templates/MyLibrary/MyLibrary.tsx","statementMap":{"0":{"start":{"line":13,"column":19},"end":{"line":28,"column":2}},"1":{"start":{"line":30,"column":18},"end":{"line":39,"column":2}},"2":{"start":{"line":41,"column":18},"end":{"line":57,"column":1}},"3":{"start":{"line":42,"column":16},"end":{"line":42,"column":27}},"4":{"start":{"line":43,"column":2},"end":{"line":56,"column":4}}},"fnMap":{"0":{"name":"(anonymous_0)","decl":{"start":{"line":41,"column":18},"end":{"line":41,"column":19}},"loc":{"start":{"line":41,"column":45},"end":{"line":57,"column":1}},"line":41}},"branchMap":{},"s":{"0":2,"1":2,"2":2,"3":2,"4":2},"f":{"0":2},"b":{},"_coverageSchema":"1a1c01bbd47fc00a2c39e90264f33305004495a9","hash":"3e40e2e716a47f262ed867723093caa7da90f5e5"}
,"/home/mdsame/Documents/zemoso-training/react/blinkist/MyApp/blinkist/src/components/theme/theme.tsx": {"path":"/home/mdsame/Documents/zemoso-training/react/blinkist/MyApp/blinkist/src/components/theme/theme.tsx","statementMap":{"0":{"start":{"line":3,"column":14},"end":{"line":79,"column":2}}},"fnMap":{},"branchMap":{},"s":{"0":0},"f":{},"b":{}}
,"/home/mdsame/Documents/zemoso-training/react/blinkist/MyApp/blinkist/src/data/Constants.tsx": {"path":"/home/mdsame/Documents/zemoso-training/react/blinkist/MyApp/blinkist/src/data/Constants.tsx","statementMap":{"0":{"start":{"line":1,"column":18},"end":{"line":40,"column":1}}},"fnMap":{},"branchMap":{},"s":{"0":12},"f":{},"b":{},"_coverageSchema":"1a1c01bbd47fc00a2c39e90264f33305004495a9","hash":"cac4aa66a5055a038feaca5d8e7982122bd1c236"}
,"/home/mdsame/Documents/zemoso-training/react/blinkist/MyApp/blinkist/src/data/ExtendedNavData.tsx": {"path":"/home/mdsame/Documents/zemoso-training/react/blinkist/MyApp/blinkist/src/data/ExtendedNavData.tsx","statementMap":{"0":{"start":{"line":20,"column":24},"end":{"line":93,"column":1}}},"fnMap":{},"branchMap":{},"s":{"0":9},"f":{},"b":{},"_coverageSchema":"1a1c01bbd47fc00a2c39e90264f33305004495a9","hash":"08ca05ce57d0f426c523747cdbc628cd9d2d6842"}
,"/home/mdsame/Documents/zemoso-training/react/blinkist/MyApp/blinkist/src/data/FooterNav.tsx": {"path":"/home/mdsame/Documents/zemoso-training/react/blinkist/MyApp/blinkist/src/data/FooterNav.tsx","statementMap":{"0":{"start":{"line":1,"column":18},"end":{"line":16,"column":1}}},"fnMap":{},"branchMap":{},"s":{"0":9},"f":{},"b":{},"_coverageSchema":"1a1c01bbd47fc00a2c39e90264f33305004495a9","hash":"010bd3a8cb652b6e052a59e34cd28922ad4fda9e"}
,"/home/mdsame/Documents/zemoso-training/react/blinkist/MyApp/blinkist/src/data/Library.tsx": {"path":"/home/mdsame/Documents/zemoso-training/react/blinkist/MyApp/blinkist/src/data/Library.tsx","statementMap":{"0":{"start":{"line":13,"column":16},"end":{"line":168,"column":1}}},"fnMap":{},"branchMap":{},"s":{"0":3},"f":{},"b":{},"_coverageSchema":"1a1c01bbd47fc00a2c39e90264f33305004495a9","hash":"d5af098f205c560179c2fdb4be8b0d8692d7d4b0"}
}
