{"/home/mdsame/Documents/zemoso-training/react/blinkist/MyApp/blinkist/src/App.tsx": {"path":"/home/mdsame/Documents/zemoso-training/react/blinkist/MyApp/blinkist/src/App.tsx","statementMap":{"0":{"start":{"line":7,"column":12},"end":{"line":31,"column":1}},"1":{"start":{"line":8,"column":2},"end":{"line":30,"column":4}}},"fnMap":{"0":{"name":"(anonymous_0)","decl":{"start":{"line":7,"column":12},"end":{"line":7,"column":13}},"loc":{"start":{"line":7,"column":18},"end":{"line":31,"column":1}},"line":7}},"branchMap":{"0":{"loc":{"start":{"line":14,"column":10},"end":{"line":14,"column":75}},"type":"cond-expr","locations":[{"start":{"line":14,"column":42},"end":{"line":14,"column":57}},{"start":{"line":14,"column":60},"end":{"line":14,"column":75}}],"line":14},"1":{"loc":{"start":{"line":20,"column":10},"end":{"line":20,"column":80}},"type":"cond-expr","locations":[{"start":{"line":20,"column":42},"end":{"line":20,"column":62}},{"start":{"line":20,"column":65},"end":{"line":20,"column":80}}],"line":20},"2":{"loc":{"start":{"line":26,"column":10},"end":{"line":26,"column":78}},"type":"cond-expr","locations":[{"start":{"line":26,"column":42},"end":{"line":26,"column":60}},{"start":{"line":26,"column":63},"end":{"line":26,"column":78}}],"line":26}},"s":{"0":0,"1":0},"f":{"0":0},"b":{"0":[0,0],"1":[0,0],"2":[0,0]}}
,"/home/mdsame/Documents/zemoso-training/react/blinkist/MyApp/blinkist/src/index.tsx": {"path":"/home/mdsame/Documents/zemoso-training/react/blinkist/MyApp/blinkist/src/index.tsx","statementMap":{"0":{"start":{"line":9,"column":0},"end":{"line":16,"column":2}},"1":{"start":{"line":21,"column":0},"end":{"line":21,"column":18}}},"fnMap":{},"branchMap":{},"s":{"0":0,"1":0},"f":{},"b":{}}
,"/home/mdsame/Documents/zemoso-training/react/blinkist/MyApp/blinkist/src/reportWebVitals.ts": {"path":"/home/mdsame/Documents/zemoso-training/react/blinkist/MyApp/blinkist/src/reportWebVitals.ts","statementMap":{"0":{"start":{"line":3,"column":24},"end":{"line":13,"column":1}},"1":{"start":{"line":4,"column":2},"end":{"line":12,"column":3}},"2":{"start":{"line":5,"column":4},"end":{"line":11,"column":7}},"3":{"start":{"line":6,"column":6},"end":{"line":6,"column":26}},"4":{"start":{"line":7,"column":6},"end":{"line":7,"column":26}},"5":{"start":{"line":8,"column":6},"end":{"line":8,"column":26}},"6":{"start":{"line":9,"column":6},"end":{"line":9,"column":26}},"7":{"start":{"line":10,"column":6},"end":{"line":10,"column":27}}},"fnMap":{"0":{"name":"(anonymous_0)","decl":{"start":{"line":3,"column":24},"end":{"line":3,"column":25}},"loc":{"start":{"line":3,"column":57},"end":{"line":13,"column":1}},"line":3},"1":{"name":"(anonymous_1)","decl":{"start":{"line":5,"column":30},"end":{"line":5,"column":31}},"loc":{"start":{"line":5,"column":79},"end":{"line":11,"column":5}},"line":5}},"branchMap":{"0":{"loc":{"start":{"line":4,"column":2},"end":{"line":12,"column":3}},"type":"if","locations":[{"start":{"line":4,"column":2},"end":{"line":12,"column":3}},{"start":{},"end":{}}],"line":4},"1":{"loc":{"start":{"line":4,"column":6},"end":{"line":4,"column":52}},"type":"binary-expr","locations":[{"start":{"line":4,"column":6},"end":{"line":4,"column":17}},{"start":{"line":4,"column":21},"end":{"line":4,"column":52}}],"line":4}},"s":{"0":0,"1":0,"2":0,"3":0,"4":0,"5":0,"6":0,"7":0},"f":{"0":0,"1":0},"b":{"0":[0,0],"1":[0,0]}}
,"/home/mdsame/Documents/zemoso-training/react/blinkist/MyApp/blinkist/src/Pages/BookDetailPage/BookDetailPage.tsx": {"path":"/home/mdsame/Documents/zemoso-training/react/blinkist/MyApp/blinkist/src/Pages/BookDetailPage/BookDetailPage.tsx","statementMap":{"0":{"start":{"line":6,"column":23},"end":{"line":14,"column":1}},"1":{"start":{"line":7,"column":2},"end":{"line":13,"column":4}}},"fnMap":{"0":{"name":"(anonymous_0)","decl":{"start":{"line":6,"column":23},"end":{"line":6,"column":24}},"loc":{"start":{"line":6,"column":29},"end":{"line":14,"column":1}},"line":6}},"branchMap":{},"s":{"0":0,"1":0},"f":{"0":0},"b":{}}
,"/home/mdsame/Documents/zemoso-training/react/blinkist/MyApp/blinkist/src/Pages/EntrepreneurPage/EntrepreneurPage.tsx": {"path":"/home/mdsame/Documents/zemoso-training/react/blinkist/MyApp/blinkist/src/Pages/EntrepreneurPage/EntrepreneurPage.tsx","statementMap":{"0":{"start":{"line":10,"column":25},"end":{"line":40,"column":1}},"1":{"start":{"line":11,"column":2},"end":{"line":39,"column":4}}},"fnMap":{"0":{"name":"(anonymous_0)","decl":{"start":{"line":10,"column":25},"end":{"line":10,"column":26}},"loc":{"start":{"line":10,"column":31},"end":{"line":40,"column":1}},"line":10}},"branchMap":{},"s":{"0":0,"1":0},"f":{"0":0},"b":{}}
,"/home/mdsame/Documents/zemoso-training/react/blinkist/MyApp/blinkist/src/Pages/LandingPage/LandingPage.tsx": {"path":"/home/mdsame/Documents/zemoso-training/react/blinkist/MyApp/blinkist/src/Pages/LandingPage/LandingPage.tsx","statementMap":{"0":{"start":{"line":6,"column":20},"end":{"line":14,"column":1}},"1":{"start":{"line":7,"column":2},"end":{"line":13,"column":4}}},"fnMap":{"0":{"name":"(anonymous_0)","decl":{"start":{"line":6,"column":20},"end":{"line":6,"column":21}},"loc":{"start":{"line":6,"column":26},"end":{"line":14,"column":1}},"line":6}},"branchMap":{},"s":{"0":0,"1":0},"f":{"0":0},"b":{}}
,"/home/mdsame/Documents/zemoso-training/react/blinkist/MyApp/blinkist/src/Pages/LibraryPage/LibraryPage.tsx": {"path":"/home/mdsame/Documents/zemoso-training/react/blinkist/MyApp/blinkist/src/Pages/LibraryPage/LibraryPage.tsx","statementMap":{"0":{"start":{"line":8,"column":20},"end":{"line":17,"column":1}},"1":{"start":{"line":9,"column":2},"end":{"line":16,"column":4}}},"fnMap":{"0":{"name":"(anonymous_0)","decl":{"start":{"line":8,"column":20},"end":{"line":8,"column":21}},"loc":{"start":{"line":8,"column":26},"end":{"line":17,"column":1}},"line":8}},"branchMap":{},"s":{"0":0,"1":0},"f":{"0":0},"b":{}}
,"/home/mdsame/Documents/zemoso-training/react/blinkist/MyApp/blinkist/src/api/library.tsx": {"path":"/home/mdsame/Documents/zemoso-training/react/blinkist/MyApp/blinkist/src/api/library.tsx","statementMap":{},"fnMap":{},"branchMap":{},"s":{},"f":{},"b":{},"_coverageSchema":"1a1c01bbd47fc00a2c39e90264f33305004495a9","hash":"9c7c7387f62899cece060dabb550076ed7769b5e"}
,"/home/mdsame/Documents/zemoso-training/react/blinkist/MyApp/blinkist/src/auth0/auth0ProviderComponent.tsx": {"path":"/home/mdsame/Documents/zemoso-training/react/blinkist/MyApp/blinkist/src/auth0/auth0ProviderComponent.tsx","statementMap":{"0":{"start":{"line":8,"column":31},"end":{"line":27,"column":1}},"1":{"start":{"line":9,"column":19},"end":{"line":9,"column":32}},"2":{"start":{"line":10,"column":25},"end":{"line":10,"column":69}},"3":{"start":{"line":11,"column":27},"end":{"line":11,"column":74}},"4":{"start":{"line":13,"column":29},"end":{"line":15,"column":3}},"5":{"start":{"line":14,"column":4},"end":{"line":14,"column":25}},"6":{"start":{"line":17,"column":2},"end":{"line":26,"column":4}}},"fnMap":{"0":{"name":"(anonymous_0)","decl":{"start":{"line":8,"column":31},"end":{"line":8,"column":32}},"loc":{"start":{"line":8,"column":53},"end":{"line":27,"column":1}},"line":8},"1":{"name":"(anonymous_1)","decl":{"start":{"line":13,"column":29},"end":{"line":13,"column":30}},"loc":{"start":{"line":13,"column":35},"end":{"line":15,"column":3}},"line":13}},"branchMap":{},"s":{"0":0,"1":0,"2":0,"3":0,"4":0,"5":0,"6":0},"f":{"0":0,"1":0},"b":{}}
,"/home/mdsame/Documents/zemoso-training/react/blinkist/MyApp/blinkist/src/components/atoms/Icons/IconButtonComponent.stories.tsx": {"path":"/home/mdsame/Documents/zemoso-training/react/blinkist/MyApp/blinkist/src/components/atoms/Icons/IconButtonComponent.stories.tsx","statementMap":{"0":{"start":{"line":12,"column":52},"end":{"line":14,"column":1}},"1":{"start":{"line":13,"column":2},"end":{"line":13,"column":26}},"2":{"start":{"line":16,"column":31},"end":{"line":16,"column":48}},"3":{"start":{"line":17,"column":0},"end":{"line":19,"column":2}},"4":{"start":{"line":21,"column":33},"end":{"line":21,"column":50}},"5":{"start":{"line":22,"column":0},"end":{"line":24,"column":2}}},"fnMap":{"0":{"name":"(anonymous_0)","decl":{"start":{"line":12,"column":52},"end":{"line":12,"column":53}},"loc":{"start":{"line":13,"column":2},"end":{"line":13,"column":26}},"line":13}},"branchMap":{},"s":{"0":0,"1":0,"2":0,"3":0,"4":0,"5":0},"f":{"0":0},"b":{}}
,"/home/mdsame/Documents/zemoso-training/react/blinkist/MyApp/blinkist/src/components/atoms/Icons/IconButtonComponent.tsx": {"path":"/home/mdsame/Documents/zemoso-training/react/blinkist/MyApp/blinkist/src/components/atoms/Icons/IconButtonComponent.tsx","statementMap":{"0":{"start":{"line":12,"column":28},"end":{"line":24,"column":1}},"1":{"start":{"line":13,"column":2},"end":{"line":23,"column":4}}},"fnMap":{"0":{"name":"(anonymous_0)","decl":{"start":{"line":12,"column":28},"end":{"line":12,"column":29}},"loc":{"start":{"line":12,"column":51},"end":{"line":24,"column":1}},"line":12}},"branchMap":{"0":{"loc":{"start":{"line":17,"column":12},"end":{"line":17,"column":52}},"type":"cond-expr","locations":[{"start":{"line":17,"column":39},"end":{"line":17,"column":44}},{"start":{"line":17,"column":47},"end":{"line":17,"column":52}}],"line":17}},"s":{"0":7,"1":21},"f":{"0":21},"b":{"0":[1,18]},"_coverageSchema":"1a1c01bbd47fc00a2c39e90264f33305004495a9","hash":"da8a0d84e9f9483ef8b5b38d388da7386190fbf6"}
,"/home/mdsame/Documents/zemoso-training/react/blinkist/MyApp/blinkist/src/components/atoms/Logo/Logo.stories.tsx": {"path":"/home/mdsame/Documents/zemoso-training/react/blinkist/MyApp/blinkist/src/components/atoms/Logo/Logo.stories.tsx","statementMap":{"0":{"start":{"line":9,"column":46},"end":{"line":9,"column":72}},"1":{"start":{"line":9,"column":54},"end":{"line":9,"column":72}},"2":{"start":{"line":11,"column":28},"end":{"line":11,"column":45}}},"fnMap":{"0":{"name":"(anonymous_0)","decl":{"start":{"line":9,"column":46},"end":{"line":9,"column":47}},"loc":{"start":{"line":9,"column":54},"end":{"line":9,"column":72}},"line":9}},"branchMap":{},"s":{"0":0,"1":0,"2":0},"f":{"0":0},"b":{}}
,"/home/mdsame/Documents/zemoso-training/react/blinkist/MyApp/blinkist/src/components/atoms/Logo/Logo.tsx": {"path":"/home/mdsame/Documents/zemoso-training/react/blinkist/MyApp/blinkist/src/components/atoms/Logo/Logo.tsx","statementMap":{"0":{"start":{"line":7,"column":13},"end":{"line":9,"column":1}},"1":{"start":{"line":8,"column":2},"end":{"line":8,"column":76}}},"fnMap":{"0":{"name":"(anonymous_0)","decl":{"start":{"line":7,"column":13},"end":{"line":7,"column":14}},"loc":{"start":{"line":7,"column":36},"end":{"line":9,"column":1}},"line":7}},"branchMap":{},"s":{"0":2,"1":2},"f":{"0":2},"b":{},"_coverageSchema":"1a1c01bbd47fc00a2c39e90264f33305004495a9","hash":"4eaca797dcec5259b5418b2d97cb1afa8bd0377e"}
,"/home/mdsame/Documents/zemoso-training/react/blinkist/MyApp/blinkist/src/components/atoms/Typography/Typography.stories.tsx": {"path":"/home/mdsame/Documents/zemoso-training/react/blinkist/MyApp/blinkist/src/components/atoms/Typography/Typography.stories.tsx","statementMap":{"0":{"start":{"line":9,"column":52},"end":{"line":11,"column":1}},"1":{"start":{"line":10,"column":2},"end":{"line":10,"column":26}},"2":{"start":{"line":13,"column":23},"end":{"line":13,"column":40}},"3":{"start":{"line":14,"column":0},"end":{"line":17,"column":2}},"4":{"start":{"line":19,"column":25},"end":{"line":19,"column":42}},"5":{"start":{"line":20,"column":0},"end":{"line":23,"column":2}},"6":{"start":{"line":25,"column":25},"end":{"line":25,"column":42}},"7":{"start":{"line":26,"column":0},"end":{"line":29,"column":2}},"8":{"start":{"line":31,"column":23},"end":{"line":31,"column":40}},"9":{"start":{"line":32,"column":0},"end":{"line":35,"column":2}}},"fnMap":{"0":{"name":"(anonymous_0)","decl":{"start":{"line":9,"column":52},"end":{"line":9,"column":53}},"loc":{"start":{"line":10,"column":2},"end":{"line":10,"column":26}},"line":10}},"branchMap":{},"s":{"0":0,"1":0,"2":0,"3":0,"4":0,"5":0,"6":0,"7":0,"8":0,"9":0},"f":{"0":0},"b":{}}
,"/home/mdsame/Documents/zemoso-training/react/blinkist/MyApp/blinkist/src/components/atoms/Typography/Typography.tsx": {"path":"/home/mdsame/Documents/zemoso-training/react/blinkist/MyApp/blinkist/src/components/atoms/Typography/Typography.tsx","statementMap":{"0":{"start":{"line":24,"column":28},"end":{"line":36,"column":1}},"1":{"start":{"line":25,"column":2},"end":{"line":35,"column":4}}},"fnMap":{"0":{"name":"(anonymous_0)","decl":{"start":{"line":24,"column":28},"end":{"line":24,"column":29}},"loc":{"start":{"line":24,"column":57},"end":{"line":36,"column":1}},"line":24}},"branchMap":{},"s":{"0":11,"1":89},"f":{"0":89},"b":{},"_coverageSchema":"1a1c01bbd47fc00a2c39e90264f33305004495a9","hash":"3eeeef03109f0fa25307db3d28c959a0c4b60786"}
,"/home/mdsame/Documents/zemoso-training/react/blinkist/MyApp/blinkist/src/components/molecules/AddButton/AddButton.stories.tsx": {"path":"/home/mdsame/Documents/zemoso-training/react/blinkist/MyApp/blinkist/src/components/molecules/AddButton/AddButton.stories.tsx","statementMap":{"0":{"start":{"line":8,"column":14},"end":{"line":20,"column":2}},"1":{"start":{"line":36,"column":51},"end":{"line":40,"column":1}},"2":{"start":{"line":37,"column":2},"end":{"line":39,"column":18}},"3":{"start":{"line":42,"column":26},"end":{"line":42,"column":43}},"4":{"start":{"line":44,"column":0},"end":{"line":56,"column":2}},"5":{"start":{"line":58,"column":23},"end":{"line":58,"column":40}},"6":{"start":{"line":60,"column":0},"end":{"line":66,"column":2}}},"fnMap":{"0":{"name":"(anonymous_0)","decl":{"start":{"line":36,"column":51},"end":{"line":36,"column":52}},"loc":{"start":{"line":37,"column":2},"end":{"line":39,"column":18}},"line":37}},"branchMap":{},"s":{"0":0,"1":0,"2":0,"3":0,"4":0,"5":0,"6":0},"f":{"0":0},"b":{}}
,"/home/mdsame/Documents/zemoso-training/react/blinkist/MyApp/blinkist/src/components/molecules/AddButton/AddButton.tsx": {"path":"/home/mdsame/Documents/zemoso-training/react/blinkist/MyApp/blinkist/src/components/molecules/AddButton/AddButton.tsx","statementMap":{"0":{"start":{"line":12,"column":14},"end":{"line":22,"column":2}},"1":{"start":{"line":24,"column":18},"end":{"line":41,"column":1}},"2":{"start":{"line":25,"column":2},"end":{"line":40,"column":4}}},"fnMap":{"0":{"name":"(anonymous_0)","decl":{"start":{"line":24,"column":18},"end":{"line":24,"column":19}},"loc":{"start":{"line":24,"column":42},"end":{"line":41,"column":1}},"line":24}},"branchMap":{},"s":{"0":4,"1":4,"2":11},"f":{"0":11},"b":{},"_coverageSchema":"1a1c01bbd47fc00a2c39e90264f33305004495a9","hash":"01ace6cce958d914db5c0425842e35feb1ab9076"}
,"/home/mdsame/Documents/zemoso-training/react/blinkist/MyApp/blinkist/src/components/molecules/Dropdown/Dropdown.stories.tsx": {"path":"/home/mdsame/Documents/zemoso-training/react/blinkist/MyApp/blinkist/src/components/molecules/Dropdown/Dropdown.stories.tsx","statementMap":{"0":{"start":{"line":10,"column":50},"end":{"line":12,"column":1}},"1":{"start":{"line":11,"column":2},"end":{"line":11,"column":24}},"2":{"start":{"line":14,"column":31},"end":{"line":14,"column":48}},"3":{"start":{"line":15,"column":0},"end":{"line":17,"column":2}},"4":{"start":{"line":19,"column":31},"end":{"line":19,"column":48}},"5":{"start":{"line":20,"column":0},"end":{"line":22,"column":2}}},"fnMap":{"0":{"name":"(anonymous_0)","decl":{"start":{"line":10,"column":50},"end":{"line":10,"column":51}},"loc":{"start":{"line":11,"column":2},"end":{"line":11,"column":24}},"line":11}},"branchMap":{},"s":{"0":0,"1":0,"2":0,"3":0,"4":0,"5":0},"f":{"0":0},"b":{}}
,"/home/mdsame/Documents/zemoso-training/react/blinkist/MyApp/blinkist/src/components/molecules/Dropdown/Dropdown.tsx": {"path":"/home/mdsame/Documents/zemoso-training/react/blinkist/MyApp/blinkist/src/components/molecules/Dropdown/Dropdown.tsx","statementMap":{"0":{"start":{"line":16,"column":18},"end":{"line":32,"column":2}},"1":{"start":{"line":34,"column":17},"end":{"line":54,"column":1}},"2":{"start":{"line":35,"column":16},"end":{"line":35,"column":27}},"3":{"start":{"line":36,"column":2},"end":{"line":53,"column":4}}},"fnMap":{"0":{"name":"(anonymous_0)","decl":{"start":{"line":34,"column":17},"end":{"line":34,"column":18}},"loc":{"start":{"line":34,"column":44},"end":{"line":54,"column":1}},"line":34}},"branchMap":{"0":{"loc":{"start":{"line":39,"column":9},"end":{"line":47,"column":9}},"type":"cond-expr","locations":[{"start":{"line":40,"column":10},"end":{"line":42,"column":17}},{"start":{"line":44,"column":10},"end":{"line":46,"column":23}}],"line":39}},"s":{"0":1,"1":1,"2":2,"3":2},"f":{"0":2},"b":{"0":[1,1]},"_coverageSchema":"1a1c01bbd47fc00a2c39e90264f33305004495a9","hash":"391a49abb718f2ac1c312a29cfc5c5e066df9bf7"}
,"/home/mdsame/Documents/zemoso-training/react/blinkist/MyApp/blinkist/src/components/molecules/IconWithTypography/IconWithTypography.stories.tsx": {"path":"/home/mdsame/Documents/zemoso-training/react/blinkist/MyApp/blinkist/src/components/molecules/IconWithTypography/IconWithTypography.stories.tsx","statementMap":{"0":{"start":{"line":12,"column":60},"end":{"line":14,"column":1}},"1":{"start":{"line":13,"column":2},"end":{"line":13,"column":34}},"2":{"start":{"line":16,"column":24},"end":{"line":16,"column":41}},"3":{"start":{"line":17,"column":0},"end":{"line":21,"column":2}},"4":{"start":{"line":23,"column":24},"end":{"line":23,"column":41}},"5":{"start":{"line":24,"column":0},"end":{"line":28,"column":2}},"6":{"start":{"line":30,"column":32},"end":{"line":30,"column":49}},"7":{"start":{"line":31,"column":0},"end":{"line":35,"column":2}}},"fnMap":{"0":{"name":"(anonymous_0)","decl":{"start":{"line":12,"column":60},"end":{"line":12,"column":61}},"loc":{"start":{"line":13,"column":2},"end":{"line":13,"column":34}},"line":13}},"branchMap":{},"s":{"0":0,"1":0,"2":0,"3":0,"4":0,"5":0,"6":0,"7":0},"f":{"0":0},"b":{}}
,"/home/mdsame/Documents/zemoso-training/react/blinkist/MyApp/blinkist/src/components/molecules/IconWithTypography/IconWithTypography.tsx": {"path":"/home/mdsame/Documents/zemoso-training/react/blinkist/MyApp/blinkist/src/components/molecules/IconWithTypography/IconWithTypography.tsx","statementMap":{"0":{"start":{"line":27,"column":18},"end":{"line":35,"column":2}},"1":{"start":{"line":37,"column":27},"end":{"line":53,"column":1}},"2":{"start":{"line":38,"column":16},"end":{"line":38,"column":27}},"3":{"start":{"line":39,"column":2},"end":{"line":52,"column":4}}},"fnMap":{"0":{"name":"(anonymous_0)","decl":{"start":{"line":37,"column":27},"end":{"line":37,"column":28}},"loc":{"start":{"line":37,"column":63},"end":{"line":53,"column":1}},"line":37}},"branchMap":{},"s":{"0":5,"1":5,"2":16,"3":14},"f":{"0":16},"b":{},"_coverageSchema":"1a1c01bbd47fc00a2c39e90264f33305004495a9","hash":"57f69e6b3e48b8211553a166f1bb4af6bb6a95bf"}
,"/home/mdsame/Documents/zemoso-training/react/blinkist/MyApp/blinkist/src/components/molecules/SearchBar/SearchBar.stories.tsx": {"path":"/home/mdsame/Documents/zemoso-training/react/blinkist/MyApp/blinkist/src/components/molecules/SearchBar/SearchBar.stories.tsx","statementMap":{"0":{"start":{"line":9,"column":51},"end":{"line":9,"column":70}},"1":{"start":{"line":9,"column":57},"end":{"line":9,"column":70}},"2":{"start":{"line":11,"column":22},"end":{"line":11,"column":39}}},"fnMap":{"0":{"name":"(anonymous_0)","decl":{"start":{"line":9,"column":51},"end":{"line":9,"column":52}},"loc":{"start":{"line":9,"column":57},"end":{"line":9,"column":70}},"line":9}},"branchMap":{},"s":{"0":0,"1":0,"2":0},"f":{"0":0},"b":{}}
,"/home/mdsame/Documents/zemoso-training/react/blinkist/MyApp/blinkist/src/components/molecules/SearchBar/SearchBar.tsx": {"path":"/home/mdsame/Documents/zemoso-training/react/blinkist/MyApp/blinkist/src/components/molecules/SearchBar/SearchBar.tsx","statementMap":{"0":{"start":{"line":6,"column":18},"end":{"line":15,"column":2}},"1":{"start":{"line":17,"column":20},"end":{"line":23,"column":2}},"2":{"start":{"line":25,"column":20},"end":{"line":28,"column":2}},"3":{"start":{"line":30,"column":18},"end":{"line":53,"column":1}},"4":{"start":{"line":31,"column":30},"end":{"line":31,"column":42}},"5":{"start":{"line":32,"column":2},"end":{"line":32,"column":22}},"6":{"start":{"line":33,"column":16},"end":{"line":33,"column":27}},"7":{"start":{"line":34,"column":2},"end":{"line":52,"column":4}},"8":{"start":{"line":46,"column":29},"end":{"line":46,"column":54}}},"fnMap":{"0":{"name":"(anonymous_0)","decl":{"start":{"line":30,"column":18},"end":{"line":30,"column":19}},"loc":{"start":{"line":30,"column":24},"end":{"line":53,"column":1}},"line":30},"1":{"name":"(anonymous_1)","decl":{"start":{"line":46,"column":24},"end":{"line":46,"column":25}},"loc":{"start":{"line":46,"column":29},"end":{"line":46,"column":54}},"line":46}},"branchMap":{},"s":{"0":1,"1":1,"2":1,"3":1,"4":2,"5":2,"6":2,"7":2,"8":1},"f":{"0":2,"1":1},"b":{},"_coverageSchema":"1a1c01bbd47fc00a2c39e90264f33305004495a9","hash":"9b0ca61e43f1f7e965127cd7f82961539f36c408"}
,"/home/mdsame/Documents/zemoso-training/react/blinkist/MyApp/blinkist/src/components/organisms/Banner/Banner.stories.tsx": {"path":"/home/mdsame/Documents/zemoso-training/react/blinkist/MyApp/blinkist/src/components/organisms/Banner/Banner.stories.tsx","statementMap":{"0":{"start":{"line":5,"column":14},"end":{"line":19,"column":2}},"1":{"start":{"line":24,"column":24},"end":{"line":24,"column":78}},"2":{"start":{"line":27,"column":48},"end":{"line":27,"column":64}},"3":{"start":{"line":27,"column":54},"end":{"line":27,"column":64}},"4":{"start":{"line":29,"column":26},"end":{"line":29,"column":43}},"5":{"start":{"line":30,"column":0},"end":{"line":30,"column":21}}},"fnMap":{"0":{"name":"(anonymous_0)","decl":{"start":{"line":24,"column":15},"end":{"line":24,"column":16}},"loc":{"start":{"line":24,"column":24},"end":{"line":24,"column":78}},"line":24},"1":{"name":"(anonymous_1)","decl":{"start":{"line":27,"column":48},"end":{"line":27,"column":49}},"loc":{"start":{"line":27,"column":54},"end":{"line":27,"column":64}},"line":27}},"branchMap":{},"s":{"0":0,"1":0,"2":0,"3":0,"4":0,"5":0},"f":{"0":0,"1":0},"b":{}}
,"/home/mdsame/Documents/zemoso-training/react/blinkist/MyApp/blinkist/src/components/organisms/Banner/Banner.tsx": {"path":"/home/mdsame/Documents/zemoso-training/react/blinkist/MyApp/blinkist/src/components/organisms/Banner/Banner.tsx","statementMap":{"0":{"start":{"line":11,"column":14},"end":{"line":32,"column":2}},"1":{"start":{"line":34,"column":19},"end":{"line":41,"column":2}},"2":{"start":{"line":43,"column":23},"end":{"line":50,"column":2}},"3":{"start":{"line":52,"column":19},"end":{"line":55,"column":2}},"4":{"start":{"line":57,"column":21},"end":{"line":60,"column":2}},"5":{"start":{"line":62,"column":20},"end":{"line":62,"column":37}},"6":{"start":{"line":64,"column":15},"end":{"line":88,"column":1}},"7":{"start":{"line":65,"column":2},"end":{"line":87,"column":4}}},"fnMap":{"0":{"name":"(anonymous_0)","decl":{"start":{"line":64,"column":15},"end":{"line":64,"column":16}},"loc":{"start":{"line":64,"column":39},"end":{"line":88,"column":1}},"line":64}},"branchMap":{},"s":{"0":1,"1":1,"2":1,"3":1,"4":1,"5":1,"6":1,"7":1},"f":{"0":1},"b":{},"_coverageSchema":"1a1c01bbd47fc00a2c39e90264f33305004495a9","hash":"d535a585c978aa55e62b69855b89fada71d9f7ad"}
,"/home/mdsame/Documents/zemoso-training/react/blinkist/MyApp/blinkist/src/components/organisms/BookTab/BookTab.stories.tsx": {"path":"/home/mdsame/Documents/zemoso-training/react/blinkist/MyApp/blinkist/src/components/organisms/BookTab/BookTab.stories.tsx","statementMap":{"0":{"start":{"line":5,"column":14},"end":{"line":49,"column":2}},"1":{"start":{"line":56,"column":49},"end":{"line":60,"column":1}},"2":{"start":{"line":57,"column":2},"end":{"line":59,"column":18}},"3":{"start":{"line":62,"column":28},"end":{"line":62,"column":45}},"4":{"start":{"line":63,"column":0},"end":{"line":63,"column":23}}},"fnMap":{"0":{"name":"(anonymous_0)","decl":{"start":{"line":56,"column":49},"end":{"line":56,"column":50}},"loc":{"start":{"line":57,"column":2},"end":{"line":59,"column":18}},"line":57}},"branchMap":{},"s":{"0":0,"1":0,"2":0,"3":0,"4":0},"f":{"0":0},"b":{}}
,"/home/mdsame/Documents/zemoso-training/react/blinkist/MyApp/blinkist/src/components/organisms/BookTab/BookTab.tsx": {"path":"/home/mdsame/Documents/zemoso-training/react/blinkist/MyApp/blinkist/src/components/organisms/BookTab/BookTab.tsx","statementMap":{"0":{"start":{"line":12,"column":14},"end":{"line":56,"column":2}},"1":{"start":{"line":58,"column":18},"end":{"line":64,"column":2}},"2":{"start":{"line":66,"column":19},"end":{"line":69,"column":2}},"3":{"start":{"line":71,"column":16},"end":{"line":135,"column":1}},"4":{"start":{"line":72,"column":28},"end":{"line":72,"column":47}},"5":{"start":{"line":74,"column":23},"end":{"line":76,"column":3}},"6":{"start":{"line":75,"column":4},"end":{"line":75,"column":23}},"7":{"start":{"line":78,"column":16},"end":{"line":78,"column":27}},"8":{"start":{"line":80,"column":2},"end":{"line":134,"column":4}}},"fnMap":{"0":{"name":"(anonymous_0)","decl":{"start":{"line":71,"column":16},"end":{"line":71,"column":17}},"loc":{"start":{"line":71,"column":22},"end":{"line":135,"column":1}},"line":71},"1":{"name":"(anonymous_1)","decl":{"start":{"line":74,"column":23},"end":{"line":74,"column":24}},"loc":{"start":{"line":74,"column":74},"end":{"line":76,"column":3}},"line":74}},"branchMap":{},"s":{"0":2,"1":2,"2":2,"3":2,"4":5,"5":5,"6":2,"7":5,"8":5},"f":{"0":5,"1":2},"b":{},"_coverageSchema":"1a1c01bbd47fc00a2c39e90264f33305004495a9","hash":"0b0707ea99f77c004db667a70e40da8c80e5a68b"}
,"/home/mdsame/Documents/zemoso-training/react/blinkist/MyApp/blinkist/src/components/organisms/BookView/BookView.stories.tsx": {"path":"/home/mdsame/Documents/zemoso-training/react/blinkist/MyApp/blinkist/src/components/organisms/BookView/BookView.stories.tsx","statementMap":{"0":{"start":{"line":10,"column":14},"end":{"line":57,"column":2}},"1":{"start":{"line":59,"column":50},"end":{"line":63,"column":1}},"2":{"start":{"line":60,"column":2},"end":{"line":62,"column":18}},"3":{"start":{"line":65,"column":29},"end":{"line":65,"column":46}},"4":{"start":{"line":66,"column":0},"end":{"line":66,"column":24}}},"fnMap":{"0":{"name":"(anonymous_0)","decl":{"start":{"line":59,"column":50},"end":{"line":59,"column":51}},"loc":{"start":{"line":60,"column":2},"end":{"line":62,"column":18}},"line":60}},"branchMap":{},"s":{"0":0,"1":0,"2":0,"3":0,"4":0},"f":{"0":0},"b":{}}
,"/home/mdsame/Documents/zemoso-training/react/blinkist/MyApp/blinkist/src/components/organisms/BookView/BookView.tsx": {"path":"/home/mdsame/Documents/zemoso-training/react/blinkist/MyApp/blinkist/src/components/organisms/BookView/BookView.tsx","statementMap":{"0":{"start":{"line":29,"column":20},"end":{"line":34,"column":2}},"1":{"start":{"line":36,"column":19},"end":{"line":41,"column":2}},"2":{"start":{"line":43,"column":19},"end":{"line":46,"column":2}},"3":{"start":{"line":48,"column":18},"end":{"line":50,"column":2}},"4":{"start":{"line":52,"column":21},"end":{"line":55,"column":2}},"5":{"start":{"line":57,"column":17},"end":{"line":190,"column":1}},"6":{"start":{"line":58,"column":34},"end":{"line":71,"column":4}},"7":{"start":{"line":73,"column":40},"end":{"line":73,"column":55}},"8":{"start":{"line":75,"column":27},"end":{"line":77,"column":3}},"9":{"start":{"line":76,"column":4},"end":{"line":76,"column":25}},"10":{"start":{"line":79,"column":27},"end":{"line":81,"column":3}},"11":{"start":{"line":80,"column":4},"end":{"line":80,"column":26}},"12":{"start":{"line":83,"column":23},"end":{"line":86,"column":3}},"13":{"start":{"line":84,"column":4},"end":{"line":84,"column":37}},"14":{"start":{"line":85,"column":4},"end":{"line":85,"column":47}},"15":{"start":{"line":88,"column":2},"end":{"line":95,"column":17}},"16":{"start":{"line":89,"column":20},"end":{"line":93,"column":5}},"17":{"start":{"line":90,"column":23},"end":{"line":90,"column":49}},"18":{"start":{"line":91,"column":21},"end":{"line":91,"column":34}},"19":{"start":{"line":92,"column":6},"end":{"line":92,"column":29}},"20":{"start":{"line":94,"column":4},"end":{"line":94,"column":14}},"21":{"start":{"line":98,"column":2},"end":{"line":100,"column":3}},"22":{"start":{"line":99,"column":4},"end":{"line":99,"column":48}},"23":{"start":{"line":102,"column":2},"end":{"line":189,"column":4}},"24":{"start":{"line":156,"column":33},"end":{"line":156,"column":49}}},"fnMap":{"0":{"name":"(anonymous_0)","decl":{"start":{"line":57,"column":17},"end":{"line":57,"column":18}},"loc":{"start":{"line":57,"column":23},"end":{"line":190,"column":1}},"line":57},"1":{"name":"(anonymous_1)","decl":{"start":{"line":75,"column":27},"end":{"line":75,"column":28}},"loc":{"start":{"line":75,"column":33},"end":{"line":77,"column":3}},"line":75},"2":{"name":"(anonymous_2)","decl":{"start":{"line":79,"column":27},"end":{"line":79,"column":28}},"loc":{"start":{"line":79,"column":33},"end":{"line":81,"column":3}},"line":79},"3":{"name":"(anonymous_3)","decl":{"start":{"line":83,"column":23},"end":{"line":83,"column":24}},"loc":{"start":{"line":83,"column":46},"end":{"line":86,"column":3}},"line":83},"4":{"name":"(anonymous_4)","decl":{"start":{"line":88,"column":12},"end":{"line":88,"column":13}},"loc":{"start":{"line":88,"column":18},"end":{"line":95,"column":3}},"line":88},"5":{"name":"(anonymous_5)","decl":{"start":{"line":89,"column":20},"end":{"line":89,"column":21}},"loc":{"start":{"line":89,"column":32},"end":{"line":93,"column":5}},"line":89},"6":{"name":"(anonymous_6)","decl":{"start":{"line":156,"column":27},"end":{"line":156,"column":28}},"loc":{"start":{"line":156,"column":33},"end":{"line":156,"column":49}},"line":156}},"branchMap":{"0":{"loc":{"start":{"line":98,"column":2},"end":{"line":100,"column":3}},"type":"if","locations":[{"start":{"line":98,"column":2},"end":{"line":100,"column":3}},{"start":{},"end":{}}],"line":98}},"s":{"0":1,"1":1,"2":1,"3":1,"4":1,"5":1,"6":2,"7":2,"8":2,"9":0,"10":2,"11":0,"12":2,"13":0,"14":0,"15":2,"16":2,"17":2,"18":0,"19":0,"20":2,"21":2,"22":0,"23":2,"24":0},"f":{"0":2,"1":0,"2":0,"3":0,"4":2,"5":2,"6":0},"b":{"0":[0,2]},"_coverageSchema":"1a1c01bbd47fc00a2c39e90264f33305004495a9","hash":"e361737233d35a770e293d0be276382d3d561be5"}
,"/home/mdsame/Documents/zemoso-training/react/blinkist/MyApp/blinkist/src/components/organisms/Card/Card.stories.tsx": {"path":"/home/mdsame/Documents/zemoso-training/react/blinkist/MyApp/blinkist/src/components/organisms/Card/Card.stories.tsx","statementMap":{"0":{"start":{"line":6,"column":14},"end":{"line":35,"column":2}},"1":{"start":{"line":42,"column":46},"end":{"line":46,"column":1}},"2":{"start":{"line":43,"column":2},"end":{"line":45,"column":18}},"3":{"start":{"line":48,"column":25},"end":{"line":48,"column":42}},"4":{"start":{"line":49,"column":0},"end":{"line":56,"column":2}},"5":{"start":{"line":58,"column":28},"end":{"line":58,"column":45}},"6":{"start":{"line":59,"column":0},"end":{"line":66,"column":2}},"7":{"start":{"line":68,"column":32},"end":{"line":68,"column":49}},"8":{"start":{"line":69,"column":0},"end":{"line":77,"column":2}}},"fnMap":{"0":{"name":"(anonymous_0)","decl":{"start":{"line":42,"column":46},"end":{"line":42,"column":47}},"loc":{"start":{"line":43,"column":2},"end":{"line":45,"column":18}},"line":43}},"branchMap":{},"s":{"0":0,"1":0,"2":0,"3":0,"4":0,"5":0,"6":0,"7":0,"8":0},"f":{"0":0},"b":{}}
,"/home/mdsame/Documents/zemoso-training/react/blinkist/MyApp/blinkist/src/components/organisms/Card/Card.tsx": {"path":"/home/mdsame/Documents/zemoso-training/react/blinkist/MyApp/blinkist/src/components/organisms/Card/Card.tsx","statementMap":{"0":{"start":{"line":29,"column":14},"end":{"line":58,"column":2}},"1":{"start":{"line":60,"column":18},"end":{"line":159,"column":2}},"2":{"start":{"line":161,"column":13},"end":{"line":297,"column":1}},"3":{"start":{"line":162,"column":38},"end":{"line":162,"column":53}},"4":{"start":{"line":164,"column":34},"end":{"line":177,"column":4}},"5":{"start":{"line":179,"column":23},"end":{"line":186,"column":3}},"6":{"start":{"line":180,"column":4},"end":{"line":184,"column":5}},"7":{"start":{"line":181,"column":6},"end":{"line":181,"column":40}},"8":{"start":{"line":183,"column":6},"end":{"line":183,"column":39}},"9":{"start":{"line":185,"column":4},"end":{"line":185,"column":47}},"10":{"start":{"line":188,"column":2},"end":{"line":195,"column":20}},"11":{"start":{"line":189,"column":20},"end":{"line":193,"column":5}},"12":{"start":{"line":190,"column":23},"end":{"line":190,"column":55}},"13":{"start":{"line":191,"column":21},"end":{"line":191,"column":34}},"14":{"start":{"line":192,"column":6},"end":{"line":192,"column":26}},"15":{"start":{"line":194,"column":4},"end":{"line":194,"column":25}},"16":{"start":{"line":197,"column":27},"end":{"line":199,"column":3}},"17":{"start":{"line":198,"column":4},"end":{"line":198,"column":24}},"18":{"start":{"line":201,"column":27},"end":{"line":203,"column":3}},"19":{"start":{"line":202,"column":4},"end":{"line":202,"column":25}},"20":{"start":{"line":208,"column":2},"end":{"line":222,"column":3}},"21":{"start":{"line":209,"column":4},"end":{"line":212,"column":6}},"22":{"start":{"line":213,"column":4},"end":{"line":216,"column":6}},"23":{"start":{"line":218,"column":4},"end":{"line":220,"column":6}},"24":{"start":{"line":221,"column":4},"end":{"line":221,"column":19}},"25":{"start":{"line":224,"column":16},"end":{"line":224,"column":27}},"26":{"start":{"line":226,"column":2},"end":{"line":296,"column":4}},"27":{"start":{"line":263,"column":29},"end":{"line":263,"column":54}},"28":{"start":{"line":273,"column":29},"end":{"line":273,"column":54}}},"fnMap":{"0":{"name":"(anonymous_0)","decl":{"start":{"line":161,"column":13},"end":{"line":161,"column":14}},"loc":{"start":{"line":161,"column":35},"end":{"line":297,"column":1}},"line":161},"1":{"name":"(anonymous_1)","decl":{"start":{"line":179,"column":23},"end":{"line":179,"column":24}},"loc":{"start":{"line":179,"column":46},"end":{"line":186,"column":3}},"line":179},"2":{"name":"(anonymous_2)","decl":{"start":{"line":188,"column":12},"end":{"line":188,"column":13}},"loc":{"start":{"line":188,"column":18},"end":{"line":195,"column":3}},"line":188},"3":{"name":"(anonymous_3)","decl":{"start":{"line":189,"column":20},"end":{"line":189,"column":21}},"loc":{"start":{"line":189,"column":43},"end":{"line":193,"column":5}},"line":189},"4":{"name":"(anonymous_4)","decl":{"start":{"line":197,"column":27},"end":{"line":197,"column":28}},"loc":{"start":{"line":197,"column":33},"end":{"line":199,"column":3}},"line":197},"5":{"name":"(anonymous_5)","decl":{"start":{"line":201,"column":27},"end":{"line":201,"column":28}},"loc":{"start":{"line":201,"column":33},"end":{"line":203,"column":3}},"line":201},"6":{"name":"(anonymous_6)","decl":{"start":{"line":263,"column":23},"end":{"line":263,"column":24}},"loc":{"start":{"line":263,"column":29},"end":{"line":263,"column":54}},"line":263},"7":{"name":"(anonymous_7)","decl":{"start":{"line":273,"column":23},"end":{"line":273,"column":24}},"loc":{"start":{"line":273,"column":29},"end":{"line":273,"column":54}},"line":273}},"branchMap":{"0":{"loc":{"start":{"line":180,"column":4},"end":{"line":184,"column":5}},"type":"if","locations":[{"start":{"line":180,"column":4},"end":{"line":184,"column":5}},{"start":{"line":182,"column":11},"end":{"line":184,"column":5}}],"line":180},"1":{"loc":{"start":{"line":208,"column":2},"end":{"line":222,"column":3}},"type":"if","locations":[{"start":{"line":208,"column":2},"end":{"line":222,"column":3}},{"start":{"line":217,"column":9},"end":{"line":222,"column":3}}],"line":208},"2":{"loc":{"start":{"line":249,"column":15},"end":{"line":255,"column":15}},"type":"cond-expr","locations":[{"start":{"line":249,"column":35},"end":{"line":249,"column":39}},{"start":{"line":250,"column":16},"end":{"line":254,"column":18}}],"line":249},"3":{"loc":{"start":{"line":259,"column":11},"end":{"line":267,"column":18}},"type":"cond-expr","locations":[{"start":{"line":260,"column":12},"end":{"line":266,"column":25}},{"start":{"line":267,"column":14},"end":{"line":267,"column":18}}],"line":259},"4":{"loc":{"start":{"line":269,"column":11},"end":{"line":277,"column":18}},"type":"cond-expr","locations":[{"start":{"line":270,"column":12},"end":{"line":276,"column":25}},{"start":{"line":277,"column":14},"end":{"line":277,"column":18}}],"line":269},"5":{"loc":{"start":{"line":279,"column":11},"end":{"line":292,"column":18}},"type":"cond-expr","locations":[{"start":{"line":280,"column":12},"end":{"line":291,"column":24}},{"start":{"line":292,"column":14},"end":{"line":292,"column":18}}],"line":279}},"s":{"0":2,"1":2,"2":2,"3":6,"4":5,"5":5,"6":0,"7":0,"8":0,"9":0,"10":5,"11":5,"12":5,"13":0,"14":0,"15":5,"16":5,"17":0,"18":5,"19":0,"20":5,"21":0,"22":0,"23":5,"24":5,"25":5,"26":5,"27":0,"28":0},"f":{"0":6,"1":0,"2":5,"3":5,"4":0,"5":0,"6":0,"7":0},"b":{"0":[0,0],"1":[0,5],"2":[1,4],"3":[3,2],"4":[1,4],"5":[1,4]},"_coverageSchema":"1a1c01bbd47fc00a2c39e90264f33305004495a9","hash":"75b6f57e70a40a0de098cac326f7aa40ef645b2e"}
,"/home/mdsame/Documents/zemoso-training/react/blinkist/MyApp/blinkist/src/components/organisms/DisplayCard/DisplayCard.stories.tsx": {"path":"/home/mdsame/Documents/zemoso-training/react/blinkist/MyApp/blinkist/src/components/organisms/DisplayCard/DisplayCard.stories.tsx","statementMap":{"0":{"start":{"line":7,"column":14},"end":{"line":22,"column":2}},"1":{"start":{"line":29,"column":53},"end":{"line":35,"column":1}},"2":{"start":{"line":30,"column":2},"end":{"line":34,"column":18}},"3":{"start":{"line":37,"column":32},"end":{"line":37,"column":49}},"4":{"start":{"line":38,"column":0},"end":{"line":41,"column":2}}},"fnMap":{"0":{"name":"(anonymous_0)","decl":{"start":{"line":29,"column":53},"end":{"line":29,"column":54}},"loc":{"start":{"line":30,"column":2},"end":{"line":34,"column":18}},"line":30}},"branchMap":{},"s":{"0":0,"1":0,"2":0,"3":0,"4":0},"f":{"0":0},"b":{}}
,"/home/mdsame/Documents/zemoso-training/react/blinkist/MyApp/blinkist/src/components/organisms/DisplayCard/DisplayCard.tsx": {"path":"/home/mdsame/Documents/zemoso-training/react/blinkist/MyApp/blinkist/src/components/organisms/DisplayCard/DisplayCard.tsx","statementMap":{"0":{"start":{"line":30,"column":14},"end":{"line":45,"column":2}},"1":{"start":{"line":47,"column":18},"end":{"line":54,"column":2}},"2":{"start":{"line":56,"column":19},"end":{"line":65,"column":2}},"3":{"start":{"line":67,"column":20},"end":{"line":117,"column":1}},"4":{"start":{"line":68,"column":34},"end":{"line":68,"column":54}},"5":{"start":{"line":70,"column":2},"end":{"line":78,"column":30}},"6":{"start":{"line":71,"column":4},"end":{"line":77,"column":5}},"7":{"start":{"line":72,"column":6},"end":{"line":72,"column":66}},"8":{"start":{"line":72,"column":42},"end":{"line":72,"column":63}},"9":{"start":{"line":74,"column":6},"end":{"line":76,"column":69}},"10":{"start":{"line":75,"column":46},"end":{"line":75,"column":67}},"11":{"start":{"line":76,"column":46},"end":{"line":76,"column":66}},"12":{"start":{"line":80,"column":19},"end":{"line":80,"column":32}},"13":{"start":{"line":81,"column":30},"end":{"line":81,"column":40}},"14":{"start":{"line":83,"column":26},"end":{"line":87,"column":3}},"15":{"start":{"line":84,"column":4},"end":{"line":86,"column":5}},"16":{"start":{"line":85,"column":6},"end":{"line":85,"column":65}},"17":{"start":{"line":88,"column":16},"end":{"line":88,"column":27}},"18":{"start":{"line":89,"column":2},"end":{"line":116,"column":4}},"19":{"start":{"line":98,"column":14},"end":{"line":111,"column":16}},"20":{"start":{"line":108,"column":33},"end":{"line":108,"column":55}}},"fnMap":{"0":{"name":"(anonymous_0)","decl":{"start":{"line":67,"column":20},"end":{"line":67,"column":21}},"loc":{"start":{"line":67,"column":42},"end":{"line":117,"column":1}},"line":67},"1":{"name":"(anonymous_1)","decl":{"start":{"line":70,"column":12},"end":{"line":70,"column":13}},"loc":{"start":{"line":70,"column":18},"end":{"line":78,"column":3}},"line":70},"2":{"name":"(anonymous_2)","decl":{"start":{"line":72,"column":34},"end":{"line":72,"column":35}},"loc":{"start":{"line":72,"column":42},"end":{"line":72,"column":63}},"line":72},"3":{"name":"(anonymous_3)","decl":{"start":{"line":75,"column":38},"end":{"line":75,"column":39}},"loc":{"start":{"line":75,"column":46},"end":{"line":75,"column":67}},"line":75},"4":{"name":"(anonymous_4)","decl":{"start":{"line":76,"column":38},"end":{"line":76,"column":39}},"loc":{"start":{"line":76,"column":46},"end":{"line":76,"column":66}},"line":76},"5":{"name":"(anonymous_5)","decl":{"start":{"line":83,"column":26},"end":{"line":83,"column":27}},"loc":{"start":{"line":83,"column":45},"end":{"line":87,"column":3}},"line":83},"6":{"name":"(anonymous_6)","decl":{"start":{"line":97,"column":17},"end":{"line":97,"column":18}},"loc":{"start":{"line":97,"column":34},"end":{"line":112,"column":13}},"line":97},"7":{"name":"(anonymous_7)","decl":{"start":{"line":108,"column":27},"end":{"line":108,"column":28}},"loc":{"start":{"line":108,"column":33},"end":{"line":108,"column":55}},"line":108}},"branchMap":{"0":{"loc":{"start":{"line":71,"column":4},"end":{"line":77,"column":5}},"type":"if","locations":[{"start":{"line":71,"column":4},"end":{"line":77,"column":5}},{"start":{"line":73,"column":11},"end":{"line":77,"column":5}}],"line":71},"1":{"loc":{"start":{"line":74,"column":6},"end":{"line":76,"column":68}},"type":"cond-expr","locations":[{"start":{"line":75,"column":10},"end":{"line":75,"column":69}},{"start":{"line":76,"column":10},"end":{"line":76,"column":68}}],"line":74},"2":{"loc":{"start":{"line":84,"column":4},"end":{"line":86,"column":5}},"type":"if","locations":[{"start":{"line":84,"column":4},"end":{"line":86,"column":5}},{"start":{},"end":{}}],"line":84},"3":{"loc":{"start":{"line":85,"column":6},"end":{"line":85,"column":64}},"type":"cond-expr","locations":[{"start":{"line":85,"column":24},"end":{"line":85,"column":48}},{"start":{"line":85,"column":51},"end":{"line":85,"column":64}}],"line":85}},"s":{"0":0,"1":0,"2":0,"3":0,"4":0,"5":0,"6":0,"7":0,"8":0,"9":0,"10":0,"11":0,"12":0,"13":0,"14":0,"15":0,"16":0,"17":0,"18":0,"19":0,"20":0},"f":{"0":0,"1":0,"2":0,"3":0,"4":0,"5":0,"6":0,"7":0},"b":{"0":[0,0],"1":[0,0],"2":[0,0],"3":[0,0]}}
,"/home/mdsame/Documents/zemoso-training/react/blinkist/MyApp/blinkist/src/components/organisms/ExtendedNav/ExtendedNav.stories.tsx": {"path":"/home/mdsame/Documents/zemoso-training/react/blinkist/MyApp/blinkist/src/components/organisms/ExtendedNav/ExtendedNav.stories.tsx","statementMap":{"0":{"start":{"line":6,"column":14},"end":{"line":19,"column":2}},"1":{"start":{"line":26,"column":53},"end":{"line":32,"column":1}},"2":{"start":{"line":27,"column":2},"end":{"line":31,"column":18}},"3":{"start":{"line":34,"column":32},"end":{"line":34,"column":49}}},"fnMap":{"0":{"name":"(anonymous_0)","decl":{"start":{"line":26,"column":53},"end":{"line":26,"column":54}},"loc":{"start":{"line":27,"column":2},"end":{"line":31,"column":18}},"line":27}},"branchMap":{},"s":{"0":0,"1":0,"2":0,"3":0},"f":{"0":0},"b":{}}
,"/home/mdsame/Documents/zemoso-training/react/blinkist/MyApp/blinkist/src/components/organisms/ExtendedNav/ExtendedNav.tsx": {"path":"/home/mdsame/Documents/zemoso-training/react/blinkist/MyApp/blinkist/src/components/organisms/ExtendedNav/ExtendedNav.tsx","statementMap":{"0":{"start":{"line":10,"column":14},"end":{"line":23,"column":2}},"1":{"start":{"line":25,"column":18},"end":{"line":73,"column":2}},"2":{"start":{"line":75,"column":19},"end":{"line":84,"column":2}},"3":{"start":{"line":86,"column":20},"end":{"line":143,"column":1}},"4":{"start":{"line":87,"column":36},"end":{"line":90,"column":4}},"5":{"start":{"line":92,"column":2},"end":{"line":97,"column":18}},"6":{"start":{"line":93,"column":4},"end":{"line":96,"column":7}},"7":{"start":{"line":99,"column":16},"end":{"line":99,"column":27}},"8":{"start":{"line":101,"column":19},"end":{"line":101,"column":32}},"9":{"start":{"line":103,"column":30},"end":{"line":103,"column":40}},"10":{"start":{"line":105,"column":31},"end":{"line":107,"column":3}},"11":{"start":{"line":106,"column":4},"end":{"line":106,"column":64}},"12":{"start":{"line":109,"column":2},"end":{"line":142,"column":4}},"13":{"start":{"line":124,"column":16},"end":{"line":135,"column":18}}},"fnMap":{"0":{"name":"(anonymous_0)","decl":{"start":{"line":86,"column":20},"end":{"line":86,"column":21}},"loc":{"start":{"line":86,"column":26},"end":{"line":143,"column":1}},"line":86},"1":{"name":"(anonymous_1)","decl":{"start":{"line":92,"column":12},"end":{"line":92,"column":13}},"loc":{"start":{"line":92,"column":18},"end":{"line":97,"column":3}},"line":92},"2":{"name":"(anonymous_2)","decl":{"start":{"line":105,"column":31},"end":{"line":105,"column":32}},"loc":{"start":{"line":105,"column":37},"end":{"line":107,"column":3}},"line":105},"3":{"name":"(anonymous_3)","decl":{"start":{"line":123,"column":27},"end":{"line":123,"column":28}},"loc":{"start":{"line":123,"column":44},"end":{"line":136,"column":15}},"line":123}},"branchMap":{"0":{"loc":{"start":{"line":106,"column":4},"end":{"line":106,"column":63}},"type":"cond-expr","locations":[{"start":{"line":106,"column":22},"end":{"line":106,"column":47}},{"start":{"line":106,"column":50},"end":{"line":106,"column":63}}],"line":106}},"s":{"0":0,"1":0,"2":0,"3":0,"4":0,"5":0,"6":0,"7":0,"8":0,"9":0,"10":0,"11":0,"12":0,"13":0},"f":{"0":0,"1":0,"2":0,"3":0},"b":{"0":[0,0]}}
,"/home/mdsame/Documents/zemoso-training/react/blinkist/MyApp/blinkist/src/components/organisms/Footer/Footer.stories.tsx": {"path":"/home/mdsame/Documents/zemoso-training/react/blinkist/MyApp/blinkist/src/components/organisms/Footer/Footer.stories.tsx","statementMap":{"0":{"start":{"line":5,"column":14},"end":{"line":25,"column":2}},"1":{"start":{"line":32,"column":48},"end":{"line":36,"column":1}},"2":{"start":{"line":33,"column":2},"end":{"line":35,"column":18}},"3":{"start":{"line":38,"column":27},"end":{"line":38,"column":44}}},"fnMap":{"0":{"name":"(anonymous_0)","decl":{"start":{"line":32,"column":48},"end":{"line":32,"column":49}},"loc":{"start":{"line":33,"column":2},"end":{"line":35,"column":18}},"line":33}},"branchMap":{},"s":{"0":0,"1":0,"2":0,"3":0},"f":{"0":0},"b":{}}
,"/home/mdsame/Documents/zemoso-training/react/blinkist/MyApp/blinkist/src/components/organisms/Footer/Footer.tsx": {"path":"/home/mdsame/Documents/zemoso-training/react/blinkist/MyApp/blinkist/src/components/organisms/Footer/Footer.tsx","statementMap":{"0":{"start":{"line":10,"column":14},"end":{"line":30,"column":2}},"1":{"start":{"line":32,"column":14},"end":{"line":32,"column":39}},"2":{"start":{"line":34,"column":0},"end":{"line":34,"column":19}},"3":{"start":{"line":36,"column":21},"end":{"line":45,"column":2}},"4":{"start":{"line":47,"column":20},"end":{"line":55,"column":2}},"5":{"start":{"line":57,"column":18},"end":{"line":60,"column":2}},"6":{"start":{"line":62,"column":24},"end":{"line":66,"column":2}},"7":{"start":{"line":68,"column":19},"end":{"line":72,"column":2}},"8":{"start":{"line":74,"column":20},"end":{"line":80,"column":2}},"9":{"start":{"line":82,"column":15},"end":{"line":118,"column":1}},"10":{"start":{"line":83,"column":40},"end":{"line":83,"column":75}},"11":{"start":{"line":85,"column":2},"end":{"line":87,"column":20}},"12":{"start":{"line":86,"column":4},"end":{"line":86,"column":46}},"13":{"start":{"line":89,"column":2},"end":{"line":117,"column":4}}},"fnMap":{"0":{"name":"(anonymous_0)","decl":{"start":{"line":82,"column":15},"end":{"line":82,"column":16}},"loc":{"start":{"line":82,"column":21},"end":{"line":118,"column":1}},"line":82},"1":{"name":"(anonymous_1)","decl":{"start":{"line":85,"column":12},"end":{"line":85,"column":13}},"loc":{"start":{"line":85,"column":18},"end":{"line":87,"column":3}},"line":85}},"branchMap":{},"s":{"0":1,"1":1,"2":1,"3":1,"4":1,"5":1,"6":1,"7":1,"8":1,"9":1,"10":1,"11":1,"12":1,"13":1},"f":{"0":1,"1":1},"b":{},"_coverageSchema":"1a1c01bbd47fc00a2c39e90264f33305004495a9","hash":"b326a8c742df7ff73e878d0104f549ccc60ff79f"}
,"/home/mdsame/Documents/zemoso-training/react/blinkist/MyApp/blinkist/src/components/organisms/FooterNav/FooterNav.stories.tsx": {"path":"/home/mdsame/Documents/zemoso-training/react/blinkist/MyApp/blinkist/src/components/organisms/FooterNav/FooterNav.stories.tsx","statementMap":{"0":{"start":{"line":10,"column":51},"end":{"line":12,"column":1}},"1":{"start":{"line":11,"column":2},"end":{"line":11,"column":25}},"2":{"start":{"line":14,"column":24},"end":{"line":14,"column":41}},"3":{"start":{"line":16,"column":0},"end":{"line":19,"column":2}},"4":{"start":{"line":21,"column":25},"end":{"line":21,"column":42}},"5":{"start":{"line":23,"column":0},"end":{"line":26,"column":2}},"6":{"start":{"line":28,"column":24},"end":{"line":28,"column":41}},"7":{"start":{"line":30,"column":0},"end":{"line":33,"column":2}}},"fnMap":{"0":{"name":"(anonymous_0)","decl":{"start":{"line":10,"column":51},"end":{"line":10,"column":52}},"loc":{"start":{"line":11,"column":2},"end":{"line":11,"column":25}},"line":11}},"branchMap":{},"s":{"0":0,"1":0,"2":0,"3":0,"4":0,"5":0,"6":0,"7":0},"f":{"0":0},"b":{}}
,"/home/mdsame/Documents/zemoso-training/react/blinkist/MyApp/blinkist/src/components/organisms/FooterNav/FooterNav.tsx": {"path":"/home/mdsame/Documents/zemoso-training/react/blinkist/MyApp/blinkist/src/components/organisms/FooterNav/FooterNav.tsx","statementMap":{"0":{"start":{"line":10,"column":14},"end":{"line":30,"column":2}},"1":{"start":{"line":32,"column":22},"end":{"line":35,"column":2}},"2":{"start":{"line":37,"column":21},"end":{"line":39,"column":2}},"3":{"start":{"line":41,"column":18},"end":{"line":56,"column":1}},"4":{"start":{"line":42,"column":2},"end":{"line":55,"column":4}},"5":{"start":{"line":47,"column":10},"end":{"line":51,"column":12}}},"fnMap":{"0":{"name":"(anonymous_0)","decl":{"start":{"line":41,"column":18},"end":{"line":41,"column":19}},"loc":{"start":{"line":41,"column":45},"end":{"line":56,"column":1}},"line":41},"1":{"name":"(anonymous_1)","decl":{"start":{"line":46,"column":24},"end":{"line":46,"column":25}},"loc":{"start":{"line":46,"column":41},"end":{"line":52,"column":9}},"line":46}},"branchMap":{},"s":{"0":2,"1":2,"2":2,"3":2,"4":6,"5":26},"f":{"0":6,"1":26},"b":{},"_coverageSchema":"1a1c01bbd47fc00a2c39e90264f33305004495a9","hash":"d70178112e92f6d724b31f52527b00b2ca3f0439"}
,"/home/mdsame/Documents/zemoso-training/react/blinkist/MyApp/blinkist/src/components/organisms/Header/Header.stories.tsx": {"path":"/home/mdsame/Documents/zemoso-training/react/blinkist/MyApp/blinkist/src/components/organisms/Header/Header.stories.tsx","statementMap":{"0":{"start":{"line":6,"column":14},"end":{"line":21,"column":2}},"1":{"start":{"line":28,"column":48},"end":{"line":34,"column":1}},"2":{"start":{"line":29,"column":2},"end":{"line":33,"column":18}},"3":{"start":{"line":36,"column":27},"end":{"line":36,"column":44}}},"fnMap":{"0":{"name":"(anonymous_0)","decl":{"start":{"line":28,"column":48},"end":{"line":28,"column":49}},"loc":{"start":{"line":29,"column":2},"end":{"line":33,"column":18}},"line":29}},"branchMap":{},"s":{"0":0,"1":0,"2":0,"3":0},"f":{"0":0},"b":{}}
,"/home/mdsame/Documents/zemoso-training/react/blinkist/MyApp/blinkist/src/components/organisms/Header/Header.tsx": {"path":"/home/mdsame/Documents/zemoso-training/react/blinkist/MyApp/blinkist/src/components/organisms/Header/Header.tsx","statementMap":{"0":{"start":{"line":21,"column":14},"end":{"line":36,"column":2}},"1":{"start":{"line":38,"column":18},"end":{"line":82,"column":3}},"2":{"start":{"line":38,"column":36},"end":{"line":82,"column":1}},"3":{"start":{"line":84,"column":15},"end":{"line":195,"column":1}},"4":{"start":{"line":85,"column":40},"end":{"line":85,"column":55}},"5":{"start":{"line":86,"column":38},"end":{"line":86,"column":53}},"6":{"start":{"line":87,"column":50},"end":{"line":89,"column":4}},"7":{"start":{"line":90,"column":50},"end":{"line":92,"column":4}},"8":{"start":{"line":94,"column":19},"end":{"line":94,"column":32}},"9":{"start":{"line":96,"column":57},"end":{"line":96,"column":67}},"10":{"start":{"line":98,"column":30},"end":{"line":106,"column":3}},"11":{"start":{"line":99,"column":4},"end":{"line":99,"column":63}},"12":{"start":{"line":101,"column":4},"end":{"line":105,"column":5}},"13":{"start":{"line":102,"column":6},"end":{"line":102,"column":57}},"14":{"start":{"line":104,"column":6},"end":{"line":104,"column":59}},"15":{"start":{"line":108,"column":30},"end":{"line":116,"column":3}},"16":{"start":{"line":109,"column":4},"end":{"line":109,"column":60}},"17":{"start":{"line":111,"column":4},"end":{"line":115,"column":5}},"18":{"start":{"line":112,"column":6},"end":{"line":112,"column":57}},"19":{"start":{"line":114,"column":6},"end":{"line":114,"column":59}},"20":{"start":{"line":118,"column":16},"end":{"line":118,"column":27}},"21":{"start":{"line":119,"column":2},"end":{"line":194,"column":4}},"22":{"start":{"line":140,"column":20},"end":{"line":140,"column":74}},"23":{"start":{"line":156,"column":18},"end":{"line":156,"column":56}},"24":{"start":{"line":157,"column":18},"end":{"line":157,"column":38}},"25":{"start":{"line":183,"column":16},"end":{"line":183,"column":25}},"26":{"start":{"line":184,"column":16},"end":{"line":184,"column":49}}},"fnMap":{"0":{"name":"(anonymous_0)","decl":{"start":{"line":38,"column":29},"end":{"line":38,"column":30}},"loc":{"start":{"line":38,"column":36},"end":{"line":82,"column":1}},"line":38},"1":{"name":"(anonymous_1)","decl":{"start":{"line":84,"column":15},"end":{"line":84,"column":16}},"loc":{"start":{"line":84,"column":21},"end":{"line":195,"column":1}},"line":84},"2":{"name":"(anonymous_2)","decl":{"start":{"line":98,"column":30},"end":{"line":98,"column":31}},"loc":{"start":{"line":98,"column":36},"end":{"line":106,"column":3}},"line":98},"3":{"name":"(anonymous_3)","decl":{"start":{"line":108,"column":30},"end":{"line":108,"column":31}},"loc":{"start":{"line":108,"column":36},"end":{"line":116,"column":3}},"line":108},"4":{"name":"(anonymous_4)","decl":{"start":{"line":139,"column":27},"end":{"line":139,"column":28}},"loc":{"start":{"line":140,"column":20},"end":{"line":140,"column":74}},"line":140},"5":{"name":"(anonymous_5)","decl":{"start":{"line":155,"column":25},"end":{"line":155,"column":26}},"loc":{"start":{"line":155,"column":31},"end":{"line":158,"column":17}},"line":155},"6":{"name":"(anonymous_6)","decl":{"start":{"line":182,"column":23},"end":{"line":182,"column":24}},"loc":{"start":{"line":182,"column":29},"end":{"line":185,"column":15}},"line":182}},"branchMap":{"0":{"loc":{"start":{"line":99,"column":4},"end":{"line":99,"column":62}},"type":"cond-expr","locations":[{"start":{"line":99,"column":18},"end":{"line":99,"column":39}},{"start":{"line":99,"column":42},"end":{"line":99,"column":62}}],"line":99},"1":{"loc":{"start":{"line":101,"column":4},"end":{"line":105,"column":5}},"type":"if","locations":[{"start":{"line":101,"column":4},"end":{"line":105,"column":5}},{"start":{"line":103,"column":11},"end":{"line":105,"column":5}}],"line":101},"2":{"loc":{"start":{"line":109,"column":4},"end":{"line":109,"column":59}},"type":"cond-expr","locations":[{"start":{"line":109,"column":17},"end":{"line":109,"column":37}},{"start":{"line":109,"column":40},"end":{"line":109,"column":59}}],"line":109},"3":{"loc":{"start":{"line":111,"column":4},"end":{"line":115,"column":5}},"type":"if","locations":[{"start":{"line":111,"column":4},"end":{"line":115,"column":5}},{"start":{"line":113,"column":11},"end":{"line":115,"column":5}}],"line":111},"4":{"loc":{"start":{"line":125,"column":13},"end":{"line":168,"column":13}},"type":"cond-expr","locations":[{"start":{"line":126,"column":14},"end":{"line":152,"column":17}},{"start":{"line":154,"column":14},"end":{"line":167,"column":26}}],"line":125},"5":{"loc":{"start":{"line":140,"column":20},"end":{"line":140,"column":74}},"type":"cond-expr","locations":[{"start":{"line":140,"column":38},"end":{"line":140,"column":58}},{"start":{"line":140,"column":61},"end":{"line":140,"column":74}}],"line":140},"6":{"loc":{"start":{"line":171,"column":9},"end":{"line":171,"column":45}},"type":"cond-expr","locations":[{"start":{"line":171,"column":23},"end":{"line":171,"column":38}},{"start":{"line":171,"column":41},"end":{"line":171,"column":45}}],"line":171},"7":{"loc":{"start":{"line":172,"column":9},"end":{"line":191,"column":16}},"type":"cond-expr","locations":[{"start":{"line":173,"column":10},"end":{"line":190,"column":18}},{"start":{"line":191,"column":12},"end":{"line":191,"column":16}}],"line":172},"8":{"loc":{"start":{"line":172,"column":9},"end":{"line":172,"column":38}},"type":"binary-expr","locations":[{"start":{"line":172,"column":9},"end":{"line":172,"column":24}},{"start":{"line":172,"column":28},"end":{"line":172,"column":38}}],"line":172}},"s":{"0":0,"1":0,"2":0,"3":0,"4":0,"5":0,"6":0,"7":0,"8":0,"9":0,"10":0,"11":0,"12":0,"13":0,"14":0,"15":0,"16":0,"17":0,"18":0,"19":0,"20":0,"21":0,"22":0,"23":0,"24":0,"25":0,"26":0},"f":{"0":0,"1":0,"2":0,"3":0,"4":0,"5":0,"6":0},"b":{"0":[0,0],"1":[0,0],"2":[0,0],"3":[0,0],"4":[0,0],"5":[0,0],"6":[0,0],"7":[0,0],"8":[0,0]}}
,"/home/mdsame/Documents/zemoso-training/react/blinkist/MyApp/blinkist/src/components/organisms/Tab/LabTabs.stories.tsx": {"path":"/home/mdsame/Documents/zemoso-training/react/blinkist/MyApp/blinkist/src/components/organisms/Tab/LabTabs.stories.tsx","statementMap":{"0":{"start":{"line":5,"column":14},"end":{"line":32,"column":2}},"1":{"start":{"line":39,"column":45},"end":{"line":43,"column":1}},"2":{"start":{"line":40,"column":2},"end":{"line":42,"column":18}},"3":{"start":{"line":45,"column":28},"end":{"line":45,"column":45}},"4":{"start":{"line":46,"column":0},"end":{"line":46,"column":23}}},"fnMap":{"0":{"name":"(anonymous_0)","decl":{"start":{"line":39,"column":45},"end":{"line":39,"column":46}},"loc":{"start":{"line":40,"column":2},"end":{"line":42,"column":18}},"line":40}},"branchMap":{},"s":{"0":0,"1":0,"2":0,"3":0,"4":0},"f":{"0":0},"b":{}}
,"/home/mdsame/Documents/zemoso-training/react/blinkist/MyApp/blinkist/src/components/organisms/Tab/LabTabs.tsx": {"path":"/home/mdsame/Documents/zemoso-training/react/blinkist/MyApp/blinkist/src/components/organisms/Tab/LabTabs.tsx","statementMap":{"0":{"start":{"line":14,"column":17},"end":{"line":33,"column":2}},"1":{"start":{"line":35,"column":18},"end":{"line":41,"column":2}},"2":{"start":{"line":43,"column":19},"end":{"line":51,"column":2}},"3":{"start":{"line":53,"column":16},"end":{"line":164,"column":1}},"4":{"start":{"line":54,"column":28},"end":{"line":54,"column":49}},"5":{"start":{"line":55,"column":38},"end":{"line":70,"column":4}},"6":{"start":{"line":72,"column":2},"end":{"line":79,"column":19}},"7":{"start":{"line":73,"column":20},"end":{"line":77,"column":5}},"8":{"start":{"line":74,"column":23},"end":{"line":74,"column":49}},"9":{"start":{"line":75,"column":21},"end":{"line":75,"column":34}},"10":{"start":{"line":76,"column":6},"end":{"line":76,"column":28}},"11":{"start":{"line":78,"column":4},"end":{"line":78,"column":14}},"12":{"start":{"line":81,"column":23},"end":{"line":83,"column":3}},"13":{"start":{"line":82,"column":4},"end":{"line":82,"column":23}},"14":{"start":{"line":85,"column":16},"end":{"line":85,"column":27}},"15":{"start":{"line":87,"column":2},"end":{"line":163,"column":4}},"16":{"start":{"line":122,"column":34},"end":{"line":122,"column":56}},"17":{"start":{"line":124,"column":20},"end":{"line":135,"column":22}},"18":{"start":{"line":142,"column":34},"end":{"line":142,"column":55}},"19":{"start":{"line":144,"column":20},"end":{"line":155,"column":22}}},"fnMap":{"0":{"name":"(anonymous_0)","decl":{"start":{"line":53,"column":16},"end":{"line":53,"column":17}},"loc":{"start":{"line":53,"column":22},"end":{"line":164,"column":1}},"line":53},"1":{"name":"(anonymous_1)","decl":{"start":{"line":72,"column":12},"end":{"line":72,"column":13}},"loc":{"start":{"line":72,"column":18},"end":{"line":79,"column":3}},"line":72},"2":{"name":"(anonymous_2)","decl":{"start":{"line":73,"column":20},"end":{"line":73,"column":21}},"loc":{"start":{"line":73,"column":32},"end":{"line":77,"column":5}},"line":73},"3":{"name":"(anonymous_3)","decl":{"start":{"line":81,"column":23},"end":{"line":81,"column":24}},"loc":{"start":{"line":81,"column":74},"end":{"line":83,"column":3}},"line":81},"4":{"name":"(anonymous_4)","decl":{"start":{"line":122,"column":26},"end":{"line":122,"column":27}},"loc":{"start":{"line":122,"column":34},"end":{"line":122,"column":56}},"line":122},"5":{"name":"(anonymous_5)","decl":{"start":{"line":123,"column":23},"end":{"line":123,"column":24}},"loc":{"start":{"line":123,"column":40},"end":{"line":136,"column":19}},"line":123},"6":{"name":"(anonymous_6)","decl":{"start":{"line":142,"column":26},"end":{"line":142,"column":27}},"loc":{"start":{"line":142,"column":34},"end":{"line":142,"column":55}},"line":142},"7":{"name":"(anonymous_7)","decl":{"start":{"line":143,"column":23},"end":{"line":143,"column":24}},"loc":{"start":{"line":143,"column":40},"end":{"line":156,"column":19}},"line":143}},"branchMap":{},"s":{"0":1,"1":1,"2":1,"3":1,"4":2,"5":2,"6":2,"7":1,"8":1,"9":0,"10":0,"11":1,"12":2,"13":1,"14":2,"15":2,"16":2,"17":2,"18":2,"19":0},"f":{"0":2,"1":1,"2":1,"3":1,"4":2,"5":2,"6":2,"7":0},"b":{},"_coverageSchema":"1a1c01bbd47fc00a2c39e90264f33305004495a9","hash":"56fcc2a3ada3e152b726c6b36ed8b69ce949c698"}
,"/home/mdsame/Documents/zemoso-training/react/blinkist/MyApp/blinkist/src/components/templates/BookDetail/BookDetail.tsx": {"path":"/home/mdsame/Documents/zemoso-training/react/blinkist/MyApp/blinkist/src/components/templates/BookDetail/BookDetail.tsx","statementMap":{"0":{"start":{"line":9,"column":14},"end":{"line":56,"column":2}},"1":{"start":{"line":58,"column":19},"end":{"line":68,"column":1}},"2":{"start":{"line":59,"column":2},"end":{"line":67,"column":4}}},"fnMap":{"0":{"name":"(anonymous_0)","decl":{"start":{"line":58,"column":19},"end":{"line":58,"column":20}},"loc":{"start":{"line":58,"column":45},"end":{"line":68,"column":1}},"line":58}},"branchMap":{},"s":{"0":0,"1":0,"2":0},"f":{"0":0},"b":{}}
,"/home/mdsame/Documents/zemoso-training/react/blinkist/MyApp/blinkist/src/components/templates/Entreprenuer/Entreprenuer.tsx": {"path":"/home/mdsame/Documents/zemoso-training/react/blinkist/MyApp/blinkist/src/components/templates/Entreprenuer/Entreprenuer.tsx","statementMap":{"0":{"start":{"line":14,"column":14},"end":{"line":29,"column":2}},"1":{"start":{"line":31,"column":18},"end":{"line":36,"column":2}},"2":{"start":{"line":38,"column":21},"end":{"line":43,"column":2}},"3":{"start":{"line":45,"column":22},"end":{"line":50,"column":2}},"4":{"start":{"line":52,"column":21},"end":{"line":57,"column":2}},"5":{"start":{"line":59,"column":21},"end":{"line":61,"column":2}},"6":{"start":{"line":63,"column":21},"end":{"line":78,"column":1}},"7":{"start":{"line":64,"column":16},"end":{"line":64,"column":27}},"8":{"start":{"line":65,"column":2},"end":{"line":77,"column":4}}},"fnMap":{"0":{"name":"(anonymous_0)","decl":{"start":{"line":63,"column":21},"end":{"line":63,"column":22}},"loc":{"start":{"line":63,"column":51},"end":{"line":78,"column":1}},"line":63}},"branchMap":{},"s":{"0":0,"1":0,"2":0,"3":0,"4":0,"5":0,"6":0,"7":0,"8":0},"f":{"0":0},"b":{}}
,"/home/mdsame/Documents/zemoso-training/react/blinkist/MyApp/blinkist/src/components/templates/LandingTemplate/LandingTemplate.tsx": {"path":"/home/mdsame/Documents/zemoso-training/react/blinkist/MyApp/blinkist/src/components/templates/LandingTemplate/LandingTemplate.tsx","statementMap":{"0":{"start":{"line":9,"column":18},"end":{"line":14,"column":2}},"1":{"start":{"line":16,"column":24},"end":{"line":25,"column":1}},"2":{"start":{"line":17,"column":16},"end":{"line":17,"column":27}},"3":{"start":{"line":18,"column":2},"end":{"line":24,"column":4}}},"fnMap":{"0":{"name":"(anonymous_0)","decl":{"start":{"line":16,"column":24},"end":{"line":16,"column":25}},"loc":{"start":{"line":16,"column":57},"end":{"line":25,"column":1}},"line":16}},"branchMap":{},"s":{"0":0,"1":0,"2":0,"3":0},"f":{"0":0},"b":{}}
,"/home/mdsame/Documents/zemoso-training/react/blinkist/MyApp/blinkist/src/components/templates/MyLibrary/MyLibrary.tsx": {"path":"/home/mdsame/Documents/zemoso-training/react/blinkist/MyApp/blinkist/src/components/templates/MyLibrary/MyLibrary.tsx","statementMap":{"0":{"start":{"line":13,"column":19},"end":{"line":28,"column":2}},"1":{"start":{"line":30,"column":18},"end":{"line":39,"column":2}},"2":{"start":{"line":41,"column":18},"end":{"line":57,"column":1}},"3":{"start":{"line":42,"column":16},"end":{"line":42,"column":27}},"4":{"start":{"line":43,"column":2},"end":{"line":56,"column":4}}},"fnMap":{"0":{"name":"(anonymous_0)","decl":{"start":{"line":41,"column":18},"end":{"line":41,"column":19}},"loc":{"start":{"line":41,"column":45},"end":{"line":57,"column":1}},"line":41}},"branchMap":{},"s":{"0":0,"1":0,"2":0,"3":0,"4":0},"f":{"0":0},"b":{}}
,"/home/mdsame/Documents/zemoso-training/react/blinkist/MyApp/blinkist/src/components/theme/theme.tsx": {"path":"/home/mdsame/Documents/zemoso-training/react/blinkist/MyApp/blinkist/src/components/theme/theme.tsx","statementMap":{"0":{"start":{"line":3,"column":14},"end":{"line":79,"column":2}}},"fnMap":{},"branchMap":{},"s":{"0":0},"f":{},"b":{}}
,"/home/mdsame/Documents/zemoso-training/react/blinkist/MyApp/blinkist/src/data/Constants.tsx": {"path":"/home/mdsame/Documents/zemoso-training/react/blinkist/MyApp/blinkist/src/data/Constants.tsx","statementMap":{"0":{"start":{"line":1,"column":18},"end":{"line":40,"column":1}}},"fnMap":{},"branchMap":{},"s":{"0":4},"f":{},"b":{},"_coverageSchema":"1a1c01bbd47fc00a2c39e90264f33305004495a9","hash":"cac4aa66a5055a038feaca5d8e7982122bd1c236"}
,"/home/mdsame/Documents/zemoso-training/react/blinkist/MyApp/blinkist/src/data/ExtendedNavData.tsx": {"path":"/home/mdsame/Documents/zemoso-training/react/blinkist/MyApp/blinkist/src/data/ExtendedNavData.tsx","statementMap":{"0":{"start":{"line":20,"column":24},"end":{"line":93,"column":1}}},"fnMap":{},"branchMap":{},"s":{"0":0},"f":{},"b":{}}
,"/home/mdsame/Documents/zemoso-training/react/blinkist/MyApp/blinkist/src/data/FooterNav.tsx": {"path":"/home/mdsame/Documents/zemoso-training/react/blinkist/MyApp/blinkist/src/data/FooterNav.tsx","statementMap":{"0":{"start":{"line":1,"column":18},"end":{"line":16,"column":1}}},"fnMap":{},"branchMap":{},"s":{"0":2},"f":{},"b":{},"_coverageSchema":"1a1c01bbd47fc00a2c39e90264f33305004495a9","hash":"010bd3a8cb652b6e052a59e34cd28922ad4fda9e"}
,"/home/mdsame/Documents/zemoso-training/react/blinkist/MyApp/blinkist/src/data/Library.tsx": {"path":"/home/mdsame/Documents/zemoso-training/react/blinkist/MyApp/blinkist/src/data/Library.tsx","statementMap":{"0":{"start":{"line":13,"column":16},"end":{"line":168,"column":1}}},"fnMap":{},"branchMap":{},"s":{"0":0},"f":{},"b":{}}
}
