TN:
SF:src/App.tsx
FN:7,(anonymous_0)
FNF:1
FNH:0
FNDA:0,(anonymous_0)
DA:7,0
DA:8,0
LF:2
LH:0
BRDA:14,0,0,0
BRDA:14,0,1,0
BRDA:20,1,0,0
BRDA:20,1,1,0
BRDA:26,2,0,0
BRDA:26,2,1,0
BRF:6
BRH:0
end_of_record
TN:
SF:src/index.tsx
FNF:0
FNH:0
DA:9,0
DA:21,0
LF:2
LH:0
BRF:0
BRH:0
end_of_record
TN:
SF:src/reportWebVitals.ts
FN:3,(anonymous_0)
FN:5,(anonymous_1)
FNF:2
FNH:0
FNDA:0,(anonymous_0)
FNDA:0,(anonymous_1)
DA:3,0
DA:4,0
DA:5,0
DA:6,0
DA:7,0
DA:8,0
DA:9,0
DA:10,0
LF:8
LH:0
BRDA:4,0,0,0
BRDA:4,0,1,0
BRDA:4,1,0,0
BRDA:4,1,1,0
BRF:4
BRH:0
end_of_record
TN:
SF:src/Pages/BookDetailPage/BookDetailPage.tsx
FN:6,(anonymous_0)
FNF:1
FNH:1
FNDA:1,(anonymous_0)
DA:6,1
DA:7,1
LF:2
LH:2
BRF:0
BRH:0
end_of_record
TN:
SF:src/Pages/EntrepreneurPage/EntrepreneurPage.tsx
FN:10,(anonymous_0)
FNF:1
FNH:1
FNDA:2,(anonymous_0)
DA:10,1
DA:11,2
LF:2
LH:2
BRF:0
BRH:0
end_of_record
TN:
SF:src/Pages/LandingPage/LandingPage.tsx
FN:6,(anonymous_0)
FNF:1
FNH:1
FNDA:1,(anonymous_0)
DA:6,1
DA:7,1
LF:2
LH:2
BRF:0
BRH:0
end_of_record
TN:
SF:src/Pages/LibraryPage/LibraryPage.tsx
FN:8,(anonymous_0)
FNF:1
FNH:1
FNDA:1,(anonymous_0)
DA:8,1
DA:9,1
LF:2
LH:2
BRF:0
BRH:0
end_of_record
TN:
SF:src/api/library.tsx
FNF:0
FNH:0
LF:0
LH:0
BRF:0
BRH:0
end_of_record
TN:
SF:src/auth0/auth0ProviderComponent.tsx
FN:8,(anonymous_0)
FN:13,(anonymous_1)
FNF:2
FNH:1
FNDA:5,(anonymous_0)
FNDA:0,(anonymous_1)
DA:8,2
DA:9,5
DA:10,3
DA:11,3
DA:13,3
DA:14,0
DA:17,3
LF:7
LH:6
BRF:0
BRH:0
end_of_record
TN:
SF:src/components/atoms/Icons/IconButtonComponent.stories.tsx
FN:12,(anonymous_0)
FNF:1
FNH:0
FNDA:0,(anonymous_0)
DA:12,0
DA:13,0
DA:16,0
DA:17,0
DA:21,0
DA:22,0
LF:6
LH:0
BRF:0
BRH:0
end_of_record
TN:
SF:src/components/atoms/Icons/IconButtonComponent.tsx
FN:12,(anonymous_0)
FNF:1
FNH:1
FNDA:356,(anonymous_0)
DA:12,17
DA:13,356
LF:2
LH:2
BRDA:17,0,0,1
BRDA:17,0,1,350
BRF:2
BRH:2
end_of_record
TN:
SF:src/components/atoms/Logo/Logo.stories.tsx
FN:9,(anonymous_0)
FNF:1
FNH:0
FNDA:0,(anonymous_0)
DA:9,0
DA:11,0
LF:2
LH:0
BRF:0
BRH:0
end_of_record
TN:
SF:src/components/atoms/Logo/Logo.tsx
FN:7,(anonymous_0)
FNF:1
FNH:1
FNDA:20,(anonymous_0)
DA:7,10
DA:8,20
LF:2
LH:2
BRF:0
BRH:0
end_of_record
TN:
SF:src/components/atoms/Typography/Typography.stories.tsx
FN:9,(anonymous_0)
FNF:1
FNH:0
FNDA:0,(anonymous_0)
DA:9,0
DA:10,0
DA:13,0
DA:14,0
DA:19,0
DA:20,0
DA:25,0
DA:26,0
DA:31,0
DA:32,0
LF:10
LH:0
BRF:0
BRH:0
end_of_record
TN:
SF:src/components/atoms/Typography/Typography.tsx
FN:24,(anonymous_0)
FNF:1
FNH:1
FNDA:884,(anonymous_0)
DA:24,21
DA:25,884
LF:2
LH:2
BRF:0
BRH:0
end_of_record
TN:
SF:src/components/molecules/AddButton/AddButton.stories.tsx
FN:36,(anonymous_0)
FNF:1
FNH:0
FNDA:0,(anonymous_0)
DA:8,0
DA:36,0
DA:37,0
DA:42,0
DA:44,0
DA:58,0
DA:60,0
LF:7
LH:0
BRF:0
BRH:0
end_of_record
TN:
SF:src/components/molecules/AddButton/AddButton.tsx
FN:25,(anonymous_0)
FNF:1
FNH:1
FNDA:161,(anonymous_0)
DA:13,13
DA:25,13
DA:26,161
LF:3
LH:3
BRF:0
BRH:0
end_of_record
TN:
SF:src/components/molecules/Dropdown/Dropdown.stories.tsx
FN:10,(anonymous_0)
FNF:1
FNH:0
FNDA:0,(anonymous_0)
DA:10,0
DA:11,0
DA:14,0
DA:15,0
DA:19,0
DA:20,0
LF:6
LH:0
BRF:0
BRH:0
end_of_record
TN:
SF:src/components/molecules/Dropdown/Dropdown.tsx
FN:34,(anonymous_0)
FNF:1
FNH:1
FNDA:2,(anonymous_0)
DA:16,9
DA:34,9
DA:35,2
DA:36,2
LF:4
LH:4
BRDA:39,0,0,1
BRDA:39,0,1,1
BRF:2
BRH:2
end_of_record
TN:
SF:src/components/molecules/IconWithTypography/IconWithTypography.stories.tsx
FN:12,(anonymous_0)
FNF:1
FNH:0
FNDA:0,(anonymous_0)
DA:12,0
DA:13,0
DA:16,0
DA:17,0
DA:23,0
DA:24,0
DA:30,0
DA:31,0
LF:8
LH:0
BRF:0
BRH:0
end_of_record
TN:
SF:src/components/molecules/IconWithTypography/IconWithTypography.tsx
FN:37,(anonymous_0)
FNF:1
FNH:1
FNDA:351,(anonymous_0)
DA:27,15
DA:37,15
DA:38,351
DA:39,346
LF:4
LH:4
BRF:0
BRH:0
end_of_record
TN:
SF:src/components/molecules/SearchBar/SearchBar.stories.tsx
FN:9,(anonymous_0)
FNF:1
FNH:0
FNDA:0,(anonymous_0)
DA:9,0
DA:11,0
LF:2
LH:0
BRF:0
BRH:0
end_of_record
TN:
SF:src/components/molecules/SearchBar/SearchBar.tsx
FN:30,(anonymous_0)
FN:46,(anonymous_1)
FNF:2
FNH:2
FNDA:4,(anonymous_0)
FNDA:1,(anonymous_1)
DA:6,3
DA:17,3
DA:25,3
DA:30,3
DA:31,4
DA:32,4
DA:33,4
DA:34,4
DA:46,1
LF:9
LH:9
BRF:0
BRH:0
end_of_record
TN:
SF:src/components/organisms/Banner/Banner.stories.tsx
FN:24,(anonymous_0)
FN:27,(anonymous_1)
FNF:2
FNH:0
FNDA:0,(anonymous_0)
FNDA:0,(anonymous_1)
DA:5,0
DA:24,0
DA:27,0
DA:29,0
DA:30,0
LF:5
LH:0
BRF:0
BRH:0
end_of_record
TN:
SF:src/components/organisms/Banner/Banner.tsx
FN:64,(anonymous_0)
FNF:1
FNH:1
FNDA:3,(anonymous_0)
DA:11,3
DA:34,3
DA:43,3
DA:52,3
DA:57,3
DA:62,3
DA:64,3
DA:65,3
LF:8
LH:8
BRF:0
BRH:0
end_of_record
TN:
SF:src/components/organisms/BookTab/BookTab.stories.tsx
FN:56,(anonymous_0)
FNF:1
FNH:0
FNDA:0,(anonymous_0)
DA:5,0
DA:56,0
DA:57,0
DA:62,0
DA:63,0
LF:5
LH:0
BRF:0
BRH:0
end_of_record
TN:
SF:src/components/organisms/BookTab/BookTab.tsx
FN:71,(anonymous_0)
FN:74,(anonymous_1)
FNF:2
FNH:2
FNDA:11,(anonymous_0)
FNDA:2,(anonymous_1)
DA:12,4
DA:58,4
DA:66,4
DA:71,4
DA:72,11
DA:74,11
DA:75,2
DA:78,11
DA:80,11
LF:9
LH:9
BRF:0
BRH:0
end_of_record
TN:
SF:src/components/organisms/BookView/BookView.stories.tsx
FN:59,(anonymous_0)
FNF:1
FNH:0
FNDA:0,(anonymous_0)
DA:10,0
DA:59,0
DA:60,0
DA:65,0
DA:66,0
LF:5
LH:0
BRF:0
BRH:0
end_of_record
TN:
SF:src/components/organisms/BookView/BookView.tsx
FN:57,(anonymous_0)
FN:75,(anonymous_1)
FN:79,(anonymous_2)
FN:83,(anonymous_3)
FN:88,(anonymous_4)
FN:89,(anonymous_5)
FN:156,(anonymous_6)
FNF:7
FNH:7
FNDA:8,(anonymous_0)
FNDA:1,(anonymous_1)
FNDA:1,(anonymous_2)
FNDA:1,(anonymous_3)
FNDA:6,(anonymous_4)
FNDA:6,(anonymous_5)
FNDA:1,(anonymous_6)
DA:29,3
DA:36,3
DA:43,3
DA:48,3
DA:52,3
DA:57,3
DA:58,8
DA:73,8
DA:75,8
DA:76,1
DA:79,8
DA:80,1
DA:83,8
DA:84,1
DA:85,1
DA:88,8
DA:89,6
DA:90,6
DA:91,0
DA:92,0
DA:94,6
DA:98,8
DA:99,1
DA:102,8
DA:156,1
LF:25
LH:23
BRDA:98,0,0,1
BRDA:98,0,1,7
BRF:2
BRH:2
end_of_record
TN:
SF:src/components/organisms/Card/Card.stories.tsx
FN:42,(anonymous_0)
FNF:1
FNH:0
FNDA:0,(anonymous_0)
DA:6,0
DA:42,0
DA:43,0
DA:48,0
DA:49,0
DA:58,0
DA:59,0
DA:68,0
DA:69,0
LF:9
LH:0
BRF:0
BRH:0
end_of_record
TN:
SF:src/components/organisms/Card/Card.tsx
FN:162,(anonymous_0)
FN:180,(anonymous_1)
FN:189,(anonymous_2)
FN:190,(anonymous_3)
FN:198,(anonymous_4)
FN:202,(anonymous_5)
FN:264,(anonymous_6)
FN:274,(anonymous_7)
FNF:8
FNH:3
FNDA:129,(anonymous_0)
FNDA:0,(anonymous_1)
FNDA:95,(anonymous_2)
FNDA:95,(anonymous_3)
FNDA:0,(anonymous_4)
FNDA:0,(anonymous_5)
FNDA:0,(anonymous_6)
FNDA:0,(anonymous_7)
DA:30,7
DA:61,7
DA:162,7
DA:163,129
DA:165,125
DA:180,125
DA:181,0
DA:182,0
DA:184,0
DA:186,0
DA:189,125
DA:190,95
DA:191,95
DA:192,0
DA:193,0
DA:195,95
DA:198,125
DA:199,0
DA:202,125
DA:203,0
DA:209,125
DA:210,0
DA:214,0
DA:219,125
DA:222,125
DA:225,125
DA:227,125
DA:264,0
DA:274,0
LF:29
LH:17
BRDA:181,0,0,0
BRDA:181,0,1,0
BRDA:209,1,0,0
BRDA:209,1,1,125
BRDA:250,2,0,69
BRDA:250,2,1,56
BRDA:260,3,0,5
BRDA:260,3,1,120
BRDA:270,4,0,1
BRDA:270,4,1,124
BRDA:280,5,0,119
BRDA:280,5,1,6
BRF:12
BRH:9
end_of_record
TN:
SF:src/components/organisms/DisplayCard/DisplayCard.stories.tsx
FN:29,(anonymous_0)
FNF:1
FNH:0
FNDA:0,(anonymous_0)
DA:7,0
DA:29,0
DA:30,0
DA:37,0
DA:38,0
LF:5
LH:0
BRF:0
BRH:0
end_of_record
TN:
SF:src/components/organisms/DisplayCard/DisplayCard.tsx
FN:67,(anonymous_0)
FN:70,(anonymous_1)
FN:72,(anonymous_2)
FN:75,(anonymous_3)
FN:76,(anonymous_4)
FN:83,(anonymous_5)
FN:99,(anonymous_6)
FN:111,(anonymous_7)
FNF:8
FNH:8
FNDA:20,(anonymous_0)
FNDA:8,(anonymous_1)
FNDA:11,(anonymous_2)
FNDA:11,(anonymous_3)
FNDA:66,(anonymous_4)
FNDA:1,(anonymous_5)
FNDA:118,(anonymous_6)
FNDA:1,(anonymous_7)
DA:30,3
DA:47,3
DA:56,3
DA:67,3
DA:68,20
DA:70,17
DA:71,8
DA:72,11
DA:74,7
DA:75,11
DA:76,66
DA:80,17
DA:81,17
DA:83,17
DA:84,1
DA:85,0
DA:87,1
DA:90,17
DA:91,17
DA:100,118
DA:111,1
LF:21
LH:20
BRDA:71,0,0,1
BRDA:71,0,1,7
BRDA:74,1,0,1
BRDA:74,1,1,6
BRDA:84,2,0,0
BRDA:84,2,1,1
BRDA:85,3,0,0
BRDA:85,3,1,0
BRF:8
BRH:5
end_of_record
TN:
SF:src/components/organisms/ExtendedNav/ExtendedNav.stories.tsx
FN:26,(anonymous_0)
FNF:1
FNH:0
FNDA:0,(anonymous_0)
DA:6,0
DA:26,0
DA:27,0
DA:34,0
LF:4
LH:0
BRF:0
BRH:0
end_of_record
TN:
SF:src/components/organisms/ExtendedNav/ExtendedNav.tsx
FN:86,(anonymous_0)
FN:92,(anonymous_1)
FN:105,(anonymous_2)
FN:123,(anonymous_3)
FNF:4
FNH:3
FNDA:3,(anonymous_0)
FNDA:1,(anonymous_1)
FNDA:0,(anonymous_2)
FNDA:36,(anonymous_3)
DA:10,9
DA:25,9
DA:75,9
DA:86,9
DA:87,3
DA:92,2
DA:93,1
DA:99,2
DA:101,2
DA:103,2
DA:105,2
DA:106,0
DA:109,2
DA:124,36
LF:14
LH:13
BRDA:106,0,0,0
BRDA:106,0,1,0
BRF:2
BRH:0
end_of_record
TN:
SF:src/components/organisms/Footer/Footer.stories.tsx
FN:32,(anonymous_0)
FNF:1
FNH:0
FNDA:0,(anonymous_0)
DA:5,0
DA:32,0
DA:33,0
DA:38,0
LF:4
LH:0
BRF:0
BRH:0
end_of_record
TN:
SF:src/components/organisms/Footer/Footer.tsx
FN:82,(anonymous_0)
FN:85,(anonymous_1)
FNF:2
FNH:2
FNDA:8,(anonymous_0)
FNDA:8,(anonymous_1)
DA:10,8
DA:32,8
DA:34,8
DA:36,8
DA:47,8
DA:57,8
DA:62,8
DA:68,8
DA:74,8
DA:82,8
DA:83,8
DA:85,8
DA:86,8
DA:89,8
LF:14
LH:14
BRF:0
BRH:0
end_of_record
TN:
SF:src/components/organisms/FooterNav/FooterNav.stories.tsx
FN:10,(anonymous_0)
FNF:1
FNH:0
FNDA:0,(anonymous_0)
DA:10,0
DA:11,0
DA:14,0
DA:16,0
DA:21,0
DA:23,0
DA:28,0
DA:30,0
LF:8
LH:0
BRF:0
BRH:0
end_of_record
TN:
SF:src/components/organisms/FooterNav/FooterNav.tsx
FN:41,(anonymous_0)
FN:46,(anonymous_1)
FNF:2
FNH:2
FNDA:27,(anonymous_0)
FNDA:117,(anonymous_1)
DA:10,9
DA:32,9
DA:37,9
DA:41,9
DA:42,27
DA:47,117
LF:6
LH:6
BRF:0
BRH:0
end_of_record
TN:
SF:src/components/organisms/Header/Header.stories.tsx
FN:28,(anonymous_0)
FNF:1
FNH:0
FNDA:0,(anonymous_0)
DA:6,0
DA:28,0
DA:29,0
DA:36,0
LF:4
LH:0
BRF:0
BRH:0
end_of_record
TN:
SF:src/components/organisms/Header/Header.tsx
FN:38,(anonymous_0)
FN:84,(anonymous_1)
FN:98,(anonymous_2)
FN:108,(anonymous_3)
FN:139,(anonymous_4)
FN:156,(anonymous_5)
FN:183,(anonymous_6)
FNF:7
FNH:2
FNDA:9,(anonymous_0)
FNDA:11,(anonymous_1)
FNDA:0,(anonymous_2)
FNDA:0,(anonymous_3)
FNDA:0,(anonymous_4)
FNDA:0,(anonymous_5)
FNDA:0,(anonymous_6)
DA:21,8
DA:38,9
DA:84,8
DA:85,11
DA:86,11
DA:87,11
DA:90,11
DA:94,11
DA:96,11
DA:98,11
DA:99,0
DA:101,0
DA:102,0
DA:104,0
DA:108,11
DA:109,0
DA:111,0
DA:112,0
DA:114,0
DA:118,11
DA:119,11
DA:140,0
DA:157,0
DA:158,0
DA:184,0
DA:185,0
LF:26
LH:13
BRDA:99,0,0,0
BRDA:99,0,1,0
BRDA:101,1,0,0
BRDA:101,1,1,0
BRDA:109,2,0,0
BRDA:109,2,1,0
BRDA:111,3,0,0
BRDA:111,3,1,0
BRDA:125,4,0,0
BRDA:125,4,1,11
BRDA:140,5,0,0
BRDA:140,5,1,0
BRDA:172,6,0,0
BRDA:172,6,1,11
BRDA:173,7,0,0
BRDA:173,7,1,11
BRDA:173,8,0,11
BRDA:173,8,1,0
BRF:18
BRH:4
end_of_record
TN:
SF:src/components/organisms/Tab/LabTabs.stories.tsx
FN:39,(anonymous_0)
FNF:1
FNH:0
FNDA:0,(anonymous_0)
DA:5,0
DA:39,0
DA:40,0
DA:45,0
DA:46,0
LF:5
LH:0
BRF:0
BRH:0
end_of_record
TN:
SF:src/components/organisms/Tab/LabTabs.tsx
FN:53,(anonymous_0)
FN:72,(anonymous_1)
FN:73,(anonymous_2)
FN:81,(anonymous_3)
FN:122,(anonymous_4)
FN:123,(anonymous_5)
FN:142,(anonymous_6)
FN:143,(anonymous_7)
FNF:8
FNH:7
FNDA:4,(anonymous_0)
FNDA:3,(anonymous_1)
FNDA:3,(anonymous_2)
FNDA:1,(anonymous_3)
FNDA:4,(anonymous_4)
FNDA:4,(anonymous_5)
FNDA:4,(anonymous_6)
FNDA:0,(anonymous_7)
DA:14,3
DA:35,3
DA:43,3
DA:53,3
DA:54,4
DA:55,4
DA:72,4
DA:73,3
DA:74,3
DA:75,0
DA:76,0
DA:78,3
DA:81,4
DA:82,1
DA:85,4
DA:87,4
DA:122,4
DA:124,4
DA:142,4
DA:144,0
LF:20
LH:17
BRF:0
BRH:0
end_of_record
TN:
SF:src/components/templates/BookDetail/BookDetail.tsx
FN:58,(anonymous_0)
FNF:1
FNH:1
FNDA:2,(anonymous_0)
DA:9,2
DA:58,2
DA:59,2
LF:3
LH:3
BRF:0
BRH:0
end_of_record
TN:
SF:src/components/templates/Entreprenuer/Entreprenuer.tsx
FN:63,(anonymous_0)
FNF:1
FNH:1
FNDA:4,(anonymous_0)
DA:14,2
DA:31,2
DA:38,2
DA:45,2
DA:52,2
DA:59,2
DA:63,2
DA:64,4
DA:65,2
LF:9
LH:9
BRF:0
BRH:0
end_of_record
TN:
SF:src/components/templates/LandingTemplate/LandingTemplate.tsx
FN:16,(anonymous_0)
FNF:1
FNH:1
FNDA:1,(anonymous_0)
DA:9,1
DA:16,1
DA:17,1
DA:18,1
LF:4
LH:4
BRF:0
BRH:0
end_of_record
TN:
SF:src/components/templates/MyLibrary/MyLibrary.tsx
FN:41,(anonymous_0)
FNF:1
FNH:1
FNDA:2,(anonymous_0)
DA:13,2
DA:30,2
DA:41,2
DA:42,2
DA:43,2
LF:5
LH:5
BRF:0
BRH:0
end_of_record
TN:
SF:src/components/theme/theme.tsx
FNF:0
FNH:0
DA:3,0
LF:1
LH:0
BRF:0
BRH:0
end_of_record
TN:
SF:src/data/Constants.tsx
FNF:0
FNH:0
DA:1,12
LF:1
LH:1
BRF:0
BRH:0
end_of_record
TN:
SF:src/data/ExtendedNavData.tsx
FNF:0
FNH:0
DA:20,9
LF:1
LH:1
BRF:0
BRH:0
end_of_record
TN:
SF:src/data/FooterNav.tsx
FNF:0
FNH:0
DA:1,9
LF:1
LH:1
BRF:0
BRH:0
end_of_record
TN:
SF:src/data/Library.tsx
FNF:0
FNH:0
DA:13,3
LF:1
LH:1
BRF:0
BRH:0
end_of_record
